2017-03-30T14:49:29,038 [main] DEBUG vladlitvin.parser.TariffParser - FOR_SMS[SMSPrice{withinNetwork="0.04";otherNetwork="0.07";otherCountry="1";}CallPrice{withinNetwork="0.04";otherNetwork="0.07";otherCountry="1";}InternetPrice{internet="0.04";}freeSMS="2000";name="Для_умного_дома";subscriptionFee="10";];
2017-03-30T14:49:29,054 [main] DEBUG vladlitvin.parser.UnitParser - freeSMS="2000";
2017-03-30T14:49:29,054 [main] DEBUG vladlitvin.parser.UnitParser - 2000
2017-03-30T14:49:29,069 [main] DEBUG vladlitvin.parser.TariffParser - FOR_SMS[SMSPrice{withinNetwork="0.04";otherNetwork="0.07";otherCountry="1";}];
2017-03-30T14:49:29,069 [main] DEBUG vladlitvin.parser.TariffParser - FOR_SMS[SMSPrice{withinNetwork="0.04";otherNetwork="0.07";otherCountry="1";}];
2017-03-30T14:49:29,069 [main] WARN vladlitvin.parser.TariffParser - Error add Tariff. class by.epam.vladlitvin.parser.PriceParser Illegal data format in "findCallPrice" method. 
2017-03-30T14:49:29,069 [main] DEBUG vladlitvin.parser.TariffParser - FOR_CALLS[SMSPrice{withinNetwork="0.04";otherNetwork="0.07";otherCountry="1";}CallPrice{withinNetwork="0.04";otherNetwork="0.07";otherCountry="1";}InternetPrice{internet="0.04";}freeMinutes="600";name="Безграничное_общение";subscriptionFee="20";];
2017-03-30T14:49:29,069 [main] DEBUG vladlitvin.parser.UnitParser - 600
2017-03-30T14:49:29,069 [main] DEBUG vladlitvin.parser.TariffParser - FOR_INTERNET[SMSPrice{withinNetwork="0.04";otherNetwork="0.07";otherCountry="1";}CallPrice{withinNetwork="0.04";otherNetwork="0.07";otherCountry="1";}InternetPrice{internet="0.04";}freeMegabytes="3000";name="Гуглить_не_перегуглить";subscriptionFee="20";];
2017-03-30T14:49:29,069 [main] DEBUG vladlitvin.parser.UnitParser - 3000
2017-03-30T14:49:29,069 [main] DEBUG vladlitvin.parser.TariffParser - FOR_INTERNET[ошибочка];
2017-03-30T14:49:29,069 [main] WARN vladlitvin.parser.TariffParser - Error add Tariff. class by.epam.vladlitvin.parser.PriceParser Illegal data format in "findCallPrice" method. 
2017-03-30T15:16:43,404 [main] INFO vladlitvin.reader.TariffFileReader - With file resources\inPutFile.txtread: 
FOR_SMS [ здесь всё будет хорошоSMSPrice {withinNetwork = "0.04";otherNetwork = "0.07";otherCountry = "1";}CallPrice {withinNetwork = "0.04";otherNetwork = "0.07";otherCountry = "1";}InternetPrice {internet = "0.04";}freeSMS = "2000";tariffName = "Для_умного_дома";subscriptionFee = "10";];FOR_SMS [ здесь должна быть ошибкаSMSPrice {withinNetwork = "0.04";otherNetwork = "0.07";otherCountry = "1";}];FOR_CALLS [ здесь не будет ошибкиSMSPrice {withinNetwork = "0.04";otherNetwork = "0.07";otherCountry = "1";}CallPrice {withinNetwork = "0.04";otherNetwork = "0.07";otherCountry = "1";}InternetPrice {internet = "0.04";}freeMinutes = "600";tariffName = "Безграничное_общение";subscriptionFee = "20";];FOR_INTERNET [SMSPrice {withinNetwork = "0.04";otherNetwork = "0.07";otherCountry = "1";}CallPrice {withinNetwork = "0.04";otherNetwork = "0.07";otherCountry = "1";}InternetPrice {internet = "0.04";}freeMegabytes = "3000";tariffName = "Гуглить_не_перегуглить";subscriptionFee = "20";];FOR_INTERNET [ошибочка];
2017-03-30T15:16:43,426 [main] DEBUG vladlitvin.parser.TariffParser - FOR_SMS[здесьвсёбудетхорошоSMSPrice{withinNetwork="0.04";otherNetwork="0.07";otherCountry="1";}CallPrice{withinNetwork="0.04";otherNetwork="0.07";otherCountry="1";}InternetPrice{internet="0.04";}freeSMS="2000";tariffName="Для_умного_дома";subscriptionFee="10";];
2017-03-30T15:16:43,426 [main] DEBUG vladlitvin.parser.TariffParser - FOR_SMS[здесьвсёбудетхорошоSMSPrice{withinNetwork="0.04";otherNetwork="0.07";otherCountry="1";}CallPrice{withinNetwork="0.04";otherNetwork="0.07";otherCountry="1";}InternetPrice{internet="0.04";}freeSMS="2000";tariffName="Для_умного_дома";subscriptionFee="10";];
2017-03-30T15:16:43,426 [main] DEBUG vladlitvin.parser.UnitParser - freeSMS="2000";
2017-03-30T15:16:43,426 [main] DEBUG vladlitvin.parser.UnitParser - 2000
2017-03-30T15:16:43,426 [main] DEBUG vladlitvin.parser.TariffParser - FOR_SMS[здесьдолжнабытьошибкаSMSPrice{withinNetwork="0.04";otherNetwork="0.07";otherCountry="1";}];
2017-03-30T15:16:43,426 [main] DEBUG vladlitvin.parser.TariffParser - FOR_SMS[здесьдолжнабытьошибкаSMSPrice{withinNetwork="0.04";otherNetwork="0.07";otherCountry="1";}];
2017-03-30T15:16:43,426 [main] WARN vladlitvin.parser.TariffParser - Error add Tariff. class by.epam.vladlitvin.parser.PriceParser Illegal data format in "findCallPrice" method. 
2017-03-30T15:16:43,426 [main] DEBUG vladlitvin.parser.TariffParser - FOR_CALLS[здесьнебудетошибкиSMSPrice{withinNetwork="0.04";otherNetwork="0.07";otherCountry="1";}CallPrice{withinNetwork="0.04";otherNetwork="0.07";otherCountry="1";}InternetPrice{internet="0.04";}freeMinutes="600";tariffName="Безграничное_общение";subscriptionFee="20";];
2017-03-30T15:16:43,441 [main] DEBUG vladlitvin.parser.UnitParser - 600
2017-03-30T15:16:43,441 [main] DEBUG vladlitvin.parser.TariffParser - FOR_INTERNET[SMSPrice{withinNetwork="0.04";otherNetwork="0.07";otherCountry="1";}CallPrice{withinNetwork="0.04";otherNetwork="0.07";otherCountry="1";}InternetPrice{internet="0.04";}freeMegabytes="3000";tariffName="Гуглить_не_перегуглить";subscriptionFee="20";];
2017-03-30T15:16:43,441 [main] DEBUG vladlitvin.parser.UnitParser - 3000
2017-03-30T15:16:43,441 [main] DEBUG vladlitvin.parser.TariffParser - FOR_INTERNET[ошибочка];
2017-03-30T15:16:43,441 [main] WARN vladlitvin.parser.TariffParser - Error add Tariff. class by.epam.vladlitvin.parser.PriceParser Illegal data format in "findCallPrice" method. 
2017-03-30T18:25:28,900 [main] INFO vladlitvin.reader.FileReader - With file resources\tariffs.txtread: 
FOR_SMS [ здесь всё будет хорошоSMSPrice {withinNetwork = "0.04";otherNetwork = "0.07";otherCountry = "1";}CallPrice {withinNetwork = "0.04";otherNetwork = "0.07";otherCountry = "1";}InternetPrice {internet = "0.04";}freeSMS = "2000";tariffName = "Для_умного_дома";subscriptionFee = "10";];FOR_SMS [ здесь должна быть ошибкаSMSPrice {withinNetwork = "0.04";otherNetwork = "0.07";otherCountry = "1";}];FOR_CALLS [ здесь не будет ошибкиSMSPrice {withinNetwork = "0.04";otherNetwork = "0.07";otherCountry = "1";}CallPrice {withinNetwork = "0.04";otherNetwork = "0.07";otherCountry = "1";}InternetPrice {internet = "0.04";}freeMinutes = "600";tariffName = "Безграничное_общение";subscriptionFee = "20";];FOR_INTERNET [SMSPrice {withinNetwork = "0.04";otherNetwork = "0.07";otherCountry = "1";}CallPrice {withinNetwork = "0.04";otherNetwork = "0.07";otherCountry = "1";}InternetPrice {internet = "0.04";}freeMegabytes = "3000";tariffName = "Гуглить_не_перегуглить";subscriptionFee = "20";];FOR_INTERNET [ошибочка];
2017-03-30T18:25:28,916 [main] DEBUG vladlitvin.parser.TariffParser - FOR_SMS[здесьвсёбудетхорошоSMSPrice{withinNetwork="0.04";otherNetwork="0.07";otherCountry="1";}CallPrice{withinNetwork="0.04";otherNetwork="0.07";otherCountry="1";}InternetPrice{internet="0.04";}freeSMS="2000";tariffName="Для_умного_дома";subscriptionFee="10";];
2017-03-30T18:25:28,931 [main] DEBUG vladlitvin.parser.TariffParser - FOR_SMS[здесьвсёбудетхорошоSMSPrice{withinNetwork="0.04";otherNetwork="0.07";otherCountry="1";}CallPrice{withinNetwork="0.04";otherNetwork="0.07";otherCountry="1";}InternetPrice{internet="0.04";}freeSMS="2000";tariffName="Для_умного_дома";subscriptionFee="10";];
2017-03-30T18:25:28,931 [main] DEBUG vladlitvin.parser.UnitParser - freeSMS="2000";
2017-03-30T18:25:28,931 [main] DEBUG vladlitvin.parser.UnitParser - 2000
2017-03-30T18:25:28,931 [main] DEBUG vladlitvin.parser.TariffParser - FOR_SMS[здесьдолжнабытьошибкаSMSPrice{withinNetwork="0.04";otherNetwork="0.07";otherCountry="1";}];
2017-03-30T18:25:28,931 [main] DEBUG vladlitvin.parser.TariffParser - FOR_SMS[здесьдолжнабытьошибкаSMSPrice{withinNetwork="0.04";otherNetwork="0.07";otherCountry="1";}];
2017-03-30T18:25:28,931 [main] WARN vladlitvin.parser.TariffParser - Error add Tariff. class by.epam.vladlitvin.parser.PriceParser Illegal data format in "findCallPrice" method. 
2017-03-30T18:25:28,931 [main] DEBUG vladlitvin.parser.TariffParser - FOR_CALLS[здесьнебудетошибкиSMSPrice{withinNetwork="0.04";otherNetwork="0.07";otherCountry="1";}CallPrice{withinNetwork="0.04";otherNetwork="0.07";otherCountry="1";}InternetPrice{internet="0.04";}freeMinutes="600";tariffName="Безграничное_общение";subscriptionFee="20";];
2017-03-30T18:25:28,931 [main] DEBUG vladlitvin.parser.UnitParser - 600
2017-03-30T18:25:28,931 [main] DEBUG vladlitvin.parser.TariffParser - FOR_INTERNET[SMSPrice{withinNetwork="0.04";otherNetwork="0.07";otherCountry="1";}CallPrice{withinNetwork="0.04";otherNetwork="0.07";otherCountry="1";}InternetPrice{internet="0.04";}freeMegabytes="3000";tariffName="Гуглить_не_перегуглить";subscriptionFee="20";];
2017-03-30T18:25:28,947 [main] DEBUG vladlitvin.parser.UnitParser - 3000
2017-03-30T18:25:28,948 [main] DEBUG vladlitvin.parser.TariffParser - FOR_INTERNET[ошибочка];
2017-03-30T18:25:28,949 [main] WARN vladlitvin.parser.TariffParser - Error add Tariff. class by.epam.vladlitvin.parser.PriceParser Illegal data format in "findCallPrice" method. 
2017-03-30T18:25:28,949 [main] INFO vladlitvin.reader.FileReader - With file resources\clients.txtread: 
Client [clientName="Владимир_Петрович";tariffName ="Для_умного_дома";];Client [clientName="Макс";tariffName ="Для_умного_дома";];Client [clientName="Лёша";tariffName ="Гуглить_не_перегуглить";];Client [clientName="Влад";tariffName ="Безграничное_общение";];
2017-03-30T19:38:38,930 [main] INFO vladlitvin.reader.FileReader - With file resources\tariffs.txtread: 
FOR_SMS [ здесь всё будет хорошоSMSPrice {withinNetwork = "0.04";otherNetwork = "0.07";otherCountry = "1";}CallPrice {withinNetwork = "0.04";otherNetwork = "0.07";otherCountry = "1";}InternetPrice {internet = "0.04";}freeSMS = "2000";tariffName = "Для_умного_дома";subscriptionFee = "10";];FOR_SMS [ здесь должна быть ошибкаSMSPrice {withinNetwork = "0.04";otherNetwork = "0.07";otherCountry = "1";}];FOR_CALLS [ здесь не будет ошибкиSMSPrice {withinNetwork = "0.04";otherNetwork = "0.07";otherCountry = "1";}CallPrice {withinNetwork = "0.04";otherNetwork = "0.07";otherCountry = "1";}InternetPrice {internet = "0.04";}freeMinutes = "600";tariffName = "Безграничное_общение";subscriptionFee = "20";];FOR_INTERNET [SMSPrice {withinNetwork = "0.04";otherNetwork = "0.07";otherCountry = "1";}CallPrice {withinNetwork = "0.04";otherNetwork = "0.07";otherCountry = "1";}InternetPrice {internet = "0.04";}freeMegabytes = "3000";tariffName = "Гуглить_не_перегуглить";subscriptionFee = "20";];FOR_INTERNET [ошибочка];
2017-03-30T19:38:38,945 [main] DEBUG vladlitvin.parser.TariffParser - FOR_SMS[здесьвсёбудетхорошоSMSPrice{withinNetwork="0.04";otherNetwork="0.07";otherCountry="1";}CallPrice{withinNetwork="0.04";otherNetwork="0.07";otherCountry="1";}InternetPrice{internet="0.04";}freeSMS="2000";tariffName="Для_умного_дома";subscriptionFee="10";];
2017-03-30T19:38:38,945 [main] DEBUG vladlitvin.parser.TariffParser - FOR_SMS[здесьвсёбудетхорошоSMSPrice{withinNetwork="0.04";otherNetwork="0.07";otherCountry="1";}CallPrice{withinNetwork="0.04";otherNetwork="0.07";otherCountry="1";}InternetPrice{internet="0.04";}freeSMS="2000";tariffName="Для_умного_дома";subscriptionFee="10";];
2017-03-30T19:38:38,961 [main] DEBUG vladlitvin.parser.UnitParser - freeSMS="2000";
2017-03-30T19:38:38,961 [main] DEBUG vladlitvin.parser.UnitParser - 2000
2017-03-30T19:38:38,961 [main] DEBUG vladlitvin.parser.TariffParser - FOR_SMS[здесьдолжнабытьошибкаSMSPrice{withinNetwork="0.04";otherNetwork="0.07";otherCountry="1";}];
2017-03-30T19:38:38,961 [main] DEBUG vladlitvin.parser.TariffParser - FOR_SMS[здесьдолжнабытьошибкаSMSPrice{withinNetwork="0.04";otherNetwork="0.07";otherCountry="1";}];
2017-03-30T19:38:38,961 [main] WARN vladlitvin.parser.TariffParser - Error add Tariff. class by.epam.vladlitvin.parser.PriceParser Illegal data format in "findCallPrice" method. 
2017-03-30T19:38:38,961 [main] DEBUG vladlitvin.parser.TariffParser - FOR_CALLS[здесьнебудетошибкиSMSPrice{withinNetwork="0.04";otherNetwork="0.07";otherCountry="1";}CallPrice{withinNetwork="0.04";otherNetwork="0.07";otherCountry="1";}InternetPrice{internet="0.04";}freeMinutes="600";tariffName="Безграничное_общение";subscriptionFee="20";];
2017-03-30T19:38:38,961 [main] DEBUG vladlitvin.parser.UnitParser - 600
2017-03-30T19:38:38,961 [main] DEBUG vladlitvin.parser.TariffParser - FOR_INTERNET[SMSPrice{withinNetwork="0.04";otherNetwork="0.07";otherCountry="1";}CallPrice{withinNetwork="0.04";otherNetwork="0.07";otherCountry="1";}InternetPrice{internet="0.04";}freeMegabytes="3000";tariffName="Гуглить_не_перегуглить";subscriptionFee="20";];
2017-03-30T19:38:38,961 [main] DEBUG vladlitvin.parser.UnitParser - 3000
2017-03-30T19:38:38,961 [main] DEBUG vladlitvin.parser.TariffParser - FOR_INTERNET[ошибочка];
2017-03-30T19:38:38,961 [main] WARN vladlitvin.parser.TariffParser - Error add Tariff. class by.epam.vladlitvin.parser.PriceParser Illegal data format in "findCallPrice" method. 
2017-03-30T19:38:38,961 [main] INFO vladlitvin.reader.FileReader - With file resources\clients.txtread: 
Client [clientName="Владимир_Петрович";tariffName ="Для_умного_дома";];Client [clientName="Макс";tariffName ="Для_умного_дома";];Client [clientName="Лёша";tariffName ="ГугЛить_не_перегуглить";];Client [clientName="Влад";tariffName ="Безграничное_общение";];
2017-03-30T20:22:59,685 [main] INFO vladlitvin.reader.FileReader - With file resources\tariffs.txtread: 
FOR_SMS [ здесь всё будет хорошоSMSPrice {withinNetwork = "0.04";otherNetwork = "0.07";otherCountry = "1";}CallPrice {withinNetwork = "0.04";otherNetwork = "0.07";otherCountry = "1";}InternetPrice {internet = "0.04";}freeSMS = "2000";tariffName = "Для_умного_дома";subscriptionFee = "10";];FOR_SMS [ здесь должна быть ошибкаSMSPrice {withinNetwork = "0.04";otherNetwork = "0.07";otherCountry = "1";}];FOR_CALLS [ здесь не будет ошибкиSMSPrice {withinNetwork = "0.04";otherNetwork = "0.07";otherCountry = "1";}CallPrice {withinNetwork = "0.04";otherNetwork = "0.07";otherCountry = "1";}InternetPrice {internet = "0.04";}freeMinutes = "600";tariffName = "Безграничное_общение";subscriptionFee = "20";];FOR_INTERNET [SMSPrice {withinNetwork = "0.04";otherNetwork = "0.07";otherCountry = "1";}CallPrice {withinNetwork = "0.04";otherNetwork = "0.07";otherCountry = "1";}InternetPrice {internet = "0.04";}freeMegabytes = "3000";tariffName = "Гуглить_не_перегуглить";subscriptionFee = "20";];FOR_INTERNET [ошибочка];
2017-03-30T20:23:04,457 [main] DEBUG vladlitvin.parser.TariffParser - FOR_SMS[здесьвсёбудетхорошоSMSPrice{withinNetwork="0.04";otherNetwork="0.07";otherCountry="1";}CallPrice{withinNetwork="0.04";otherNetwork="0.07";otherCountry="1";}InternetPrice{internet="0.04";}freeSMS="2000";tariffName="Для_умного_дома";subscriptionFee="10";];
2017-03-30T20:23:04,457 [main] DEBUG vladlitvin.parser.TariffParser - FOR_SMS[здесьвсёбудетхорошоSMSPrice{withinNetwork="0.04";otherNetwork="0.07";otherCountry="1";}CallPrice{withinNetwork="0.04";otherNetwork="0.07";otherCountry="1";}InternetPrice{internet="0.04";}freeSMS="2000";tariffName="Для_умного_дома";subscriptionFee="10";];
2017-03-30T20:23:09,597 [main] DEBUG vladlitvin.parser.UnitParser - freeSMS="2000";
2017-03-30T20:23:11,720 [main] DEBUG vladlitvin.parser.UnitParser - 2000
2017-03-30T20:23:11,720 [main] DEBUG vladlitvin.parser.TariffParser - FOR_SMS[здесьдолжнабытьошибкаSMSPrice{withinNetwork="0.04";otherNetwork="0.07";otherCountry="1";}];
2017-03-30T20:23:11,720 [main] DEBUG vladlitvin.parser.TariffParser - FOR_SMS[здесьдолжнабытьошибкаSMSPrice{withinNetwork="0.04";otherNetwork="0.07";otherCountry="1";}];
2017-03-30T20:23:11,720 [main] WARN vladlitvin.parser.TariffParser - Error add Tariff. class by.epam.vladlitvin.parser.PriceParser Illegal data format in "findCallPrice" method. 
2017-03-30T20:23:11,720 [main] DEBUG vladlitvin.parser.TariffParser - FOR_CALLS[здесьнебудетошибкиSMSPrice{withinNetwork="0.04";otherNetwork="0.07";otherCountry="1";}CallPrice{withinNetwork="0.04";otherNetwork="0.07";otherCountry="1";}InternetPrice{internet="0.04";}freeMinutes="600";tariffName="Безграничное_общение";subscriptionFee="20";];
2017-03-30T20:23:11,736 [main] DEBUG vladlitvin.parser.UnitParser - 600
2017-03-30T20:23:11,736 [main] DEBUG vladlitvin.parser.TariffParser - FOR_INTERNET[SMSPrice{withinNetwork="0.04";otherNetwork="0.07";otherCountry="1";}CallPrice{withinNetwork="0.04";otherNetwork="0.07";otherCountry="1";}InternetPrice{internet="0.04";}freeMegabytes="3000";tariffName="Гуглить_не_перегуглить";subscriptionFee="20";];
2017-03-30T20:23:11,736 [main] DEBUG vladlitvin.parser.UnitParser - 3000
2017-03-30T20:23:11,736 [main] DEBUG vladlitvin.parser.TariffParser - FOR_INTERNET[ошибочка];
2017-03-30T20:23:11,736 [main] WARN vladlitvin.parser.TariffParser - Error add Tariff. class by.epam.vladlitvin.parser.PriceParser Illegal data format in "findCallPrice" method. 
2017-03-30T20:23:11,736 [main] INFO vladlitvin.reader.FileReader - With file resources\clients.txtread: 
Client [clientName="Владимир_Петрович";tariffName ="Для_умного_дома";];Client [clientName="Макс";tariffName ="Для_умного_дома";];Client [clientName="Лёша";tariffName ="ГугЛить_не_перегуглить";];Client [clientName="Влад";tariffName ="Безграничное_общение";];
2017-03-30T20:23:26,223 [main] INFO vladlitvin.reader.FileReader - With file resources\tariffs.txtread: 
FOR_SMS [ здесь всё будет хорошоSMSPrice {withinNetwork = "0.04";otherNetwork = "0.07";otherCountry = "1";}CallPrice {withinNetwork = "0.04";otherNetwork = "0.07";otherCountry = "1";}InternetPrice {internet = "0.04";}freeSMS = "2000";tariffName = "Для_умного_дома";subscriptionFee = "10";];FOR_SMS [ здесь должна быть ошибкаSMSPrice {withinNetwork = "0.04";otherNetwork = "0.07";otherCountry = "1";}];FOR_CALLS [ здесь не будет ошибкиSMSPrice {withinNetwork = "0.04";otherNetwork = "0.07";otherCountry = "1";}CallPrice {withinNetwork = "0.04";otherNetwork = "0.07";otherCountry = "1";}InternetPrice {internet = "0.04";}freeMinutes = "600";tariffName = "Безграничное_общение";subscriptionFee = "20";];FOR_INTERNET [SMSPrice {withinNetwork = "0.04";otherNetwork = "0.07";otherCountry = "1";}CallPrice {withinNetwork = "0.04";otherNetwork = "0.07";otherCountry = "1";}InternetPrice {internet = "0.04";}freeMegabytes = "3000";tariffName = "Гуглить_не_перегуглить";subscriptionFee = "20";];FOR_INTERNET [ошибочка];
2017-03-30T20:23:26,260 [main] DEBUG vladlitvin.parser.TariffParser - FOR_SMS[здесьвсёбудетхорошоSMSPrice{withinNetwork="0.04";otherNetwork="0.07";otherCountry="1";}CallPrice{withinNetwork="0.04";otherNetwork="0.07";otherCountry="1";}InternetPrice{internet="0.04";}freeSMS="2000";tariffName="Для_умного_дома";subscriptionFee="10";];
2017-03-30T20:23:26,260 [main] DEBUG vladlitvin.parser.TariffParser - FOR_SMS[здесьвсёбудетхорошоSMSPrice{withinNetwork="0.04";otherNetwork="0.07";otherCountry="1";}CallPrice{withinNetwork="0.04";otherNetwork="0.07";otherCountry="1";}InternetPrice{internet="0.04";}freeSMS="2000";tariffName="Для_умного_дома";subscriptionFee="10";];
2017-03-30T20:23:26,276 [main] DEBUG vladlitvin.parser.UnitParser - freeSMS="2000";
2017-03-30T20:23:26,276 [main] DEBUG vladlitvin.parser.UnitParser - 2000
2017-03-30T20:23:26,276 [main] DEBUG vladlitvin.parser.TariffParser - FOR_SMS[здесьдолжнабытьошибкаSMSPrice{withinNetwork="0.04";otherNetwork="0.07";otherCountry="1";}];
2017-03-30T20:23:26,276 [main] DEBUG vladlitvin.parser.TariffParser - FOR_SMS[здесьдолжнабытьошибкаSMSPrice{withinNetwork="0.04";otherNetwork="0.07";otherCountry="1";}];
2017-03-30T20:23:26,276 [main] WARN vladlitvin.parser.TariffParser - Error add Tariff. class by.epam.vladlitvin.parser.PriceParser Illegal data format in "findCallPrice" method. 
2017-03-30T20:23:26,276 [main] DEBUG vladlitvin.parser.TariffParser - FOR_CALLS[здесьнебудетошибкиSMSPrice{withinNetwork="0.04";otherNetwork="0.07";otherCountry="1";}CallPrice{withinNetwork="0.04";otherNetwork="0.07";otherCountry="1";}InternetPrice{internet="0.04";}freeMinutes="600";tariffName="Безграничное_общение";subscriptionFee="20";];
2017-03-30T20:23:26,276 [main] DEBUG vladlitvin.parser.UnitParser - 600
2017-03-30T20:23:26,276 [main] DEBUG vladlitvin.parser.TariffParser - FOR_INTERNET[SMSPrice{withinNetwork="0.04";otherNetwork="0.07";otherCountry="1";}CallPrice{withinNetwork="0.04";otherNetwork="0.07";otherCountry="1";}InternetPrice{internet="0.04";}freeMegabytes="3000";tariffName="Гуглить_не_перегуглить";subscriptionFee="20";];
2017-03-30T20:23:26,276 [main] DEBUG vladlitvin.parser.UnitParser - 3000
2017-03-30T20:23:26,276 [main] DEBUG vladlitvin.parser.TariffParser - FOR_INTERNET[ошибочка];
2017-03-30T20:23:26,276 [main] WARN vladlitvin.parser.TariffParser - Error add Tariff. class by.epam.vladlitvin.parser.PriceParser Illegal data format in "findCallPrice" method. 
2017-03-30T20:23:26,292 [main] INFO vladlitvin.reader.FileReader - With file resources\clients.txtread: 
Client [clientName="Владимир_Петрович";tariffName ="Для_умного_дома";];Client [clientName="Макс";tariffName ="Для_умного_дома";];Client [clientName="Лёша";tariffName ="ГугЛить_не_перегуглить";];Client [clientName="Влад";tariffName ="Безграничное_общение";];
2017-03-30T20:24:44,659 [main] INFO vladlitvin.reader.FileReader - With file resources\tariffs.txtread: 
FOR_SMS [ здесь всё будет хорошоSMSPrice {withinNetwork = "0.04";otherNetwork = "0.07";otherCountry = "1";}CallPrice {withinNetwork = "0.04";otherNetwork = "0.07";otherCountry = "1";}InternetPrice {internet = "0.04";}freeSMS = "2000";tariffName = "Для_умного_дома";subscriptionFee = "10";];FOR_SMS [ здесь должна быть ошибкаSMSPrice {withinNetwork = "0.04";otherNetwork = "0.07";otherCountry = "1";}];FOR_CALLS [ здесь не будет ошибкиSMSPrice {withinNetwork = "0.04";otherNetwork = "0.07";otherCountry = "1";}CallPrice {withinNetwork = "0.04";otherNetwork = "0.07";otherCountry = "1";}InternetPrice {internet = "0.04";}freeMinutes = "600";tariffName = "Безграничное_общение";subscriptionFee = "20";];FOR_INTERNET [SMSPrice {withinNetwork = "0.04";otherNetwork = "0.07";otherCountry = "1";}CallPrice {withinNetwork = "0.04";otherNetwork = "0.07";otherCountry = "1";}InternetPrice {internet = "0.04";}freeMegabytes = "3000";tariffName = "Гуглить_не_перегуглить";subscriptionFee = "20";];FOR_INTERNET [ошибочка];
2017-03-30T20:24:44,690 [main] DEBUG vladlitvin.parser.TariffParser - FOR_SMS[здесьвсёбудетхорошоSMSPrice{withinNetwork="0.04";otherNetwork="0.07";otherCountry="1";}CallPrice{withinNetwork="0.04";otherNetwork="0.07";otherCountry="1";}InternetPrice{internet="0.04";}freeSMS="2000";tariffName="Для_умного_дома";subscriptionFee="10";];
2017-03-30T20:24:44,690 [main] DEBUG vladlitvin.parser.TariffParser - FOR_SMS[здесьвсёбудетхорошоSMSPrice{withinNetwork="0.04";otherNetwork="0.07";otherCountry="1";}CallPrice{withinNetwork="0.04";otherNetwork="0.07";otherCountry="1";}InternetPrice{internet="0.04";}freeSMS="2000";tariffName="Для_умного_дома";subscriptionFee="10";];
2017-03-30T20:24:44,710 [main] DEBUG vladlitvin.parser.UnitParser - freeSMS="2000";
2017-03-30T20:24:44,710 [main] DEBUG vladlitvin.parser.UnitParser - 2000
2017-03-30T20:24:44,712 [main] DEBUG vladlitvin.parser.TariffParser - FOR_SMS[здесьдолжнабытьошибкаSMSPrice{withinNetwork="0.04";otherNetwork="0.07";otherCountry="1";}];
2017-03-30T20:24:44,712 [main] DEBUG vladlitvin.parser.TariffParser - FOR_SMS[здесьдолжнабытьошибкаSMSPrice{withinNetwork="0.04";otherNetwork="0.07";otherCountry="1";}];
2017-03-30T20:24:44,712 [main] WARN vladlitvin.parser.TariffParser - Error add Tariff. class by.epam.vladlitvin.parser.PriceParser Illegal data format in "findCallPrice" method. 
2017-03-30T20:24:44,712 [main] DEBUG vladlitvin.parser.TariffParser - FOR_CALLS[здесьнебудетошибкиSMSPrice{withinNetwork="0.04";otherNetwork="0.07";otherCountry="1";}CallPrice{withinNetwork="0.04";otherNetwork="0.07";otherCountry="1";}InternetPrice{internet="0.04";}freeMinutes="600";tariffName="Безграничное_общение";subscriptionFee="20";];
2017-03-30T20:24:44,712 [main] DEBUG vladlitvin.parser.UnitParser - 600
2017-03-30T20:24:44,712 [main] DEBUG vladlitvin.parser.TariffParser - FOR_INTERNET[SMSPrice{withinNetwork="0.04";otherNetwork="0.07";otherCountry="1";}CallPrice{withinNetwork="0.04";otherNetwork="0.07";otherCountry="1";}InternetPrice{internet="0.04";}freeMegabytes="3000";tariffName="Гуглить_не_перегуглить";subscriptionFee="20";];
2017-03-30T20:24:44,712 [main] DEBUG vladlitvin.parser.UnitParser - 3000
2017-03-30T20:24:44,712 [main] DEBUG vladlitvin.parser.TariffParser - FOR_INTERNET[ошибочка];
2017-03-30T20:24:44,712 [main] WARN vladlitvin.parser.TariffParser - Error add Tariff. class by.epam.vladlitvin.parser.PriceParser Illegal data format in "findCallPrice" method. 
2017-03-30T20:24:44,712 [main] INFO vladlitvin.reader.FileReader - With file resources\clients.txtread: 
Client [clientName="Владимир_Петрович";tariffName ="Для_умного_дома";];Client [clientName="Макс";tariffName ="Для_умного_дома";];Client [clientName="Лёша";tariffName ="ГугЛить_не_перегуглить";];Client [clientName="Влад";tariffName ="Безграничное_общение";];
2017-03-30T20:26:33,740 [main] INFO vladlitvin.reader.FileReader - With file resources\tariffs.txtread: 
FOR_SMS [ здесь всё будет хорошоSMSPrice {withinNetwork = "0.04";otherNetwork = "0.07";otherCountry = "1";}CallPrice {withinNetwork = "0.04";otherNetwork = "0.07";otherCountry = "1";}InternetPrice {internet = "0.04";}freeSMS = "2000";tariffName = "Для_умного_дома";subscriptionFee = "10";];FOR_SMS [ здесь должна быть ошибкаSMSPrice {withinNetwork = "0.04";otherNetwork = "0.07";otherCountry = "1";}];FOR_CALLS [ здесь не будет ошибкиSMSPrice {withinNetwork = "0.04";otherNetwork = "0.07";otherCountry = "1";}CallPrice {withinNetwork = "0.04";otherNetwork = "0.07";otherCountry = "1";}InternetPrice {internet = "0.04";}freeMinutes = "600";tariffName = "Безграничное_общение";subscriptionFee = "20";];FOR_INTERNET [SMSPrice {withinNetwork = "0.04";otherNetwork = "0.07";otherCountry = "1";}CallPrice {withinNetwork = "0.04";otherNetwork = "0.07";otherCountry = "1";}InternetPrice {internet = "0.04";}freeMegabytes = "3000";tariffName = "Гуглить_не_перегуглить";subscriptionFee = "20";];FOR_INTERNET [ошибочка];
2017-03-30T20:26:33,762 [main] DEBUG vladlitvin.parser.TariffParser - FOR_SMS[здесьвсёбудетхорошоSMSPrice{withinNetwork="0.04";otherNetwork="0.07";otherCountry="1";}CallPrice{withinNetwork="0.04";otherNetwork="0.07";otherCountry="1";}InternetPrice{internet="0.04";}freeSMS="2000";tariffName="Для_умного_дома";subscriptionFee="10";];
2017-03-30T20:26:33,762 [main] DEBUG vladlitvin.parser.TariffParser - FOR_SMS[здесьвсёбудетхорошоSMSPrice{withinNetwork="0.04";otherNetwork="0.07";otherCountry="1";}CallPrice{withinNetwork="0.04";otherNetwork="0.07";otherCountry="1";}InternetPrice{internet="0.04";}freeSMS="2000";tariffName="Для_умного_дома";subscriptionFee="10";];
2017-03-30T20:26:33,762 [main] DEBUG vladlitvin.parser.UnitParser - freeSMS="2000";
2017-03-30T20:26:33,762 [main] DEBUG vladlitvin.parser.UnitParser - 2000
2017-03-30T20:26:33,778 [main] DEBUG vladlitvin.parser.TariffParser - FOR_SMS[здесьдолжнабытьошибкаSMSPrice{withinNetwork="0.04";otherNetwork="0.07";otherCountry="1";}];
2017-03-30T20:26:33,778 [main] DEBUG vladlitvin.parser.TariffParser - FOR_SMS[здесьдолжнабытьошибкаSMSPrice{withinNetwork="0.04";otherNetwork="0.07";otherCountry="1";}];
2017-03-30T20:26:33,778 [main] WARN vladlitvin.parser.TariffParser - Error add Tariff. class by.epam.vladlitvin.parser.PriceParser Illegal data format in "findCallPrice" method. 
2017-03-30T20:26:33,778 [main] DEBUG vladlitvin.parser.TariffParser - FOR_CALLS[здесьнебудетошибкиSMSPrice{withinNetwork="0.04";otherNetwork="0.07";otherCountry="1";}CallPrice{withinNetwork="0.04";otherNetwork="0.07";otherCountry="1";}InternetPrice{internet="0.04";}freeMinutes="600";tariffName="Безграничное_общение";subscriptionFee="20";];
2017-03-30T20:26:33,778 [main] DEBUG vladlitvin.parser.UnitParser - 600
2017-03-30T20:26:33,778 [main] DEBUG vladlitvin.parser.TariffParser - FOR_INTERNET[SMSPrice{withinNetwork="0.04";otherNetwork="0.07";otherCountry="1";}CallPrice{withinNetwork="0.04";otherNetwork="0.07";otherCountry="1";}InternetPrice{internet="0.04";}freeMegabytes="3000";tariffName="Гуглить_не_перегуглить";subscriptionFee="20";];
2017-03-30T20:26:33,778 [main] DEBUG vladlitvin.parser.UnitParser - 3000
2017-03-30T20:26:33,778 [main] DEBUG vladlitvin.parser.TariffParser - FOR_INTERNET[ошибочка];
2017-03-30T20:26:33,778 [main] WARN vladlitvin.parser.TariffParser - Error add Tariff. class by.epam.vladlitvin.parser.PriceParser Illegal data format in "findCallPrice" method. 
2017-03-30T20:26:33,778 [main] INFO vladlitvin.reader.FileReader - With file resources\clients.txtread: 
Client [clientName="Владимир_Петрович";tariffName ="Для_умного_дома";];Client [clientName="Макс";tariffName ="Для_умного_дома";];Client [clientName="Лёша";tariffName ="ГугЛить_не_перегуглить";];Client [clientName="Влад";tariffName ="Безграничное_общение";];
2017-03-30T20:26:41,873 [main] INFO vladlitvin.reader.FileReader - With file resources\tariffs.txtread: 
FOR_SMS [ здесь всё будет хорошоSMSPrice {withinNetwork = "0.04";otherNetwork = "0.07";otherCountry = "1";}CallPrice {withinNetwork = "0.04";otherNetwork = "0.07";otherCountry = "1";}InternetPrice {internet = "0.04";}freeSMS = "2000";tariffName = "Для_умного_дома";subscriptionFee = "10";];FOR_SMS [ здесь должна быть ошибкаSMSPrice {withinNetwork = "0.04";otherNetwork = "0.07";otherCountry = "1";}];FOR_CALLS [ здесь не будет ошибкиSMSPrice {withinNetwork = "0.04";otherNetwork = "0.07";otherCountry = "1";}CallPrice {withinNetwork = "0.04";otherNetwork = "0.07";otherCountry = "1";}InternetPrice {internet = "0.04";}freeMinutes = "600";tariffName = "Безграничное_общение";subscriptionFee = "20";];FOR_INTERNET [SMSPrice {withinNetwork = "0.04";otherNetwork = "0.07";otherCountry = "1";}CallPrice {withinNetwork = "0.04";otherNetwork = "0.07";otherCountry = "1";}InternetPrice {internet = "0.04";}freeMegabytes = "3000";tariffName = "Гуглить_не_перегуглить";subscriptionFee = "20";];FOR_INTERNET [ошибочка];
2017-03-30T20:26:41,904 [main] DEBUG vladlitvin.parser.TariffParser - FOR_SMS[здесьвсёбудетхорошоSMSPrice{withinNetwork="0.04";otherNetwork="0.07";otherCountry="1";}CallPrice{withinNetwork="0.04";otherNetwork="0.07";otherCountry="1";}InternetPrice{internet="0.04";}freeSMS="2000";tariffName="Для_умного_дома";subscriptionFee="10";];
2017-03-30T20:26:41,920 [main] DEBUG vladlitvin.parser.TariffParser - FOR_SMS[здесьвсёбудетхорошоSMSPrice{withinNetwork="0.04";otherNetwork="0.07";otherCountry="1";}CallPrice{withinNetwork="0.04";otherNetwork="0.07";otherCountry="1";}InternetPrice{internet="0.04";}freeSMS="2000";tariffName="Для_умного_дома";subscriptionFee="10";];
2017-03-30T20:26:41,920 [main] DEBUG vladlitvin.parser.UnitParser - freeSMS="2000";
2017-03-30T20:26:41,920 [main] DEBUG vladlitvin.parser.UnitParser - 2000
2017-03-30T20:26:41,935 [main] DEBUG vladlitvin.parser.TariffParser - FOR_SMS[здесьдолжнабытьошибкаSMSPrice{withinNetwork="0.04";otherNetwork="0.07";otherCountry="1";}];
2017-03-30T20:26:41,935 [main] DEBUG vladlitvin.parser.TariffParser - FOR_SMS[здесьдолжнабытьошибкаSMSPrice{withinNetwork="0.04";otherNetwork="0.07";otherCountry="1";}];
2017-03-30T20:26:41,935 [main] WARN vladlitvin.parser.TariffParser - Error add Tariff. class by.epam.vladlitvin.parser.PriceParser Illegal data format in "findCallPrice" method. 
2017-03-30T20:26:41,935 [main] DEBUG vladlitvin.parser.TariffParser - FOR_CALLS[здесьнебудетошибкиSMSPrice{withinNetwork="0.04";otherNetwork="0.07";otherCountry="1";}CallPrice{withinNetwork="0.04";otherNetwork="0.07";otherCountry="1";}InternetPrice{internet="0.04";}freeMinutes="600";tariffName="Безграничное_общение";subscriptionFee="20";];
2017-03-30T20:26:41,935 [main] DEBUG vladlitvin.parser.UnitParser - 600
2017-03-30T20:26:41,935 [main] DEBUG vladlitvin.parser.TariffParser - FOR_INTERNET[SMSPrice{withinNetwork="0.04";otherNetwork="0.07";otherCountry="1";}CallPrice{withinNetwork="0.04";otherNetwork="0.07";otherCountry="1";}InternetPrice{internet="0.04";}freeMegabytes="3000";tariffName="Гуглить_не_перегуглить";subscriptionFee="20";];
2017-03-30T20:26:41,935 [main] DEBUG vladlitvin.parser.UnitParser - 3000
2017-03-30T20:26:41,935 [main] DEBUG vladlitvin.parser.TariffParser - FOR_INTERNET[ошибочка];
2017-03-30T20:26:41,935 [main] WARN vladlitvin.parser.TariffParser - Error add Tariff. class by.epam.vladlitvin.parser.PriceParser Illegal data format in "findCallPrice" method. 
2017-03-30T20:26:41,935 [main] INFO vladlitvin.reader.FileReader - With file resources\clients.txtread: 
Client [clientName="Владимир_Петрович";tariffName ="Для_умного_дома";];Client [clientName="Макс";tariffName ="Для_умного_дома";];Client [clientName="Лёша";tariffName ="ГугЛить_не_перегуглить";];Client [clientName="Влад";tariffName ="Безграничное_общение";];
2017-03-30T20:35:40,838 [main] INFO vladlitvin.reader.FileReader - With file resources\tariffs.txtread: 
FOR_SMS [ здесь всё будет хорошоSMSPrice {withinNetwork = "0.04";otherNetwork = "0.07";otherCountry = "1";}CallPrice {withinNetwork = "0.04";otherNetwork = "0.07";otherCountry = "1";}InternetPrice {internet = "0.04";}freeSMS = "2000";tariffName = "Для_умного_дома";subscriptionFee = "10";];FOR_SMS [ здесь должна быть ошибкаSMSPrice {withinNetwork = "0.04";otherNetwork = "0.07";otherCountry = "1";}];FOR_CALLS [ здесь не будет ошибкиSMSPrice {withinNetwork = "0.04";otherNetwork = "0.07";otherCountry = "1";}CallPrice {withinNetwork = "0.04";otherNetwork = "0.07";otherCountry = "1";}InternetPrice {internet = "0.04";}freeMinutes = "600";tariffName = "Безграничное_общение";subscriptionFee = "20";];FOR_INTERNET [SMSPrice {withinNetwork = "0.04";otherNetwork = "0.07";otherCountry = "1";}CallPrice {withinNetwork = "0.04";otherNetwork = "0.07";otherCountry = "1";}InternetPrice {internet = "0.04";}freeMegabytes = "3000";tariffName = "Гуглить_не_перегуглить";subscriptionFee = "20";];FOR_INTERNET [ошибочка];
2017-03-30T20:35:40,860 [main] DEBUG vladlitvin.parser.TariffParser - FOR_SMS[здесьвсёбудетхорошоSMSPrice{withinNetwork="0.04";otherNetwork="0.07";otherCountry="1";}CallPrice{withinNetwork="0.04";otherNetwork="0.07";otherCountry="1";}InternetPrice{internet="0.04";}freeSMS="2000";tariffName="Для_умного_дома";subscriptionFee="10";];
2017-03-30T20:35:40,860 [main] DEBUG vladlitvin.parser.TariffParser - FOR_SMS[здесьвсёбудетхорошоSMSPrice{withinNetwork="0.04";otherNetwork="0.07";otherCountry="1";}CallPrice{withinNetwork="0.04";otherNetwork="0.07";otherCountry="1";}InternetPrice{internet="0.04";}freeSMS="2000";tariffName="Для_умного_дома";subscriptionFee="10";];
2017-03-30T20:35:40,876 [main] DEBUG vladlitvin.parser.UnitParser - freeSMS="2000";
2017-03-30T20:35:40,876 [main] DEBUG vladlitvin.parser.UnitParser - 2000
2017-03-30T20:35:40,876 [main] DEBUG vladlitvin.parser.TariffParser - FOR_SMS[здесьдолжнабытьошибкаSMSPrice{withinNetwork="0.04";otherNetwork="0.07";otherCountry="1";}];
2017-03-30T20:35:40,876 [main] DEBUG vladlitvin.parser.TariffParser - FOR_SMS[здесьдолжнабытьошибкаSMSPrice{withinNetwork="0.04";otherNetwork="0.07";otherCountry="1";}];
2017-03-30T20:35:40,876 [main] WARN vladlitvin.parser.TariffParser - Error add Tariff. class by.epam.vladlitvin.parser.PriceParser Illegal data format in "findCallPrice" method. 
2017-03-30T20:35:40,876 [main] DEBUG vladlitvin.parser.TariffParser - FOR_CALLS[здесьнебудетошибкиSMSPrice{withinNetwork="0.04";otherNetwork="0.07";otherCountry="1";}CallPrice{withinNetwork="0.04";otherNetwork="0.07";otherCountry="1";}InternetPrice{internet="0.04";}freeMinutes="600";tariffName="Безграничное_общение";subscriptionFee="20";];
2017-03-30T20:35:40,876 [main] DEBUG vladlitvin.parser.UnitParser - 600
2017-03-30T20:35:40,892 [main] DEBUG vladlitvin.parser.TariffParser - FOR_INTERNET[SMSPrice{withinNetwork="0.04";otherNetwork="0.07";otherCountry="1";}CallPrice{withinNetwork="0.04";otherNetwork="0.07";otherCountry="1";}InternetPrice{internet="0.04";}freeMegabytes="3000";tariffName="Гуглить_не_перегуглить";subscriptionFee="20";];
2017-03-30T20:35:40,892 [main] DEBUG vladlitvin.parser.UnitParser - 3000
2017-03-30T20:35:40,892 [main] DEBUG vladlitvin.parser.TariffParser - FOR_INTERNET[ошибочка];
2017-03-30T20:35:40,892 [main] WARN vladlitvin.parser.TariffParser - Error add Tariff. class by.epam.vladlitvin.parser.PriceParser Illegal data format in "findCallPrice" method. 
2017-03-30T20:35:40,892 [main] INFO vladlitvin.reader.FileReader - With file resources\clients.txtread: 
Client [clientName="Владимир_Петрович";tariffName ="Для_умного_дома";];Client [clientName="Макс";tariffName ="Для_умного_дома";];Client [clientName="Лёша";tariffName ="ГугЛить_не_перегуглить";];Client [clientName="Влад";tariffName ="Безграничное_общение";];
2017-03-30T20:36:03,812 [main] INFO vladlitvin.reader.FileReader - With file resources\tariffs.txtread: 
FOR_SMS [ здесь всё будет хорошоSMSPrice {withinNetwork = "0.04";otherNetwork = "0.07";otherCountry = "1";}CallPrice {withinNetwork = "0.04";otherNetwork = "0.07";otherCountry = "1";}InternetPrice {internet = "0.04";}freeSMS = "2000";tariffName = "Для_умного_дома";subscriptionFee = "10";];FOR_SMS [ здесь должна быть ошибкаSMSPrice {withinNetwork = "0.04";otherNetwork = "0.07";otherCountry = "1";}];FOR_CALLS [ здесь не будет ошибкиSMSPrice {withinNetwork = "0.04";otherNetwork = "0.07";otherCountry = "1";}CallPrice {withinNetwork = "0.04";otherNetwork = "0.07";otherCountry = "1";}InternetPrice {internet = "0.04";}freeMinutes = "600";tariffName = "Безграничное_общение";subscriptionFee = "20";];FOR_INTERNET [SMSPrice {withinNetwork = "0.04";otherNetwork = "0.07";otherCountry = "1";}CallPrice {withinNetwork = "0.04";otherNetwork = "0.07";otherCountry = "1";}InternetPrice {internet = "0.04";}freeMegabytes = "3000";tariffName = "Гуглить_не_перегуглить";subscriptionFee = "20";];FOR_INTERNET [ошибочка];
2017-03-30T20:36:03,844 [main] DEBUG vladlitvin.parser.TariffParser - FOR_SMS[здесьвсёбудетхорошоSMSPrice{withinNetwork="0.04";otherNetwork="0.07";otherCountry="1";}CallPrice{withinNetwork="0.04";otherNetwork="0.07";otherCountry="1";}InternetPrice{internet="0.04";}freeSMS="2000";tariffName="Для_умного_дома";subscriptionFee="10";];
2017-03-30T20:36:03,844 [main] DEBUG vladlitvin.parser.TariffParser - FOR_SMS[здесьвсёбудетхорошоSMSPrice{withinNetwork="0.04";otherNetwork="0.07";otherCountry="1";}CallPrice{withinNetwork="0.04";otherNetwork="0.07";otherCountry="1";}InternetPrice{internet="0.04";}freeSMS="2000";tariffName="Для_умного_дома";subscriptionFee="10";];
2017-03-30T20:36:03,859 [main] DEBUG vladlitvin.parser.UnitParser - freeSMS="2000";
2017-03-30T20:36:03,859 [main] DEBUG vladlitvin.parser.UnitParser - 2000
2017-03-30T20:36:03,859 [main] DEBUG vladlitvin.parser.TariffParser - FOR_SMS[здесьдолжнабытьошибкаSMSPrice{withinNetwork="0.04";otherNetwork="0.07";otherCountry="1";}];
2017-03-30T20:36:03,859 [main] DEBUG vladlitvin.parser.TariffParser - FOR_SMS[здесьдолжнабытьошибкаSMSPrice{withinNetwork="0.04";otherNetwork="0.07";otherCountry="1";}];
2017-03-30T20:36:03,859 [main] WARN vladlitvin.parser.TariffParser - Error add Tariff. class by.epam.vladlitvin.parser.PriceParser Illegal data format in "findCallPrice" method. 
2017-03-30T20:36:03,859 [main] DEBUG vladlitvin.parser.TariffParser - FOR_CALLS[здесьнебудетошибкиSMSPrice{withinNetwork="0.04";otherNetwork="0.07";otherCountry="1";}CallPrice{withinNetwork="0.04";otherNetwork="0.07";otherCountry="1";}InternetPrice{internet="0.04";}freeMinutes="600";tariffName="Безграничное_общение";subscriptionFee="20";];
2017-03-30T20:36:03,859 [main] DEBUG vladlitvin.parser.UnitParser - 600
2017-03-30T20:36:03,859 [main] DEBUG vladlitvin.parser.TariffParser - FOR_INTERNET[SMSPrice{withinNetwork="0.04";otherNetwork="0.07";otherCountry="1";}CallPrice{withinNetwork="0.04";otherNetwork="0.07";otherCountry="1";}InternetPrice{internet="0.04";}freeMegabytes="3000";tariffName="Гуглить_не_перегуглить";subscriptionFee="20";];
2017-03-30T20:36:03,859 [main] DEBUG vladlitvin.parser.UnitParser - 3000
2017-03-30T20:36:03,875 [main] DEBUG vladlitvin.parser.TariffParser - FOR_INTERNET[ошибочка];
2017-03-30T20:36:03,875 [main] WARN vladlitvin.parser.TariffParser - Error add Tariff. class by.epam.vladlitvin.parser.PriceParser Illegal data format in "findCallPrice" method. 
2017-03-30T20:36:03,875 [main] INFO vladlitvin.reader.FileReader - With file resources\clients.txtread: 
Client [clientName="Владимир_Петрович";tariffName ="Для_умного_дома";];Client [clientName="Макс";tariffName ="Для_умного_дома";];Client [clientName="Лёша";tariffName ="ГугЛить_не_перегуглить";];Client [clientName="Влад";tariffName ="Безграничное_общение";];
2017-03-30T21:14:01,403 [main] INFO vladlitvin.reader.FileReader - With file resources\tariffs.txtread: 
FOR_SMS [ здесь всё будет хорошоSMSPrice {withinNetwork = "0.04";otherNetwork = "0.07";otherCountry = "1";}CallPrice {withinNetwork = "0.04";otherNetwork = "0.07";otherCountry = "1";}InternetPrice {internet = "0.04";}freeSMS = "2000";tariffName = "Для_умного_дома";subscriptionFee = "10";];FOR_SMS [ здесь должна быть ошибкаSMSPrice {withinNetwork = "0.04";otherNetwork = "0.07";otherCountry = "1";}];FOR_CALLS [ здесь не будет ошибкиSMSPrice {withinNetwork = "0.04";otherNetwork = "0.07";otherCountry = "1";}CallPrice {withinNetwork = "0.04";otherNetwork = "0.07";otherCountry = "1";}InternetPrice {internet = "0.04";}freeMinutes = "600";tariffName = "Безграничное_общение";subscriptionFee = "20";];FOR_INTERNET [SMSPrice {withinNetwork = "0.04";otherNetwork = "0.07";otherCountry = "1";}CallPrice {withinNetwork = "0.04";otherNetwork = "0.07";otherCountry = "1";}InternetPrice {internet = "0.04";}freeMegabytes = "3000";tariffName = "Гуглить_не_перегуглить";subscriptionFee = "20";];FOR_INTERNET [ошибочка];
2017-03-30T21:14:01,450 [main] DEBUG vladlitvin.parser.TariffParser - FOR_SMS[здесьвсёбудетхорошоSMSPrice{withinNetwork="0.04";otherNetwork="0.07";otherCountry="1";}CallPrice{withinNetwork="0.04";otherNetwork="0.07";otherCountry="1";}InternetPrice{internet="0.04";}freeSMS="2000";tariffName="Для_умного_дома";subscriptionFee="10";];
2017-03-30T21:14:01,450 [main] DEBUG vladlitvin.parser.TariffParser - FOR_SMS[здесьвсёбудетхорошоSMSPrice{withinNetwork="0.04";otherNetwork="0.07";otherCountry="1";}CallPrice{withinNetwork="0.04";otherNetwork="0.07";otherCountry="1";}InternetPrice{internet="0.04";}freeSMS="2000";tariffName="Для_умного_дома";subscriptionFee="10";];
2017-03-30T21:14:01,465 [main] DEBUG vladlitvin.parser.UnitParser - freeSMS="2000";
2017-03-30T21:14:01,465 [main] DEBUG vladlitvin.parser.UnitParser - 2000
2017-03-30T21:14:01,465 [main] DEBUG vladlitvin.parser.TariffParser - FOR_SMS[здесьдолжнабытьошибкаSMSPrice{withinNetwork="0.04";otherNetwork="0.07";otherCountry="1";}];
2017-03-30T21:14:01,465 [main] DEBUG vladlitvin.parser.TariffParser - FOR_SMS[здесьдолжнабытьошибкаSMSPrice{withinNetwork="0.04";otherNetwork="0.07";otherCountry="1";}];
2017-03-30T21:14:01,465 [main] WARN vladlitvin.parser.TariffParser - Error add Tariff. class by.epam.vladlitvin.parser.PriceParser Illegal data format in "findCallPrice" method. 
2017-03-30T21:14:01,465 [main] DEBUG vladlitvin.parser.TariffParser - FOR_CALLS[здесьнебудетошибкиSMSPrice{withinNetwork="0.04";otherNetwork="0.07";otherCountry="1";}CallPrice{withinNetwork="0.04";otherNetwork="0.07";otherCountry="1";}InternetPrice{internet="0.04";}freeMinutes="600";tariffName="Безграничное_общение";subscriptionFee="20";];
2017-03-30T21:14:01,482 [main] DEBUG vladlitvin.parser.UnitParser - 600
2017-03-30T21:14:01,484 [main] DEBUG vladlitvin.parser.TariffParser - FOR_INTERNET[SMSPrice{withinNetwork="0.04";otherNetwork="0.07";otherCountry="1";}CallPrice{withinNetwork="0.04";otherNetwork="0.07";otherCountry="1";}InternetPrice{internet="0.04";}freeMegabytes="3000";tariffName="Гуглить_не_перегуглить";subscriptionFee="20";];
2017-03-30T21:14:01,485 [main] DEBUG vladlitvin.parser.UnitParser - 3000
2017-03-30T21:14:01,488 [main] DEBUG vladlitvin.parser.TariffParser - FOR_INTERNET[ошибочка];
2017-03-30T21:14:01,488 [main] WARN vladlitvin.parser.TariffParser - Error add Tariff. class by.epam.vladlitvin.parser.PriceParser Illegal data format in "findCallPrice" method. 
2017-03-30T21:14:01,488 [main] INFO vladlitvin.reader.FileReader - With file resources\clients.txtread: 
Client [clientName="Владимир_Петрович";tariffName ="Для_умного_дома";];Client [clientName="Макс";tariffName ="Для_умного_дома";];Client [clientName="Лёша";tariffName ="ГугЛить_не_перегуглить";];Client [clientName="Влад";tariffName ="Безграничное_общение";];
2017-03-30T23:37:04,726 [main] INFO vladlitvin.reader.FileReader - With file resources\tariffs.txtread: 
FOR_SMS [ здесь всё будет хорошоSMSPrice {withinNetwork = "0.04";otherNetwork = "0.07";otherCountry = "1";}CallPrice {withinNetwork = "0.04";otherNetwork = "0.07";otherCountry = "1";}InternetPrice {internet = "0.04";}freeSMS = "2000";tariffName = "Для_умного_дома";subscriptionFee = "10";];FOR_SMS [ здесь должна быть ошибкаSMSPrice {withinNetwork = "0.04";otherNetwork = "0.07";otherCountry = "1";}];FOR_CALLS [ здесь не будет ошибкиSMSPrice {withinNetwork = "0.04";otherNetwork = "0.07";otherCountry = "1";}CallPrice {withinNetwork = "0.04";otherNetwork = "0.07";otherCountry = "1";}InternetPrice {internet = "0.04";}freeMinutes = "600";tariffName = "Безграничное_общение";subscriptionFee = "20";];FOR_INTERNET [SMSPrice {withinNetwork = "0.04";otherNetwork = "0.07";otherCountry = "1";}CallPrice {withinNetwork = "0.04";otherNetwork = "0.07";otherCountry = "1";}InternetPrice {internet = "0.04";}freeMegabytes = "3000";tariffName = "Гуглить_не_перегуглить";subscriptionFee = "20";];FOR_INTERNET [ошибочка];
2017-03-30T23:37:04,742 [main] DEBUG vladlitvin.parser.TariffParser - FOR_SMS[здесьвсёбудетхорошоSMSPrice{withinNetwork="0.04";otherNetwork="0.07";otherCountry="1";}CallPrice{withinNetwork="0.04";otherNetwork="0.07";otherCountry="1";}InternetPrice{internet="0.04";}freeSMS="2000";tariffName="Для_умного_дома";subscriptionFee="10";];
2017-03-30T23:37:04,758 [main] DEBUG vladlitvin.parser.TariffParser - FOR_SMS[здесьвсёбудетхорошоSMSPrice{withinNetwork="0.04";otherNetwork="0.07";otherCountry="1";}CallPrice{withinNetwork="0.04";otherNetwork="0.07";otherCountry="1";}InternetPrice{internet="0.04";}freeSMS="2000";tariffName="Для_умного_дома";subscriptionFee="10";];
2017-03-30T23:37:04,758 [main] DEBUG vladlitvin.parser.UnitParser - freeSMS="2000";
2017-03-30T23:37:04,758 [main] DEBUG vladlitvin.parser.UnitParser - 2000
2017-03-30T23:37:04,758 [main] DEBUG vladlitvin.parser.TariffParser - FOR_SMS[здесьдолжнабытьошибкаSMSPrice{withinNetwork="0.04";otherNetwork="0.07";otherCountry="1";}];
