2017-03-28T01:22:06,210 [main] INFO entity.tariff.AbstractTariffTest - SDSD
2017-03-28T01:41:54,475 [main] INFO vladlitvin.reader.TariffFileReader - With file resources/inPutFile.txtread: 
FOR_SMS {SMSPrice {withinNetwork = "0.034";otherNetwork = "0.07";}CallPrice {withinNetwork = "0.04";otherNetwork = "0.07";otherCountry = "1";}InternetPrice {internet = "0.04";}freeSMS = "0.23";}
2017-03-28T01:43:14,991 [main] INFO vladlitvin.reader.TariffFileReader - With file resources/inPutFile.txtread: 
FOR_SMS {         SMSPrice {                   withinNetwork = "0.034";                   otherNetwork = "0.07";         }         CallPrice {                    withinNetwork = "0.04";                    otherNetwork = "0.07";                    otherCountry = "1";         }         InternetPrice {                        internet = "0.04";         }         freeSMS = "0.23";        }
2017-03-28T01:43:45,217 [main] INFO vladlitvin.reader.TariffFileReader - With file resources/inPutFile.txtread: 
FOR_SMS {SMSPrice {withinNetwork = "0.034";otherNetwork = "0.07";}CallPrice {withinNetwork = "0.04";otherNetwork = "0.07";otherCountry = "1";}InternetPrice {internet = "0.04";}freeSMS = "0.23";}
2017-03-29T23:03:02,898 [main] INFO vladlitvin.reader.TariffFileReader - With file resources\inPutFile.txtread: 
FOR_SMS [SMSPrice {withinNetwork = "0.034";otherNetwork = "0.07";}CallPrice {withinNetwork = "0.04";otherNetwork = "0.07";otherCountry = "1";}InternetPrice {internet = "0.04";}freeSMS = "0.23";];
2017-03-29T23:03:02,925 [main] WARN vladlitvin.parser.TariffParser - Error add Tariffby.epam.vladlitvin.exception.TariffParseException: SMSTariff parse error
2017-03-29T23:06:07,197 [main] INFO vladlitvin.reader.TariffFileReader - With file resources\inPutFile.txtread: 
FOR_SMS [SMSPrice {withinNetwork = "0.034";otherNetwork = "0.07";}CallPrice {withinNetwork = "0.04";otherNetwork = "0.07";otherCountry = "1";}InternetPrice {internet = "0.04";}freeSMS = "0.23";];
2017-03-29T23:06:07,219 [main] WARN vladlitvin.parser.TariffParser - Error add TariffSMSTariff parse errorIllegal data format in "findCallPrice" method
2017-03-29T23:09:22,594 [main] INFO vladlitvin.reader.TariffFileReader - With file resources\inPutFile.txtread: 
FOR_SMS [SMSPrice {withinNetwork = "0.034";otherNetwork = "0.07";}CallPrice {withinNetwork = "0.04";otherNetwork = "0.07";otherCountry = "1";}InternetPrice {internet = "0.04";}freeSMS = "0.23";];
2017-03-29T23:09:22,617 [main] WARN vladlitvin.parser.TariffParser - Error add Tariff. SMSTariff parse error. Illegal data format in "findCallPrice" method
2017-03-29T23:25:32,512 [main] INFO vladlitvin.reader.TariffFileReader - With file resources\inPutFile.txtread: 
FOR_SMS [SMSPrice {withinNetwork = "0.034";otherNetwork = "0.07";}CallPrice {withinNetwork = "0.04";otherNetwork = "0.07";otherCountry = "1";}InternetPrice {internet = "0.04";}freeSMS = "0.23";];
2017-03-29T23:25:32,537 [main] WARN vladlitvin.parser.TariffParser - Error add Tariff. SMSTariff parse error. Illegal data format in "findCallPrice" method. 
2017-03-29T23:31:53,436 [main] INFO vladlitvin.reader.TariffFileReader - With file resources\inPutFile.txtread: 
FOR_SMS [SMSPrice {withinNetwork = "0.034";otherNetwork = "0.07";}CallPrice {withinNetwork = "0.04";otherNetwork = "0.07";otherCountry = "1";}InternetPrice {internet = "0.04";}freeSMS = "0.23";];
2017-03-29T23:31:53,460 [main] DEBUG vladlitvin.parser.TariffParser - FOR_SMS[SMSPrice{withinNetwork="0.034";otherNetwork="0.07";}CallPrice{withinNetwork="0.04";otherNetwork="0.07";otherCountry="1";}InternetPrice{internet="0.04";}freeSMS="0.23";];
2017-03-29T23:31:53,461 [main] WARN vladlitvin.parser.TariffParser - Error add Tariff. SMSTariff parse error. Illegal data format in "findCallPrice" method. 
2017-03-29T23:36:29,019 [main] INFO vladlitvin.reader.TariffFileReader - With file resources\inPutFile.txtread: 
FOR_SMS [SMSPrice {withinNetwork = "0.034";otherNetwork = "0.07";}CallPrice {withinNetwork = "0.04";otherNetwork = "0.07";otherCountry = "1";}InternetPrice {internet = "0.04";}freeSMS = "0.23";];
2017-03-29T23:36:29,040 [main] DEBUG vladlitvin.parser.TariffParser - FOR_SMS[SMSPrice{withinNetwork="0.034";otherNetwork="0.07";}CallPrice{withinNetwork="0.04";otherNetwork="0.07";otherCountry="1";}InternetPrice{internet="0.04";}freeSMS="0.23";];
2017-03-29T23:36:29,042 [main] WARN vladlitvin.parser.TariffParser - Error add Tariff. SMSTariff parse error. Illegal data format in "findWithingNetwork" method
2017-03-30T10:03:37,829 [main] INFO vladlitvin.reader.TariffFileReader - With file resources\inPutFile.txtread: 
FOR_SMS [SMSPrice {withinNetwork = "0.034";otherNetwork = "0.07";}CallPrice {withinNetwork = "0.04";otherNetwork = "0.07";otherCountry = "1";}InternetPrice {internet = "0.04";}freeSMS = "0.23";];
2017-03-30T10:03:37,851 [main] DEBUG vladlitvin.parser.TariffParser - FOR_SMS[SMSPrice{withinNetwork="0.034";otherNetwork="0.07";}CallPrice{withinNetwork="0.04";otherNetwork="0.07";otherCountry="1";}InternetPrice{internet="0.04";}freeSMS="0.23";];
2017-03-30T10:03:37,853 [main] WARN vladlitvin.parser.TariffParser - Error add Tariff. Illegal data format in "findWithingNetwork" methodby.epam.vladlitvin.exception.TariffParseException: Illegal data format in "findWithingNetwork" method
2017-03-30T10:06:18,497 [main] INFO vladlitvin.reader.TariffFileReader - With file resources\inPutFile.txtread: 
FOR_SMS [SMSPrice {withinNetwork = "0.034";otherNetwork = "0.07";}CallPrice {withinNetwork = "0.04";otherNetwork = "0.07";otherCountry = "1";}InternetPrice {internet = "0.04";}freeSMS = "0.23";];
2017-03-30T10:06:18,518 [main] DEBUG vladlitvin.parser.TariffParser - FOR_SMS[SMSPrice{withinNetwork="0.034";otherNetwork="0.07";}CallPrice{withinNetwork="0.04";otherNetwork="0.07";otherCountry="1";}InternetPrice{internet="0.04";}freeSMS="0.23";];
2017-03-30T10:06:18,520 [main] WARN vladlitvin.parser.TariffParser - Error add Tariff. Illegal data format in "findWithingNetwork" methodIllegal data format in "findWithingNetwork" method
2017-03-30T10:12:02,086 [main] INFO vladlitvin.reader.TariffFileReader - With file resources\inPutFile.txtread: 
FOR_SMS [SMSPrice {withinNetwork = "0.034";otherNetwork = "0.07";}CallPrice {withinNetwork = "0.04";otherNetwork = "0.07";otherCountry = "1";}InternetPrice {internet = "0.04";}freeSMS = "0.23";];
2017-03-30T10:12:02,106 [main] DEBUG vladlitvin.parser.TariffParser - FOR_SMS[SMSPrice{withinNetwork="0.034";otherNetwork="0.07";}CallPrice{withinNetwork="0.04";otherNetwork="0.07";otherCountry="1";}InternetPrice{internet="0.04";}freeSMS="0.23";];
2017-03-30T10:12:02,107 [main] WARN vladlitvin.parser.TariffParser - Error add Tariff. class by.epam.vladlitvin.parser.UnitParserIllegal data format in "findWithingNetwork" method
2017-03-30T10:16:30,277 [main] INFO vladlitvin.reader.TariffFileReader - With file resources\inPutFile.txtread: 
FOR_SMS [SMSPrice {withinNetwork = "0.034";otherNetwork = "0.07";}CallPrice {withinNetwork = "0.04";otherNetwork = "0.07";otherCountry = "1";}InternetPrice {internet = "0.04";}freeSMS = "0.23";];
2017-03-30T10:16:30,312 [main] DEBUG vladlitvin.parser.TariffParser - FOR_SMS[SMSPrice{withinNetwork="0.034";otherNetwork="0.07";}CallPrice{withinNetwork="0.04";otherNetwork="0.07";otherCountry="1";}InternetPrice{internet="0.04";}freeSMS="0.23";];
2017-03-30T10:16:30,315 [main] WARN vladlitvin.parser.TariffParser - Error add Tariff. class by.epam.vladlitvin.parser.UnitParserCan be only one number in quotes
2017-03-30T10:31:27,343 [main] INFO vladlitvin.reader.TariffFileReader - With file resources\inPutFile.txtread: 
FOR_SMS [SMSPrice {withinNetwork = "0.034";otherNetwork = "0.07";}CallPrice {withinNetwork = "0.04";otherNetwork = "0.07";otherCountry = "1";}InternetPrice {internet = "0.04";}freeSMS = "0.23";];
2017-03-30T10:31:27,358 [main] DEBUG vladlitvin.parser.TariffParser - FOR_SMS[SMSPrice{withinNetwork="0.034";otherNetwork="0.07";}CallPrice{withinNetwork="0.04";otherNetwork="0.07";otherCountry="1";}InternetPrice{internet="0.04";}freeSMS="0.23";];
2017-03-30T10:31:27,374 [main] WARN vladlitvin.parser.TariffParser - Error add Tariff. class by.epam.vladlitvin.parser.UnitParserCan be only one number in quotes
2017-03-30T10:35:31,418 [main] INFO vladlitvin.reader.TariffFileReader - With file resources\inPutFile.txtread: 
FOR_SMS [SMSPrice {withinNetwork = "0.034";otherNetwork = "0.07";}CallPrice {withinNetwork = "0.04";otherNetwork = "0.07";otherCountry = "1";}InternetPrice {internet = "0.04";}freeSMS = "0.23";];
2017-03-30T10:35:31,450 [main] DEBUG vladlitvin.parser.TariffParser - FOR_SMS[SMSPrice{withinNetwork="0.034";otherNetwork="0.07";}CallPrice{withinNetwork="0.04";otherNetwork="0.07";otherCountry="1";}InternetPrice{internet="0.04";}freeSMS="0.23";];
2017-03-30T10:35:31,450 [main] WARN vladlitvin.parser.TariffParser - Error add Tariff. class by.epam.vladlitvin.parser.UnitParserCan be only one real number in quotes
2017-03-30T10:38:27,465 [main] INFO vladlitvin.reader.TariffFileReader - With file resources\inPutFile.txtread: 
FOR_SMS [SMSPrice {withinNetwork = "0.034";otherNetwork = "0.07";}CallPrice {withinNetwork = "0.04";otherNetwork = "0.07";otherCountry = "1";}InternetPrice {internet = "0.04";}freeSMS = "0.23";];
2017-03-30T10:38:27,503 [main] DEBUG vladlitvin.parser.TariffParser - FOR_SMS[SMSPrice{withinNetwork="0.034";otherNetwork="0.07";}CallPrice{withinNetwork="0.04";otherNetwork="0.07";otherCountry="1";}InternetPrice{internet="0.04";}freeSMS="0.23";];
2017-03-30T10:39:35,206 [main] WARN vladlitvin.parser.TariffParser - Error add Tariff. class by.epam.vladlitvin.parser.UnitParser"findBigDecimal" method. Can be only one real number in quotes
2017-03-30T10:39:37,552 [main] INFO vladlitvin.reader.TariffFileReader - With file resources\inPutFile.txtread: 
FOR_SMS [SMSPrice {withinNetwork = "0.034";otherNetwork = "0.07";}CallPrice {withinNetwork = "0.04";otherNetwork = "0.07";otherCountry = "1";}InternetPrice {internet = "0.04";}freeSMS = "0.23";];
2017-03-30T10:39:37,583 [main] DEBUG vladlitvin.parser.TariffParser - FOR_SMS[SMSPrice{withinNetwork="0.034";otherNetwork="0.07";}CallPrice{withinNetwork="0.04";otherNetwork="0.07";otherCountry="1";}InternetPrice{internet="0.04";}freeSMS="0.23";];
2017-03-30T13:10:15,358 [main] INFO vladlitvin.reader.TariffFileReader - With file resources\inPutFile.txtread: 
FOR_SMS [SMSPrice {withinNetwork = "0.034";otherNetwork = "0.07";}CallPrice {withinNetwork = "0.04";otherNetwork = "0.07";otherCountry = "1";}InternetPrice {internet = "0.04";}freeSMS = "0.23";];
2017-03-30T13:10:15,373 [main] DEBUG vladlitvin.parser.TariffParser - FOR_SMS[SMSPrice{withinNetwork="0.034";otherNetwork="0.07";}CallPrice{withinNetwork="0.04";otherNetwork="0.07";otherCountry="1";}InternetPrice{internet="0.04";}freeSMS="0.23";];
2017-03-30T13:10:15,389 [main] WARN vladlitvin.parser.TariffParser - Error add Tariff. class by.epam.vladlitvin.parser.PriceParserIllegal data format in "findSMSPrice" method
2017-03-30T13:11:39,821 [main] INFO vladlitvin.reader.TariffFileReader - With file resources\inPutFile.txtread: 
FOR_SMS [SMSPrice {withinNetwork = "0.034";otherNetwork = "0.07";}CallPrice {withinNetwork = "0.04";otherNetwork = "0.07";otherCountry = "1";}InternetPrice {internet = "0.04";}freeSMS = "0.23";];
2017-03-30T13:11:39,843 [main] DEBUG vladlitvin.parser.TariffParser - FOR_SMS[SMSPrice{withinNetwork="0.034";otherNetwork="0.07";}CallPrice{withinNetwork="0.04";otherNetwork="0.07";otherCountry="1";}InternetPrice{internet="0.04";}freeSMS="0.23";];
2017-03-30T13:11:39,859 [main] WARN vladlitvin.parser.TariffParser - Error add Tariff. class by.epam.vladlitvin.parser.PriceParserIllegal data format in "findSMSPrice" method
2017-03-30T13:12:15,397 [main] INFO vladlitvin.reader.TariffFileReader - With file resources\inPutFile.txtread: 
FOR_SMS [SMSPrice {withinNetwork = "0.034";otherNetwork = "0.07";}CallPrice {withinNetwork = "0.04";otherNetwork = "0.07";otherCountry = "1";}InternetPrice {internet = "0.04";}freeSMS = "0.23";];
2017-03-30T13:12:15,428 [main] DEBUG vladlitvin.parser.TariffParser - FOR_SMS[SMSPrice{withinNetwork="0.034";otherNetwork="0.07";}CallPrice{withinNetwork="0.04";otherNetwork="0.07";otherCountry="1";}InternetPrice{internet="0.04";}freeSMS="0.23";];
2017-03-30T13:12:15,428 [main] WARN vladlitvin.parser.TariffParser - Error add Tariff. class by.epam.vladlitvin.parser.PriceParser Illegal data format in "findSMSPrice" method
2017-03-30T13:13:05,722 [main] INFO vladlitvin.reader.TariffFileReader - With file resources\inPutFile.txtread: 
FOR_SMS [SMSPrice {withinNetwork = "0.04";otherNetwork = "0.07";otherCountry = "1";}CallPrice {withinNetwork = "0.04";otherNetwork = "0.07";otherCountry = "1";}InternetPrice {internet = "0.04";}freeSMS = "0.23";];
2017-03-30T13:13:05,753 [main] DEBUG vladlitvin.parser.TariffParser - FOR_SMS[SMSPrice{withinNetwork="0.04";otherNetwork="0.07";otherCountry="1";}CallPrice{withinNetwork="0.04";otherNetwork="0.07";otherCountry="1";}InternetPrice{internet="0.04";}freeSMS="0.23";];
2017-03-30T13:13:05,753 [main] WARN vladlitvin.parser.TariffParser - Error add Tariff. class by.epam.vladlitvin.parser.PriceParser Illegal data format in "findSMSPrice" method
2017-03-30T13:15:33,165 [main] WARN vladlitvin.parser.TariffParser - Error add Tariff. class by.epam.vladlitvin.parser.UnitParser"findBigDecimal" method. Can be only one real number in quotes
2017-03-30T13:15:41,091 [main] INFO vladlitvin.reader.TariffFileReader - With file resources\inPutFile.txtread: 
FOR_SMS [SMSPrice {withinNetwork = "0.04";otherNetwork = "0.07";otherCountry = "1";}CallPrice {withinNetwork = "0.04";otherNetwork = "0.07";otherCountry = "1";}InternetPrice {internet = "0.04";}freeSMS = "0.23";];
2017-03-30T13:15:41,122 [main] DEBUG vladlitvin.parser.TariffParser - FOR_SMS[SMSPrice{withinNetwork="0.04";otherNetwork="0.07";otherCountry="1";}CallPrice{withinNetwork="0.04";otherNetwork="0.07";otherCountry="1";}InternetPrice{internet="0.04";}freeSMS="0.23";];
2017-03-30T13:15:41,138 [main] WARN vladlitvin.parser.TariffParser - Error add Tariff. class by.epam.vladlitvin.parser.UnitParser Illegal data format in "findName" method
2017-03-30T13:17:52,897 [main] INFO vladlitvin.reader.TariffFileReader - With file resources\inPutFile.txtread: 
FOR_SMS [SMSPrice {withinNetwork = "0.04";otherNetwork = "0.07";otherCountry = "1";}CallPrice {withinNetwork = "0.04";otherNetwork = "0.07";otherCountry = "1";}InternetPrice {internet = "0.04";}freeSMS = "0.23";];
2017-03-30T13:17:52,918 [main] DEBUG vladlitvin.parser.TariffParser - FOR_SMS[SMSPrice{withinNetwork="0.04";otherNetwork="0.07";otherCountry="1";}CallPrice{withinNetwork="0.04";otherNetwork="0.07";otherCountry="1";}InternetPrice{internet="0.04";}freeSMS="0.23";];
2017-03-30T13:17:52,934 [main] WARN vladlitvin.parser.TariffParser - Error add Tariff. class by.epam.vladlitvin.parser.UnitParser Illegal data format in "findName" method
2017-03-30T13:17:58,289 [main] INFO vladlitvin.reader.TariffFileReader - With file resources\inPutFile.txtread: 
FOR_SMS [SMSPrice {withinNetwork = "0.04";otherNetwork = "0.07";otherCountry = "1";}CallPrice {withinNetwork = "0.04";otherNetwork = "0.07";otherCountry = "1";}InternetPrice {internet = "0.04";}freeSMS = "0.23";];
2017-03-30T13:17:58,311 [main] DEBUG vladlitvin.parser.TariffParser - FOR_SMS[SMSPrice{withinNetwork="0.04";otherNetwork="0.07";otherCountry="1";}CallPrice{withinNetwork="0.04";otherNetwork="0.07";otherCountry="1";}InternetPrice{internet="0.04";}freeSMS="0.23";];
2017-03-30T13:51:57,341 [main] WARN vladlitvin.parser.TariffParser - Error add Tariff. class by.epam.vladlitvin.parser.UnitParser Illegal data format in "findName" method
2017-03-30T13:52:00,266 [main] INFO vladlitvin.reader.TariffFileReader - With file resources\inPutFile.txtread: 
FOR_SMS [SMSPrice {withinNetwork = "0.04";otherNetwork = "0.07";otherCountry = "1";}CallPrice {withinNetwork = "0.04";otherNetwork = "0.07";otherCountry = "1";}InternetPrice {internet = "0.04";}freeSMS = "100";name = "0.23";subscriptionFee = "10";];
2017-03-30T13:52:00,282 [main] DEBUG vladlitvin.parser.TariffParser - FOR_SMS[SMSPrice{withinNetwork="0.04";otherNetwork="0.07";otherCountry="1";}CallPrice{withinNetwork="0.04";otherNetwork="0.07";otherCountry="1";}InternetPrice{internet="0.04";}freeSMS="100";name="0.23";subscriptionFee="10";];
2017-03-30T13:52:00,298 [main] WARN vladlitvin.parser.TariffParser - Error add Tariff. class by.epam.vladlitvin.parser.UnitParser Illegal data format in "findFreeSMS" method
2017-03-30T13:52:44,542 [main] INFO vladlitvin.reader.TariffFileReader - With file resources\inPutFile.txtread: 
FOR_SMS [SMSPrice {withinNetwork = "0.04";otherNetwork = "0.07";otherCountry = "1";}CallPrice {withinNetwork = "0.04";otherNetwork = "0.07";otherCountry = "1";}InternetPrice {internet = "0.04";}freeSMS = "100";name = "0.23";subscriptionFee = "10";];
2017-03-30T13:52:44,579 [main] DEBUG vladlitvin.parser.TariffParser - FOR_SMS[SMSPrice{withinNetwork="0.04";otherNetwork="0.07";otherCountry="1";}CallPrice{withinNetwork="0.04";otherNetwork="0.07";otherCountry="1";}InternetPrice{internet="0.04";}freeSMS="100";name="0.23";subscriptionFee="10";];
2017-03-30T13:55:43,580 [main] WARN vladlitvin.parser.TariffParser - Error add Tariff. class by.epam.vladlitvin.parser.UnitParser Illegal data format in "findFreeSMS" method
2017-03-30T13:55:47,027 [main] INFO vladlitvin.reader.TariffFileReader - With file resources\inPutFile.txtread: 
FOR_SMS [SMSPrice {withinNetwork = "0.04";otherNetwork = "0.07";otherCountry = "1";}CallPrice {withinNetwork = "0.04";otherNetwork = "0.07";otherCountry = "1";}InternetPrice {internet = "0.04";}freeSMS = "100";name = "0.23";subscriptionFee = "10";];
2017-03-30T13:55:47,042 [main] DEBUG vladlitvin.parser.TariffParser - FOR_SMS[SMSPrice{withinNetwork="0.04";otherNetwork="0.07";otherCountry="1";}CallPrice{withinNetwork="0.04";otherNetwork="0.07";otherCountry="1";}InternetPrice{internet="0.04";}freeSMS="100";name="0.23";subscriptionFee="10";];
2017-03-30T13:58:06,381 [main] INFO vladlitvin.reader.TariffFileReader - With file resources\inPutFile.txtread: 
FOR_SMS [SMSPrice {withinNetwork = "0.04";otherNetwork = "0.07";otherCountry = "1";}CallPrice {withinNetwork = "0.04";otherNetwork = "0.07";otherCountry = "1";}InternetPrice {internet = "0.04";}freeSMS = "100";name = "0.23";subscriptionFee = "10";];
2017-03-30T13:58:06,412 [main] DEBUG vladlitvin.parser.TariffParser - FOR_SMS[SMSPrice{withinNetwork="0.04";otherNetwork="0.07";otherCountry="1";}CallPrice{withinNetwork="0.04";otherNetwork="0.07";otherCountry="1";}InternetPrice{internet="0.04";}freeSMS="100";name="0.23";subscriptionFee="10";];
2017-03-30T14:03:53,848 [main] INFO vladlitvin.reader.TariffFileReader - With file resources\inPutFile.txtread: 
FOR_SMS [SMSPrice {withinNetwork = "0.04";otherNetwork = "0.07";otherCountry = "1";}CallPrice {withinNetwork = "0.04";otherNetwork = "0.07";otherCountry = "1";}InternetPrice {internet = "0.04";}freeSMS = "100";name = "0.23";subscriptionFee = "10";];
2017-03-30T14:03:53,880 [main] DEBUG vladlitvin.parser.TariffParser - FOR_SMS[SMSPrice{withinNetwork="0.04";otherNetwork="0.07";otherCountry="1";}CallPrice{withinNetwork="0.04";otherNetwork="0.07";otherCountry="1";}InternetPrice{internet="0.04";}freeSMS="100";name="0.23";subscriptionFee="10";];
2017-03-30T14:03:56,812 [main] DEBUG vladlitvin.parser.UnitParser - freeSMS="100"
2017-03-30T14:04:01,266 [main] INFO vladlitvin.reader.TariffFileReader - With file resources\inPutFile.txtread: 
FOR_SMS [SMSPrice {withinNetwork = "0.04";otherNetwork = "0.07";otherCountry = "1";}CallPrice {withinNetwork = "0.04";otherNetwork = "0.07";otherCountry = "1";}InternetPrice {internet = "0.04";}freeSMS = "100";name = "0.23";subscriptionFee = "10";];
2017-03-30T14:04:01,303 [main] DEBUG vladlitvin.parser.TariffParser - FOR_SMS[SMSPrice{withinNetwork="0.04";otherNetwork="0.07";otherCountry="1";}CallPrice{withinNetwork="0.04";otherNetwork="0.07";otherCountry="1";}InternetPrice{internet="0.04";}freeSMS="100";name="0.23";subscriptionFee="10";];
2017-03-30T14:04:27,987 [main] DEBUG vladlitvin.parser.UnitParser - freeSMS="100"
2017-03-30T14:06:13,284 [main] INFO vladlitvin.reader.TariffFileReader - With file resources\inPutFile.txtread: 
FOR_SMS [SMSPrice {withinNetwork = "0.04";otherNetwork = "0.07";otherCountry = "1";}CallPrice {withinNetwork = "0.04";otherNetwork = "0.07";otherCountry = "1";}InternetPrice {internet = "0.04";}freeSMS = "100";name = "0.23";subscriptionFee = "10";];
2017-03-30T14:06:13,315 [main] DEBUG vladlitvin.parser.TariffParser - FOR_SMS[SMSPrice{withinNetwork="0.04";otherNetwork="0.07";otherCountry="1";}CallPrice{withinNetwork="0.04";otherNetwork="0.07";otherCountry="1";}InternetPrice{internet="0.04";}freeSMS="100";name="0.23";subscriptionFee="10";];
2017-03-30T14:06:15,530 [main] DEBUG vladlitvin.parser.UnitParser - freeSMS="100"
2017-03-30T14:06:28,038 [main] DEBUG vladlitvin.parser.UnitParser - 100
2017-03-30T14:08:31,929 [main] INFO vladlitvin.reader.TariffFileReader - With file resources\inPutFile.txtread: 
FOR_SMS [SMSPrice {withinNetwork = "0.04";otherNetwork = "0.07";otherCountry = "1";}CallPrice {withinNetwork = "0.04";otherNetwork = "0.07";otherCountry = "1";}InternetPrice {internet = "0.04";}freeSMS = "100";name = "0.23";subscriptionFee = "10";];
2017-03-30T14:08:31,967 [main] DEBUG vladlitvin.parser.TariffParser - FOR_SMS[SMSPrice{withinNetwork="0.04";otherNetwork="0.07";otherCountry="1";}CallPrice{withinNetwork="0.04";otherNetwork="0.07";otherCountry="1";}InternetPrice{internet="0.04";}freeSMS="100";name="0.23";subscriptionFee="10";];
2017-03-30T14:08:53,811 [main] DEBUG vladlitvin.parser.UnitParser - freeSMS="100"
2017-03-30T14:08:55,045 [main] DEBUG vladlitvin.parser.UnitParser - 100
2017-03-30T14:10:46,269 [main] INFO vladlitvin.reader.TariffFileReader - With file resources\inPutFile.txtread: 
FOR_SMS [SMSPrice {withinNetwork = "0.04";otherNetwork = "0.07";otherCountry = "1";}CallPrice {withinNetwork = "0.04";otherNetwork = "0.07";otherCountry = "1";}InternetPrice {internet = "0.04";}freeSMS = "100";name = "0.23";subscriptionFee = "10";];
2017-03-30T14:10:46,301 [main] DEBUG vladlitvin.parser.TariffParser - FOR_SMS[SMSPrice{withinNetwork="0.04";otherNetwork="0.07";otherCountry="1";}CallPrice{withinNetwork="0.04";otherNetwork="0.07";otherCountry="1";}InternetPrice{internet="0.04";}freeSMS="100";name="0.23";subscriptionFee="10";];
2017-03-30T14:10:46,318 [main] DEBUG vladlitvin.parser.UnitParser - freeSMS="100"
2017-03-30T14:10:46,318 [main] DEBUG vladlitvin.parser.UnitParser - 100
2017-03-30T14:16:44,881 [main] INFO vladlitvin.reader.TariffFileReader - With file resources\inPutFile.txtread: 
FOR_SMS [SMSPrice {withinNetwork = "0.04";otherNetwork = "0.07";otherCountry = "1";}CallPrice {withinNetwork = "0.04";otherNetwork = "0.07";otherCountry = "1";}InternetPrice {internet = "0.04";}freeSMS = "100";name = "0.23";subscriptionFee = "10";];
2017-03-30T14:16:44,897 [main] DEBUG vladlitvin.parser.TariffParser - FOR_SMS[SMSPrice{withinNetwork="0.04";otherNetwork="0.07";otherCountry="1";}CallPrice{withinNetwork="0.04";otherNetwork="0.07";otherCountry="1";}InternetPrice{internet="0.04";}freeSMS="100";name="0.23";subscriptionFee="10";];
2017-03-30T14:16:44,913 [main] DEBUG vladlitvin.parser.UnitParser - freeSMS="100"
2017-03-30T14:16:44,913 [main] DEBUG vladlitvin.parser.UnitParser - 100
2017-03-30T14:28:29,392 [main] INFO vladlitvin.reader.TariffFileReader - With file resources\inPutFile.txtread: 
FOR_SMS [SMSPrice {withinNetwork = "0.04";otherNetwork = "0.07";otherCountry = "1";}CallPrice {withinNetwork = "0.04";otherNetwork = "0.07";otherCountry = "1";}InternetPrice {internet = "0.04";}freeSMS = "2000";name = "Для умного дома";subscriptionFee = "10";];FOR_CALLS [SMSPrice {withinNetwork = "0.04";otherNetwork = "0.07";otherCountry = "1";}CallPrice {withinNetwork = "0.04";otherNetwork = "0.07";otherCountry = "1";}InternetPrice {internet = "0.04";}freeMinutes = "600";name = "Безграничное общение";subscriptionFee = "20";];
2017-03-30T14:28:29,423 [main] DEBUG vladlitvin.parser.TariffParser - FOR_SMS[SMSPrice{withinNetwork="0.04";otherNetwork="0.07";otherCountry="1";}CallPrice{withinNetwork="0.04";otherNetwork="0.07";otherCountry="1";}InternetPrice{internet="0.04";}freeSMS="2000";name="Дляумногодома";subscriptionFee="10";];FOR_CALLS[SMSPrice{withinNetwork="0.04";otherNetwork="0.07";otherCountry="1";}CallPrice{withinNetwork="0.04";otherNetwork="0.07";otherCountry="1";}InternetPrice{internet="0.04";}freeMinutes="600";name="Безграничноеобщение";subscriptionFee="20";];
2017-03-30T14:28:29,423 [main] WARN vladlitvin.parser.TariffParser - Error add Tariff. class by.epam.vladlitvin.parser.PriceParserCan be only one "CallPrice" class. 
2017-03-30T14:30:07,581 [main] INFO vladlitvin.reader.TariffFileReader - With file resources\inPutFile.txtread: 
FOR_SMS [SMSPrice {withinNetwork = "0.04";otherNetwork = "0.07";otherCountry = "1";}CallPrice {withinNetwork = "0.04";otherNetwork = "0.07";otherCountry = "1";}InternetPrice {internet = "0.04";}freeSMS = "2000";name = "Для умного дома";subscriptionFee = "10";];FOR_CALLS [SMSPrice {withinNetwork = "0.04";otherNetwork = "0.07";otherCountry = "1";}CallPrice {withinNetwork = "0.04";otherNetwork = "0.07";otherCountry = "1";}InternetPrice {internet = "0.04";}freeMinutes = "600";name = "Безграничное общение";subscriptionFee = "20";];
2017-03-30T14:30:07,599 [main] DEBUG vladlitvin.parser.TariffParser - FOR_SMS[SMSPrice{withinNetwork="0.04";otherNetwork="0.07";otherCountry="1";}CallPrice{withinNetwork="0.04";otherNetwork="0.07";otherCountry="1";}InternetPrice{internet="0.04";}freeSMS="2000";name="Дляумногодома";subscriptionFee="10";];FOR_CALLS[SMSPrice{withinNetwork="0.04";otherNetwork="0.07";otherCountry="1";}CallPrice{withinNetwork="0.04";otherNetwork="0.07";otherCountry="1";}InternetPrice{internet="0.04";}freeMinutes="600";name="Безграничноеобщение";subscriptionFee="20";];
2017-03-30T14:32:24,444 [main] WARN vladlitvin.parser.TariffParser - Error add Tariff. class by.epam.vladlitvin.parser.PriceParserCan be only one "CallPrice" class. 
2017-03-30T14:34:03,518 [main] INFO vladlitvin.reader.TariffFileReader - With file resources\inPutFile.txtread: 
FOR_SMS [SMSPrice {withinNetwork = "0.04";otherNetwork = "0.07";otherCountry = "1";}CallPrice {withinNetwork = "0.04";otherNetwork = "0.07";otherCountry = "1";}InternetPrice {internet = "0.04";}freeSMS = "2000";name = "Для умного дома";subscriptionFee = "10";];FOR_CALLS [SMSPrice {withinNetwork = "0.04";otherNetwork = "0.07";otherCountry = "1";}CallPrice {withinNetwork = "0.04";otherNetwork = "0.07";otherCountry = "1";}InternetPrice {internet = "0.04";}freeMinutes = "600";name = "Безграничное общение";subscriptionFee = "20";];
2017-03-30T14:34:03,549 [main] DEBUG vladlitvin.parser.TariffParser - FOR_SMS[SMSPrice{withinNetwork="0.04";otherNetwork="0.07";otherCountry="1";}CallPrice{withinNetwork="0.04";otherNetwork="0.07";otherCountry="1";}InternetPrice{internet="0.04";}freeSMS="2000";name="Дляумногодома";subscriptionFee="10";];FOR_CALLS[SMSPrice{withinNetwork="0.04";otherNetwork="0.07";otherCountry="1";}CallPrice{withinNetwork="0.04";otherNetwork="0.07";otherCountry="1";}InternetPrice{internet="0.04";}freeMinutes="600";name="Безграничноеобщение";subscriptionFee="20";];
2017-03-30T14:39:10,418 [main] WARN vladlitvin.parser.TariffParser - Error add Tariff. class by.epam.vladlitvin.parser.PriceParserCan be only one "CallPrice" class. 
2017-03-30T14:39:18,069 [main] INFO vladlitvin.reader.TariffFileReader - With file resources\inPutFile.txtread: 
FOR_SMS [SMSPrice {withinNetwork = "0.04";otherNetwork = "0.07";otherCountry = "1";}CallPrice {withinNetwork = "0.04";otherNetwork = "0.07";otherCountry = "1";}InternetPrice {internet = "0.04";}freeSMS = "2000";name = "Для умного дома";subscriptionFee = "10";];FOR_CALLS [SMSPrice {withinNetwork = "0.04";otherNetwork = "0.07";otherCountry = "1";}CallPrice {withinNetwork = "0.04";otherNetwork = "0.07";otherCountry = "1";}InternetPrice {internet = "0.04";}freeMinutes = "600";name = "Безграничное общение";subscriptionFee = "20";];
2017-03-30T14:39:26,755 [main] DEBUG vladlitvin.parser.TariffParser - FOR_SMS[SMSPrice{withinNetwork="0.04";otherNetwork="0.07";otherCountry="1";}CallPrice{withinNetwork="0.04";otherNetwork="0.07";otherCountry="1";}InternetPrice{internet="0.04";}freeSMS="2000";name="Дляумногодома";subscriptionFee="10";];FOR_CALLS[SMSPrice{withinNetwork="0.04";otherNetwork="0.07";otherCountry="1";}CallPrice{withinNetwork="0.04";otherNetwork="0.07";otherCountry="1";}InternetPrice{internet="0.04";}freeMinutes="600";name="Безграничноеобщение";subscriptionFee="20";];
2017-03-30T14:40:16,582 [main] DEBUG vladlitvin.parser.TariffParser - FOR_SMS[SMSPrice{withinNetwork="0.04";otherNetwork="0.07";otherCountry="1";}CallPrice{withinNetwork="0.04";otherNetwork="0.07";otherCountry="1";}InternetPrice{internet="0.04";}freeSMS="2000";name="Дляумногодома";subscriptionFee="10";];FOR_CALLS[SMSPrice{withinNetwork="0.04";otherNetwork="0.07";otherCountry="1";}CallPrice{withinNetwork="0.04";otherNetwork="0.07";otherCountry="1";}InternetPrice{internet="0.04";}freeMinutes="600";name="Безграничноеобщение";subscriptionFee="20";];
2017-03-30T14:40:16,598 [main] WARN vladlitvin.parser.TariffParser - Error add Tariff. class by.epam.vladlitvin.parser.PriceParserCan be only one "CallPrice" class. 
2017-03-30T14:40:20,318 [main] INFO vladlitvin.reader.TariffFileReader - With file resources\inPutFile.txtread: 
FOR_SMS [SMSPrice {withinNetwork = "0.04";otherNetwork = "0.07";otherCountry = "1";}CallPrice {withinNetwork = "0.04";otherNetwork = "0.07";otherCountry = "1";}InternetPrice {internet = "0.04";}freeSMS = "2000";name = "Для умного дома";subscriptionFee = "10";];FOR_CALLS [SMSPrice {withinNetwork = "0.04";otherNetwork = "0.07";otherCountry = "1";}CallPrice {withinNetwork = "0.04";otherNetwork = "0.07";otherCountry = "1";}InternetPrice {internet = "0.04";}freeMinutes = "600";name = "Безграничное общение";subscriptionFee = "20";];
2017-03-30T14:40:26,697 [main] DEBUG vladlitvin.parser.TariffParser - FOR_SMS[SMSPrice{withinNetwork="0.04";otherNetwork="0.07";otherCountry="1";}CallPrice{withinNetwork="0.04";otherNetwork="0.07";otherCountry="1";}InternetPrice{internet="0.04";}freeSMS="2000";name="Дляумногодома";subscriptionFee="10";];
2017-03-30T14:40:26,697 [main] DEBUG vladlitvin.parser.TariffParser - FOR_SMS[SMSPrice{withinNetwork="0.04";otherNetwork="0.07";otherCountry="1";}CallPrice{withinNetwork="0.04";otherNetwork="0.07";otherCountry="1";}InternetPrice{internet="0.04";}freeSMS="2000";name="Дляумногодома";subscriptionFee="10";];
2017-03-30T14:41:14,967 [main] DEBUG vladlitvin.parser.UnitParser - freeSMS="2000"
2017-03-30T14:41:14,967 [main] DEBUG vladlitvin.parser.UnitParser - 2000
2017-03-30T14:41:14,983 [main] DEBUG vladlitvin.parser.TariffParser - FOR_CALLS[SMSPrice{withinNetwork="0.04";otherNetwork="0.07";otherCountry="1";}CallPrice{withinNetwork="0.04";otherNetwork="0.07";otherCountry="1";}InternetPrice{internet="0.04";}freeMinutes="600";name="Безграничноеобщение";subscriptionFee="20";];
2017-03-30T14:41:14,983 [main] DEBUG vladlitvin.parser.UnitParser - 600
2017-03-30T14:41:17,133 [main] INFO vladlitvin.reader.TariffFileReader - With file resources\inPutFile.txtread: 
FOR_SMS [SMSPrice {withinNetwork = "0.04";otherNetwork = "0.07";otherCountry = "1";}CallPrice {withinNetwork = "0.04";otherNetwork = "0.07";otherCountry = "1";}InternetPrice {internet = "0.04";}freeSMS = "2000";name = "Для умного дома";subscriptionFee = "10";];FOR_CALLS [SMSPrice {withinNetwork = "0.04";otherNetwork = "0.07";otherCountry = "1";}CallPrice {withinNetwork = "0.04";otherNetwork = "0.07";otherCountry = "1";}InternetPrice {internet = "0.04";}freeMinutes = "600";name = "Безграничное общение";subscriptionFee = "20";];
2017-03-30T14:41:17,168 [main] DEBUG vladlitvin.parser.TariffParser - FOR_SMS[SMSPrice{withinNetwork="0.04";otherNetwork="0.07";otherCountry="1";}CallPrice{withinNetwork="0.04";otherNetwork="0.07";otherCountry="1";}InternetPrice{internet="0.04";}freeSMS="2000";name="Дляумногодома";subscriptionFee="10";];
2017-03-30T14:41:17,168 [main] DEBUG vladlitvin.parser.TariffParser - FOR_SMS[SMSPrice{withinNetwork="0.04";otherNetwork="0.07";otherCountry="1";}CallPrice{withinNetwork="0.04";otherNetwork="0.07";otherCountry="1";}InternetPrice{internet="0.04";}freeSMS="2000";name="Дляумногодома";subscriptionFee="10";];
2017-03-30T14:41:17,171 [main] DEBUG vladlitvin.parser.UnitParser - freeSMS="2000"
2017-03-30T14:41:17,171 [main] DEBUG vladlitvin.parser.UnitParser - 2000
2017-03-30T14:41:17,171 [main] DEBUG vladlitvin.parser.TariffParser - FOR_CALLS[SMSPrice{withinNetwork="0.04";otherNetwork="0.07";otherCountry="1";}CallPrice{withinNetwork="0.04";otherNetwork="0.07";otherCountry="1";}InternetPrice{internet="0.04";}freeMinutes="600";name="Безграничноеобщение";subscriptionFee="20";];
2017-03-30T14:41:17,171 [main] DEBUG vladlitvin.parser.UnitParser - 600
2017-03-30T14:44:52,343 [main] INFO vladlitvin.reader.TariffFileReader - With file resources\inPutFile.txtread: 
FOR_SMS [SMSPrice {withinNetwork = "0.04";otherNetwork = "0.07";otherCountry = "1";}CallPrice {withinNetwork = "0.04";otherNetwork = "0.07";otherCountry = "1";}InternetPrice {internet = "0.04";}freeSMS = "2000";name = "Для_умного_дома";subscriptionFee = "10";];FOR_CALLS [SMSPrice {withinNetwork = "0.04";otherNetwork = "0.07";otherCountry = "1";}CallPrice {withinNetwork = "0.04";otherNetwork = "0.07";otherCountry = "1";}InternetPrice {internet = "0.04";}freeMinutes = "600";name = "Безграничное_общение";subscriptionFee = "20";];FOR_INTERNET [SMSPrice {withinNetwork = "0.04";otherNetwork = "0.07";otherCountry = "1";}CallPrice {withinNetwork = "0.04";otherNetwork = "0.07";otherCountry = "1";}InternetPrice {internet = "0.04";}freeMegabytes = "3000";name = "Гуглить_не_перегуглить";subscriptionFee = "20";];
2017-03-30T14:44:52,359 [main] DEBUG vladlitvin.parser.TariffParser - FOR_SMS[SMSPrice{withinNetwork="0.04";otherNetwork="0.07";otherCountry="1";}CallPrice{withinNetwork="0.04";otherNetwork="0.07";otherCountry="1";}InternetPrice{internet="0.04";}freeSMS="2000";name="Для_умного_дома";subscriptionFee="10";];
2017-03-30T14:44:52,359 [main] DEBUG vladlitvin.parser.TariffParser - FOR_SMS[SMSPrice{withinNetwork="0.04";otherNetwork="0.07";otherCountry="1";}CallPrice{withinNetwork="0.04";otherNetwork="0.07";otherCountry="1";}InternetPrice{internet="0.04";}freeSMS="2000";name="Для_умного_дома";subscriptionFee="10";];
2017-03-30T14:44:52,374 [main] DEBUG vladlitvin.parser.UnitParser - freeSMS="2000"
2017-03-30T14:44:52,374 [main] DEBUG vladlitvin.parser.UnitParser - 2000
2017-03-30T14:44:52,374 [main] DEBUG vladlitvin.parser.TariffParser - FOR_CALLS[SMSPrice{withinNetwork="0.04";otherNetwork="0.07";otherCountry="1";}CallPrice{withinNetwork="0.04";otherNetwork="0.07";otherCountry="1";}InternetPrice{internet="0.04";}freeMinutes="600";name="Безграничное_общение";subscriptionFee="20";];
2017-03-30T14:44:52,374 [main] DEBUG vladlitvin.parser.UnitParser - 600
2017-03-30T14:44:52,374 [main] DEBUG vladlitvin.parser.TariffParser - FOR_INTERNET[SMSPrice{withinNetwork="0.04";otherNetwork="0.07";otherCountry="1";}CallPrice{withinNetwork="0.04";otherNetwork="0.07";otherCountry="1";}InternetPrice{internet="0.04";}freeMegabytes="3000";name="Гуглить_не_перегуглить";subscriptionFee="20";];
2017-03-30T14:44:52,374 [main] DEBUG vladlitvin.parser.UnitParser - 3000
2017-03-30T14:46:13,258 [main] INFO vladlitvin.reader.TariffFileReader - With file resources\inPutFile.txtread: 
FOR_SMS [SMSPrice {withinNetwork = "0.04";otherNetwork = "0.07";otherCountry = "1";}CallPrice {withinNetwork = "0.04";otherNetwork = "0.07";otherCountry = "1";}InternetPrice {internet = "0.04";}freeSMS = "2000";name = "Для_умного_дома";subscriptionFee = "10";];FOR_SMS [SMSPrice {withinNetwork = "0.04";otherNetwork = "0.07";otherCountry = "1";}CallPrice {withinNetwork = "0.04";otherNetwork = "0.07";otherCountry = "1";}InternetPrice {internet = "0.04";}freeSMS = "2000";];FOR_CALLS [SMSPrice {withinNetwork = "0.04";otherNetwork = "0.07";otherCountry = "1";}CallPrice {withinNetwork = "0.04";otherNetwork = "0.07";otherCountry = "1";}InternetPrice {internet = "0.04";}freeMinutes = "600";name = "Безграничное_общение";subscriptionFee = "20";];FOR_INTERNET [SMSPrice {withinNetwork = "0.04";otherNetwork = "0.07";otherCountry = "1";}CallPrice {withinNetwork = "0.04";otherNetwork = "0.07";otherCountry = "1";}InternetPrice {internet = "0.04";}freeMegabytes = "3000";name = "Гуглить_не_перегуглить";subscriptionFee = "20";];
2017-03-30T14:46:13,274 [main] DEBUG vladlitvin.parser.TariffParser - FOR_SMS[SMSPrice{withinNetwork="0.04";otherNetwork="0.07";otherCountry="1";}CallPrice{withinNetwork="0.04";otherNetwork="0.07";otherCountry="1";}InternetPrice{internet="0.04";}freeSMS="2000";name="Для_умного_дома";subscriptionFee="10";];
2017-03-30T14:46:13,274 [main] DEBUG vladlitvin.parser.TariffParser - FOR_SMS[SMSPrice{withinNetwork="0.04";otherNetwork="0.07";otherCountry="1";}CallPrice{withinNetwork="0.04";otherNetwork="0.07";otherCountry="1";}InternetPrice{internet="0.04";}freeSMS="2000";name="Для_умного_дома";subscriptionFee="10";];
2017-03-30T14:46:13,290 [main] DEBUG vladlitvin.parser.UnitParser - freeSMS="2000"
2017-03-30T14:46:13,290 [main] DEBUG vladlitvin.parser.UnitParser - 2000
2017-03-30T14:46:13,290 [main] DEBUG vladlitvin.parser.TariffParser - FOR_SMS[SMSPrice{withinNetwork="0.04";otherNetwork="0.07";otherCountry="1";}CallPrice{withinNetwork="0.04";otherNetwork="0.07";otherCountry="1";}InternetPrice{internet="0.04";}freeSMS="2000";];
2017-03-30T14:46:13,290 [main] DEBUG vladlitvin.parser.TariffParser - FOR_SMS[SMSPrice{withinNetwork="0.04";otherNetwork="0.07";otherCountry="1";}CallPrice{withinNetwork="0.04";otherNetwork="0.07";otherCountry="1";}InternetPrice{internet="0.04";}freeSMS="2000";];
2017-03-30T14:46:13,290 [main] WARN vladlitvin.parser.TariffParser - Error add Tariff. class by.epam.vladlitvin.parser.UnitParser Illegal data format in "findName" method
2017-03-30T14:46:13,290 [main] DEBUG vladlitvin.parser.TariffParser - FOR_CALLS[SMSPrice{withinNetwork="0.04";otherNetwork="0.07";otherCountry="1";}CallPrice{withinNetwork="0.04";otherNetwork="0.07";otherCountry="1";}InternetPrice{internet="0.04";}freeMinutes="600";name="Безграничное_общение";subscriptionFee="20";];
2017-03-30T14:46:13,290 [main] DEBUG vladlitvin.parser.UnitParser - 600
2017-03-30T14:46:13,290 [main] DEBUG vladlitvin.parser.TariffParser - FOR_INTERNET[SMSPrice{withinNetwork="0.04";otherNetwork="0.07";otherCountry="1";}CallPrice{withinNetwork="0.04";otherNetwork="0.07";otherCountry="1";}InternetPrice{internet="0.04";}freeMegabytes="3000";name="Гуглить_не_перегуглить";subscriptionFee="20";];
2017-03-30T14:46:13,290 [main] DEBUG vladlitvin.parser.UnitParser - 3000
2017-03-30T14:47:29,874 [main] INFO vladlitvin.reader.TariffFileReader - With file resources\inPutFile.txtread: 
FOR_SMS [SMSPrice {withinNetwork = "0.04";otherNetwork = "0.07";otherCountry = "1";}CallPrice {withinNetwork = "0.04";otherNetwork = "0.07";otherCountry = "1";}InternetPrice {internet = "0.04";}freeSMS = "2000";name = "Для_умного_дома";subscriptionFee = "10";];FOR_SMS [SMSPrice {withinNetwork = "0.04";otherNetwork = "0.07";otherCountry = "1";}CallPrice {withinNetwork = "0.04";otherNetwork = "0.07";otherCountry = "1";}InternetPrice {internet = "0.04";}freeSMS = "2000";];FOR_CALLS [SMSPrice {withinNetwork = "0.04";otherNetwork = "0.07";otherCountry = "1";}CallPrice {withinNetwork = "0.04";otherNetwork = "0.07";otherCountry = "1";}InternetPrice {internet = "0.04";}freeMinutes = "600";name = "Безграничное_общение";subscriptionFee = "20";];FOR_INTERNET [SMSPrice {withinNetwork = "0.04";otherNetwork = "0.07";otherCountry = "1";}CallPrice {withinNetwork = "0.04";otherNetwork = "0.07";otherCountry = "1";}InternetPrice {internet = "0.04";}freeMegabytes = "3000";name = "Гуглить_не_перегуглить";subscriptionFee = "20";];
2017-03-30T14:47:29,912 [main] DEBUG vladlitvin.parser.TariffParser - FOR_SMS[SMSPrice{withinNetwork="0.04";otherNetwork="0.07";otherCountry="1";}CallPrice{withinNetwork="0.04";otherNetwork="0.07";otherCountry="1";}InternetPrice{internet="0.04";}freeSMS="2000";name="Для_умного_дома";subscriptionFee="10";];
2017-03-30T14:47:29,912 [main] DEBUG vladlitvin.parser.TariffParser - FOR_SMS[SMSPrice{withinNetwork="0.04";otherNetwork="0.07";otherCountry="1";}CallPrice{withinNetwork="0.04";otherNetwork="0.07";otherCountry="1";}InternetPrice{internet="0.04";}freeSMS="2000";name="Для_умного_дома";subscriptionFee="10";];
2017-03-30T14:47:29,912 [main] DEBUG vladlitvin.parser.UnitParser - freeSMS="2000";
2017-03-30T14:47:29,912 [main] DEBUG vladlitvin.parser.UnitParser - 2000
2017-03-30T14:47:29,912 [main] DEBUG vladlitvin.parser.TariffParser - FOR_SMS[SMSPrice{withinNetwork="0.04";otherNetwork="0.07";otherCountry="1";}CallPrice{withinNetwork="0.04";otherNetwork="0.07";otherCountry="1";}InternetPrice{internet="0.04";}freeSMS="2000";];
2017-03-30T14:47:29,912 [main] DEBUG vladlitvin.parser.TariffParser - FOR_SMS[SMSPrice{withinNetwork="0.04";otherNetwork="0.07";otherCountry="1";}CallPrice{withinNetwork="0.04";otherNetwork="0.07";otherCountry="1";}InternetPrice{internet="0.04";}freeSMS="2000";];
2017-03-30T14:47:29,928 [main] WARN vladlitvin.parser.TariffParser - Error add Tariff. class by.epam.vladlitvin.parser.UnitParser Illegal data format in "findName" method
2017-03-30T14:47:29,928 [main] DEBUG vladlitvin.parser.TariffParser - FOR_CALLS[SMSPrice{withinNetwork="0.04";otherNetwork="0.07";otherCountry="1";}CallPrice{withinNetwork="0.04";otherNetwork="0.07";otherCountry="1";}InternetPrice{internet="0.04";}freeMinutes="600";name="Безграничное_общение";subscriptionFee="20";];
2017-03-30T14:47:29,928 [main] DEBUG vladlitvin.parser.UnitParser - 600
2017-03-30T14:47:29,928 [main] DEBUG vladlitvin.parser.TariffParser - FOR_INTERNET[SMSPrice{withinNetwork="0.04";otherNetwork="0.07";otherCountry="1";}CallPrice{withinNetwork="0.04";otherNetwork="0.07";otherCountry="1";}InternetPrice{internet="0.04";}freeMegabytes="3000";name="Гуглить_не_перегуглить";subscriptionFee="20";];
2017-03-30T14:47:29,928 [main] DEBUG vladlitvin.parser.UnitParser - 3000
2017-03-30T14:48:05,858 [main] INFO vladlitvin.reader.TariffFileReader - With file resources\inPutFile.txtread: 
FOR_SMS [SMSPrice {withinNetwork = "0.04";otherNetwork = "0.07";otherCountry = "1";}CallPrice {withinNetwork = "0.04";otherNetwork = "0.07";otherCountry = "1";}InternetPrice {internet = "0.04";}freeSMS = "2000";name = "Для_умного_дома";subscriptionFee = "10";];FOR_SMS [SMSPrice {withinNetwork = "0.04";otherNetwork = "0.07";otherCountry = "1";}CallPrice {withinNetwork = "0.04";otherNetwork = "0.07";otherCountry = "1";}InternetPrice {internet = "0.04";}freeSMS = "2000";];FOR_CALLS [SMSPrice {withinNetwork = "0.04";otherNetwork = "0.07";otherCountry = "1";}CallPrice {withinNetwork = "0.04";otherNetwork = "0.07";otherCountry = "1";}InternetPrice {internet = "0.04";}freeMinutes = "600";name = "Безграничное_общение";subscriptionFee = "20";];FOR_INTERNET [SMSPrice {withinNetwork = "0.04";otherNetwork = "0.07";otherCountry = "1";}CallPrice {withinNetwork = "0.04";otherNetwork = "0.07";otherCountry = "1";}InternetPrice {internet = "0.04";}freeMegabytes = "3000";name = "Гуглить_не_перегуглить";subscriptionFee = "20";];
2017-03-30T14:48:05,892 [main] DEBUG vladlitvin.parser.TariffParser - FOR_SMS[SMSPrice{withinNetwork="0.04";otherNetwork="0.07";otherCountry="1";}CallPrice{withinNetwork="0.04";otherNetwork="0.07";otherCountry="1";}InternetPrice{internet="0.04";}freeSMS="2000";name="Для_умного_дома";subscriptionFee="10";];
2017-03-30T14:48:05,892 [main] DEBUG vladlitvin.parser.TariffParser - FOR_SMS[SMSPrice{withinNetwork="0.04";otherNetwork="0.07";otherCountry="1";}CallPrice{withinNetwork="0.04";otherNetwork="0.07";otherCountry="1";}InternetPrice{internet="0.04";}freeSMS="2000";name="Для_умного_дома";subscriptionFee="10";];
2017-03-30T14:48:05,896 [main] DEBUG vladlitvin.parser.UnitParser - freeSMS="2000";
2017-03-30T14:48:05,896 [main] DEBUG vladlitvin.parser.UnitParser - 2000
2017-03-30T14:48:05,896 [main] DEBUG vladlitvin.parser.TariffParser - FOR_SMS[SMSPrice{withinNetwork="0.04";otherNetwork="0.07";otherCountry="1";}CallPrice{withinNetwork="0.04";otherNetwork="0.07";otherCountry="1";}InternetPrice{internet="0.04";}freeSMS="2000";];
2017-03-30T14:48:05,896 [main] DEBUG vladlitvin.parser.TariffParser - FOR_SMS[SMSPrice{withinNetwork="0.04";otherNetwork="0.07";otherCountry="1";}CallPrice{withinNetwork="0.04";otherNetwork="0.07";otherCountry="1";}InternetPrice{internet="0.04";}freeSMS="2000";];
2017-03-30T14:48:05,896 [main] WARN vladlitvin.parser.TariffParser - Error add Tariff. class by.epam.vladlitvin.parser.UnitParser Illegal data format in "findName" method
2017-03-30T14:48:05,896 [main] DEBUG vladlitvin.parser.TariffParser - FOR_CALLS[SMSPrice{withinNetwork="0.04";otherNetwork="0.07";otherCountry="1";}CallPrice{withinNetwork="0.04";otherNetwork="0.07";otherCountry="1";}InternetPrice{internet="0.04";}freeMinutes="600";name="Безграничное_общение";subscriptionFee="20";];
2017-03-30T14:48:05,896 [main] DEBUG vladlitvin.parser.UnitParser - 600
2017-03-30T14:48:05,896 [main] DEBUG vladlitvin.parser.TariffParser - FOR_INTERNET[SMSPrice{withinNetwork="0.04";otherNetwork="0.07";otherCountry="1";}CallPrice{withinNetwork="0.04";otherNetwork="0.07";otherCountry="1";}InternetPrice{internet="0.04";}freeMegabytes="3000";name="Гуглить_не_перегуглить";subscriptionFee="20";];
2017-03-30T14:48:05,896 [main] DEBUG vladlitvin.parser.UnitParser - 3000
2017-03-30T14:48:44,235 [main] INFO vladlitvin.reader.TariffFileReader - With file resources\inPutFile.txtread: 
FOR_SMS [SMSPrice {withinNetwork = "0.04";otherNetwork = "0.07";otherCountry = "1";}CallPrice {withinNetwork = "0.04";otherNetwork = "0.07";otherCountry = "1";}InternetPrice {internet = "0.04";}freeSMS = "2000";name = "Для_умного_дома";subscriptionFee = "10";];FOR_SMS [SMSPrice {withinNetwork = "0.04";otherNetwork = "0.07";otherCountry = "1";}];FOR_CALLS [SMSPrice {withinNetwork = "0.04";otherNetwork = "0.07";otherCountry = "1"; sdfasdfasdfasdf}CallPrice {withinNetwork = "0.04";otherNetwork = "0.07";otherCountry = "1";}InternetPrice {internet = "0.04";}freeMinutes = "600";name = "Безграничное_общение";subscriptionFee = "20";];FOR_INTERNET [SMSPrice {withinNetwork = "0.04";otherNetwork = "0.07";otherCountry = "1";}CallPrice {withinNetwork = "0.04";otherNetwork = "0.07";otherCountry = "1";}InternetPrice {internet = "0.04";}freeMegabytes = "3000";name = "Гуглить_не_перегуглить";subscriptionFee = "20";];
2017-03-30T14:48:44,271 [main] DEBUG vladlitvin.parser.TariffParser - FOR_SMS[SMSPrice{withinNetwork="0.04";otherNetwork="0.07";otherCountry="1";}CallPrice{withinNetwork="0.04";otherNetwork="0.07";otherCountry="1";}InternetPrice{internet="0.04";}freeSMS="2000";name="Для_умного_дома";subscriptionFee="10";];
2017-03-30T14:48:44,272 [main] DEBUG vladlitvin.parser.TariffParser - FOR_SMS[SMSPrice{withinNetwork="0.04";otherNetwork="0.07";otherCountry="1";}CallPrice{withinNetwork="0.04";otherNetwork="0.07";otherCountry="1";}InternetPrice{internet="0.04";}freeSMS="2000";name="Для_умного_дома";subscriptionFee="10";];
2017-03-30T14:48:44,273 [main] DEBUG vladlitvin.parser.UnitParser - freeSMS="2000";
2017-03-30T14:48:44,273 [main] DEBUG vladlitvin.parser.UnitParser - 2000
2017-03-30T14:48:44,273 [main] DEBUG vladlitvin.parser.TariffParser - FOR_SMS[SMSPrice{withinNetwork="0.04";otherNetwork="0.07";otherCountry="1";}];
2017-03-30T14:48:44,273 [main] DEBUG vladlitvin.parser.TariffParser - FOR_SMS[SMSPrice{withinNetwork="0.04";otherNetwork="0.07";otherCountry="1";}];
2017-03-30T14:48:44,273 [main] WARN vladlitvin.parser.TariffParser - Error add Tariff. class by.epam.vladlitvin.parser.PriceParser Illegal data format in "findCallPrice" method. 
2017-03-30T14:48:44,273 [main] DEBUG vladlitvin.parser.TariffParser - FOR_CALLS[SMSPrice{withinNetwork="0.04";otherNetwork="0.07";otherCountry="1";sdfasdfasdfasdf}CallPrice{withinNetwork="0.04";otherNetwork="0.07";otherCountry="1";}InternetPrice{internet="0.04";}freeMinutes="600";name="Безграничное_общение";subscriptionFee="20";];
2017-03-30T14:48:44,273 [main] DEBUG vladlitvin.parser.UnitParser - 600
2017-03-30T14:48:44,273 [main] DEBUG vladlitvin.parser.TariffParser - FOR_INTERNET[SMSPrice{withinNetwork="0.04";otherNetwork="0.07";otherCountry="1";}CallPrice{withinNetwork="0.04";otherNetwork="0.07";otherCountry="1";}InternetPrice{internet="0.04";}freeMegabytes="3000";name="Гуглить_не_перегуглить";subscriptionFee="20";];
2017-03-30T14:48:44,273 [main] DEBUG vladlitvin.parser.UnitParser - 3000
2017-03-30T14:49:29,022 [main] INFO vladlitvin.reader.TariffFileReader - With file resources\inPutFile.txtread: 
FOR_SMS [SMSPrice {withinNetwork = "0.04";otherNetwork = "0.07";otherCountry = "1";}CallPrice {withinNetwork = "0.04";otherNetwork = "0.07";otherCountry = "1";}InternetPrice {internet = "0.04";}freeSMS = "2000";name = "Для_умного_дома";subscriptionFee = "10";];FOR_SMS [SMSPrice {withinNetwork = "0.04";otherNetwork = "0.07";otherCountry = "1";}];FOR_CALLS [SMSPrice {withinNetwork = "0.04";otherNetwork = "0.07";otherCountry = "1";}CallPrice {withinNetwork = "0.04";otherNetwork = "0.07";otherCountry = "1";}InternetPrice {internet = "0.04";}freeMinutes = "600";name = "Безграничное_общение";subscriptionFee = "20";];FOR_INTERNET [SMSPrice {withinNetwork = "0.04";otherNetwork = "0.07";otherCountry = "1";}CallPrice {withinNetwork = "0.04";otherNetwork = "0.07";otherCountry = "1";}InternetPrice {internet = "0.04";}freeMegabytes = "3000";name = "Гуглить_не_перегуглить";subscriptionFee = "20";];FOR_INTERNET [ошибочка];
2017-03-30T14:49:29,038 [main] DEBUG vladlitvin.parser.TariffParser - FOR_SMS[SMSPrice{withinNetwork="0.04";otherNetwork="0.07";otherCountry="1";}CallPrice{withinNetwork="0.04";otherNetwork="0.07";otherCountry="1";}InternetPrice{internet="0.04";}freeSMS="2000";name="Для_умного_дома";subscriptionFee="10";];
