2017-03-30T23:37:04,773 [main] DEBUG vladlitvin.parser.TariffParser - FOR_SMS[здесьдолжнабытьошибкаSMSPrice{withinNetwork="0.04";otherNetwork="0.07";otherCountry="1";}];
2017-03-30T23:37:04,773 [main] WARN vladlitvin.parser.TariffParser - Error add Tariff. class by.epam.vladlitvin.parser.PriceParser Illegal data format in "findCallPrice" method. 
2017-03-30T23:37:04,773 [main] DEBUG vladlitvin.parser.TariffParser - FOR_CALLS[здесьнебудетошибкиSMSPrice{withinNetwork="0.04";otherNetwork="0.07";otherCountry="1";}CallPrice{withinNetwork="0.04";otherNetwork="0.07";otherCountry="1";}InternetPrice{internet="0.04";}freeMinutes="600";tariffName="Безграничное_общение";subscriptionFee="20";];
2017-03-30T23:37:04,773 [main] DEBUG vladlitvin.parser.UnitParser - 600
2017-03-30T23:37:04,789 [main] DEBUG vladlitvin.parser.TariffParser - FOR_INTERNET[SMSPrice{withinNetwork="0.04";otherNetwork="0.07";otherCountry="1";}CallPrice{withinNetwork="0.04";otherNetwork="0.07";otherCountry="1";}InternetPrice{internet="0.04";}freeMegabytes="3000";tariffName="Гуглить_не_перегуглить";subscriptionFee="20";];
2017-03-30T23:37:04,789 [main] DEBUG vladlitvin.parser.UnitParser - 3000
2017-03-30T23:37:04,789 [main] DEBUG vladlitvin.parser.TariffParser - FOR_INTERNET[ошибочка];
2017-03-30T23:37:04,789 [main] WARN vladlitvin.parser.TariffParser - Error add Tariff. class by.epam.vladlitvin.parser.PriceParser Illegal data format in "findCallPrice" method. 
2017-03-30T23:37:04,789 [main] INFO vladlitvin.reader.FileReader - With file resources\clients.txtread: 
Client [clientName="Владимир_Петрович";tariffName ="Для_умного_дома";];Client [clientName="Макс";tariffName ="Для_умного_дома";];Client [clientName="Лёша";tariffName ="ГугЛить_не_перегуглить";];Client [clientName="Влад";tariffName ="Безграничное_общение";];
2017-03-30T23:37:32,372 [main] INFO vladlitvin.reader.FileReader - With file resources\tariffs.txtread: 
FOR_SMS [ здесь всё будет хорошоSMSPrice {withinNetwork = "0.04";otherNetwork = "0.07";otherCountry = "1";}CallPrice {withinNetwork = "0.04";otherNetwork = "0.07";otherCountry = "1";}InternetPrice {internet = "0.04";}freeSMS = "2000";tariffName = "Для_умного_дома";subscriptionFee = "10";];FOR_SMS [ здесь должна быть ошибкаSMSPrice {withinNetwork = "0.04";otherNetwork = "0.07";otherCountry = "1";}];FOR_CALLS [ здесь не будет ошибкиSMSPrice {withinNetwork = "0.04";otherNetwork = "0.07";otherCountry = "1";}CallPrice {withinNetwork = "0.04";otherNetwork = "0.07";otherCountry = "1";}InternetPrice {internet = "0.04";}freeMinutes = "600";tariffName = "Безграничное_общение";subscriptionFee = "20";];FOR_INTERNET [SMSPrice {withinNetwork = "0.04";otherNetwork = "0.07";otherCountry = "1";}CallPrice {withinNetwork = "0.04";otherNetwork = "0.07";otherCountry = "1";}InternetPrice {internet = "0.04";}freeMegabytes = "3000";tariffName = "Гуглить_не_перегуглить";subscriptionFee = "20";];FOR_INTERNET [ошибочка];
2017-03-30T23:37:32,395 [main] DEBUG vladlitvin.parser.TariffParser - FOR_SMS[здесьвсёбудетхорошоSMSPrice{withinNetwork="0.04";otherNetwork="0.07";otherCountry="1";}CallPrice{withinNetwork="0.04";otherNetwork="0.07";otherCountry="1";}InternetPrice{internet="0.04";}freeSMS="2000";tariffName="Для_умного_дома";subscriptionFee="10";];
2017-03-30T23:37:32,395 [main] DEBUG vladlitvin.parser.TariffParser - FOR_SMS[здесьвсёбудетхорошоSMSPrice{withinNetwork="0.04";otherNetwork="0.07";otherCountry="1";}CallPrice{withinNetwork="0.04";otherNetwork="0.07";otherCountry="1";}InternetPrice{internet="0.04";}freeSMS="2000";tariffName="Для_умного_дома";subscriptionFee="10";];
2017-03-30T23:37:32,410 [main] DEBUG vladlitvin.parser.UnitParser - freeSMS="2000";
2017-03-30T23:37:32,410 [main] DEBUG vladlitvin.parser.UnitParser - 2000
2017-03-30T23:37:32,410 [main] DEBUG vladlitvin.parser.TariffParser - FOR_SMS[здесьдолжнабытьошибкаSMSPrice{withinNetwork="0.04";otherNetwork="0.07";otherCountry="1";}];
2017-03-30T23:37:32,410 [main] DEBUG vladlitvin.parser.TariffParser - FOR_SMS[здесьдолжнабытьошибкаSMSPrice{withinNetwork="0.04";otherNetwork="0.07";otherCountry="1";}];
2017-03-30T23:37:32,410 [main] WARN vladlitvin.parser.TariffParser - Error add Tariff. class by.epam.vladlitvin.parser.PriceParser Illegal data format in "findCallPrice" method. 
2017-03-30T23:37:32,410 [main] DEBUG vladlitvin.parser.TariffParser - FOR_CALLS[здесьнебудетошибкиSMSPrice{withinNetwork="0.04";otherNetwork="0.07";otherCountry="1";}CallPrice{withinNetwork="0.04";otherNetwork="0.07";otherCountry="1";}InternetPrice{internet="0.04";}freeMinutes="600";tariffName="Безграничное_общение";subscriptionFee="20";];
2017-03-30T23:37:32,410 [main] DEBUG vladlitvin.parser.UnitParser - 600
2017-03-30T23:37:32,410 [main] DEBUG vladlitvin.parser.TariffParser - FOR_INTERNET[SMSPrice{withinNetwork="0.04";otherNetwork="0.07";otherCountry="1";}CallPrice{withinNetwork="0.04";otherNetwork="0.07";otherCountry="1";}InternetPrice{internet="0.04";}freeMegabytes="3000";tariffName="Гуглить_не_перегуглить";subscriptionFee="20";];
2017-03-30T23:37:32,410 [main] DEBUG vladlitvin.parser.UnitParser - 3000
2017-03-30T23:37:32,426 [main] DEBUG vladlitvin.parser.TariffParser - FOR_INTERNET[ошибочка];
2017-03-30T23:37:32,426 [main] WARN vladlitvin.parser.TariffParser - Error add Tariff. class by.epam.vladlitvin.parser.PriceParser Illegal data format in "findCallPrice" method. 
2017-03-30T23:37:32,426 [main] INFO vladlitvin.reader.FileReader - With file resources\clients.txtread: 
Client [clientName="Владимир_Петрович";tariffName ="Для_умного_дома";];Client [clientName="Макс";tariffName ="Для_умного_дома";];Client [clientName="Лёша";tariffName ="ГугЛить_не_перегуглить";];Client [clientName="Влад";tariffName ="Безграничное_общение";];
2017-03-30T23:37:41,608 [main] INFO vladlitvin.reader.FileReader - With file resources\tariffs.txtread: 
FOR_SMS [ здесь всё будет хорошоSMSPrice {withinNetwork = "0.04";otherNetwork = "0.07";otherCountry = "1";}CallPrice {withinNetwork = "0.04";otherNetwork = "0.07";otherCountry = "1";}InternetPrice {internet = "0.04";}freeSMS = "2000";tariffName = "Для_умного_дома";subscriptionFee = "10";];FOR_SMS [ здесь должна быть ошибкаSMSPrice {withinNetwork = "0.04";otherNetwork = "0.07";otherCountry = "1";}];FOR_CALLS [ здесь не будет ошибкиSMSPrice {withinNetwork = "0.04";otherNetwork = "0.07";otherCountry = "1";}CallPrice {withinNetwork = "0.04";otherNetwork = "0.07";otherCountry = "1";}InternetPrice {internet = "0.04";}freeMinutes = "600";tariffName = "Безграничное_общение";subscriptionFee = "20";];FOR_INTERNET [SMSPrice {withinNetwork = "0.04";otherNetwork = "0.07";otherCountry = "1";}CallPrice {withinNetwork = "0.04";otherNetwork = "0.07";otherCountry = "1";}InternetPrice {internet = "0.04";}freeMegabytes = "3000";tariffName = "Гуглить_не_перегуглить";subscriptionFee = "20";];FOR_INTERNET [ошибочка];
2017-03-30T23:37:41,639 [main] DEBUG vladlitvin.parser.TariffParser - FOR_SMS[здесьвсёбудетхорошоSMSPrice{withinNetwork="0.04";otherNetwork="0.07";otherCountry="1";}CallPrice{withinNetwork="0.04";otherNetwork="0.07";otherCountry="1";}InternetPrice{internet="0.04";}freeSMS="2000";tariffName="Для_умного_дома";subscriptionFee="10";];
2017-03-30T23:37:41,639 [main] DEBUG vladlitvin.parser.TariffParser - FOR_SMS[здесьвсёбудетхорошоSMSPrice{withinNetwork="0.04";otherNetwork="0.07";otherCountry="1";}CallPrice{withinNetwork="0.04";otherNetwork="0.07";otherCountry="1";}InternetPrice{internet="0.04";}freeSMS="2000";tariffName="Для_умного_дома";subscriptionFee="10";];
2017-03-30T23:37:41,639 [main] DEBUG vladlitvin.parser.UnitParser - freeSMS="2000";
2017-03-30T23:37:41,639 [main] DEBUG vladlitvin.parser.UnitParser - 2000
2017-03-30T23:37:41,655 [main] DEBUG vladlitvin.parser.TariffParser - FOR_SMS[здесьдолжнабытьошибкаSMSPrice{withinNetwork="0.04";otherNetwork="0.07";otherCountry="1";}];
2017-03-30T23:37:41,655 [main] DEBUG vladlitvin.parser.TariffParser - FOR_SMS[здесьдолжнабытьошибкаSMSPrice{withinNetwork="0.04";otherNetwork="0.07";otherCountry="1";}];
2017-03-30T23:37:41,655 [main] WARN vladlitvin.parser.TariffParser - Error add Tariff. class by.epam.vladlitvin.parser.PriceParser Illegal data format in "findCallPrice" method. 
2017-03-30T23:37:41,655 [main] DEBUG vladlitvin.parser.TariffParser - FOR_CALLS[здесьнебудетошибкиSMSPrice{withinNetwork="0.04";otherNetwork="0.07";otherCountry="1";}CallPrice{withinNetwork="0.04";otherNetwork="0.07";otherCountry="1";}InternetPrice{internet="0.04";}freeMinutes="600";tariffName="Безграничное_общение";subscriptionFee="20";];
2017-03-30T23:37:41,655 [main] DEBUG vladlitvin.parser.UnitParser - 600
2017-03-30T23:37:41,655 [main] DEBUG vladlitvin.parser.TariffParser - FOR_INTERNET[SMSPrice{withinNetwork="0.04";otherNetwork="0.07";otherCountry="1";}CallPrice{withinNetwork="0.04";otherNetwork="0.07";otherCountry="1";}InternetPrice{internet="0.04";}freeMegabytes="3000";tariffName="Гуглить_не_перегуглить";subscriptionFee="20";];
2017-03-30T23:37:41,655 [main] DEBUG vladlitvin.parser.UnitParser - 3000
2017-03-30T23:37:41,655 [main] DEBUG vladlitvin.parser.TariffParser - FOR_INTERNET[ошибочка];
2017-03-30T23:37:41,655 [main] WARN vladlitvin.parser.TariffParser - Error add Tariff. class by.epam.vladlitvin.parser.PriceParser Illegal data format in "findCallPrice" method. 
2017-03-30T23:37:41,655 [main] INFO vladlitvin.reader.FileReader - With file resources\clients.txtread: 
Client [clientName="Владимир_Петрович";tariffName ="Для_умного_дома";];Client [clientName="Макс";tariffName ="Для_умного_дома";];Client [clientName="Лёша";tariffName ="ГугЛить_не_перегуглить";];Client [clientName="Влад";tariffName ="Безграничное_общение";];
2017-03-30T23:37:46,665 [main] INFO vladlitvin.reader.FileReader - With file resources\tariffs.txtread: 
FOR_SMS [ здесь всё будет хорошоSMSPrice {withinNetwork = "0.04";otherNetwork = "0.07";otherCountry = "1";}CallPrice {withinNetwork = "0.04";otherNetwork = "0.07";otherCountry = "1";}InternetPrice {internet = "0.04";}freeSMS = "2000";tariffName = "Для_умного_дома";subscriptionFee = "10";];FOR_SMS [ здесь должна быть ошибкаSMSPrice {withinNetwork = "0.04";otherNetwork = "0.07";otherCountry = "1";}];FOR_CALLS [ здесь не будет ошибкиSMSPrice {withinNetwork = "0.04";otherNetwork = "0.07";otherCountry = "1";}CallPrice {withinNetwork = "0.04";otherNetwork = "0.07";otherCountry = "1";}InternetPrice {internet = "0.04";}freeMinutes = "600";tariffName = "Безграничное_общение";subscriptionFee = "20";];FOR_INTERNET [SMSPrice {withinNetwork = "0.04";otherNetwork = "0.07";otherCountry = "1";}CallPrice {withinNetwork = "0.04";otherNetwork = "0.07";otherCountry = "1";}InternetPrice {internet = "0.04";}freeMegabytes = "3000";tariffName = "Гуглить_не_перегуглить";subscriptionFee = "20";];FOR_INTERNET [ошибочка];
2017-03-30T23:37:46,696 [main] DEBUG vladlitvin.parser.TariffParser - FOR_SMS[здесьвсёбудетхорошоSMSPrice{withinNetwork="0.04";otherNetwork="0.07";otherCountry="1";}CallPrice{withinNetwork="0.04";otherNetwork="0.07";otherCountry="1";}InternetPrice{internet="0.04";}freeSMS="2000";tariffName="Для_умного_дома";subscriptionFee="10";];
2017-03-30T23:37:46,696 [main] DEBUG vladlitvin.parser.TariffParser - FOR_SMS[здесьвсёбудетхорошоSMSPrice{withinNetwork="0.04";otherNetwork="0.07";otherCountry="1";}CallPrice{withinNetwork="0.04";otherNetwork="0.07";otherCountry="1";}InternetPrice{internet="0.04";}freeSMS="2000";tariffName="Для_умного_дома";subscriptionFee="10";];
2017-03-30T23:37:46,712 [main] DEBUG vladlitvin.parser.UnitParser - freeSMS="2000";
2017-03-30T23:37:46,712 [main] DEBUG vladlitvin.parser.UnitParser - 2000
2017-03-30T23:37:46,729 [main] DEBUG vladlitvin.parser.TariffParser - FOR_SMS[здесьдолжнабытьошибкаSMSPrice{withinNetwork="0.04";otherNetwork="0.07";otherCountry="1";}];
2017-03-30T23:37:46,729 [main] DEBUG vladlitvin.parser.TariffParser - FOR_SMS[здесьдолжнабытьошибкаSMSPrice{withinNetwork="0.04";otherNetwork="0.07";otherCountry="1";}];
2017-03-30T23:37:46,729 [main] WARN vladlitvin.parser.TariffParser - Error add Tariff. class by.epam.vladlitvin.parser.PriceParser Illegal data format in "findCallPrice" method. 
2017-03-30T23:37:46,730 [main] DEBUG vladlitvin.parser.TariffParser - FOR_CALLS[здесьнебудетошибкиSMSPrice{withinNetwork="0.04";otherNetwork="0.07";otherCountry="1";}CallPrice{withinNetwork="0.04";otherNetwork="0.07";otherCountry="1";}InternetPrice{internet="0.04";}freeMinutes="600";tariffName="Безграничное_общение";subscriptionFee="20";];
2017-03-30T23:37:46,731 [main] DEBUG vladlitvin.parser.UnitParser - 600
2017-03-30T23:37:46,733 [main] DEBUG vladlitvin.parser.TariffParser - FOR_INTERNET[SMSPrice{withinNetwork="0.04";otherNetwork="0.07";otherCountry="1";}CallPrice{withinNetwork="0.04";otherNetwork="0.07";otherCountry="1";}InternetPrice{internet="0.04";}freeMegabytes="3000";tariffName="Гуглить_не_перегуглить";subscriptionFee="20";];
2017-03-30T23:37:46,734 [main] DEBUG vladlitvin.parser.UnitParser - 3000
2017-03-30T23:37:46,734 [main] DEBUG vladlitvin.parser.TariffParser - FOR_INTERNET[ошибочка];
2017-03-30T23:37:46,734 [main] WARN vladlitvin.parser.TariffParser - Error add Tariff. class by.epam.vladlitvin.parser.PriceParser Illegal data format in "findCallPrice" method. 
2017-03-30T23:37:46,734 [main] INFO vladlitvin.reader.FileReader - With file resources\clients.txtread: 
Client [clientName="Владимир_Петрович";tariffName ="Для_умного_дома";];Client [clientName="Макс";tariffName ="Для_умного_дома";];Client [clientName="Лёша";tariffName ="ГугЛить_не_перегуглить";];Client [clientName="Влад";tariffName ="Безграничное_общение";];
2017-03-30T23:38:45,758 [main] INFO vladlitvin.reader.FileReader - With file resources\tariffs.txtread: 
FOR_SMS [ здесь всё будет хорошоSMSPrice {withinNetwork = "0.04";otherNetwork = "0.07";otherCountry = "1";}CallPrice {withinNetwork = "0.04";otherNetwork = "0.07";otherCountry = "1";}InternetPrice {internet = "0.04";}freeSMS = "2000";tariffName = "Для_умного_дома";subscriptionFee = "10";];FOR_SMS [ здесь должна быть ошибкаSMSPrice {withinNetwork = "0.04";otherNetwork = "0.07";otherCountry = "1";}];FOR_CALLS [ здесь не будет ошибкиSMSPrice {withinNetwork = "0.04";otherNetwork = "0.07";otherCountry = "1";}CallPrice {withinNetwork = "0.04";otherNetwork = "0.07";otherCountry = "1";}InternetPrice {internet = "0.04";}freeMinutes = "600";tariffName = "Безграничное_общение";subscriptionFee = "20";];FOR_INTERNET [SMSPrice {withinNetwork = "0.04";otherNetwork = "0.07";otherCountry = "1";}CallPrice {withinNetwork = "0.04";otherNetwork = "0.07";otherCountry = "1";}InternetPrice {internet = "0.04";}freeMegabytes = "3000";tariffName = "Гуглить_не_перегуглить";subscriptionFee = "20";];FOR_INTERNET [ошибочка];
2017-03-30T23:38:45,790 [main] DEBUG vladlitvin.parser.TariffParser - FOR_SMS[здесьвсёбудетхорошоSMSPrice{withinNetwork="0.04";otherNetwork="0.07";otherCountry="1";}CallPrice{withinNetwork="0.04";otherNetwork="0.07";otherCountry="1";}InternetPrice{internet="0.04";}freeSMS="2000";tariffName="Для_умного_дома";subscriptionFee="10";];
2017-03-30T23:38:45,790 [main] DEBUG vladlitvin.parser.TariffParser - FOR_SMS[здесьвсёбудетхорошоSMSPrice{withinNetwork="0.04";otherNetwork="0.07";otherCountry="1";}CallPrice{withinNetwork="0.04";otherNetwork="0.07";otherCountry="1";}InternetPrice{internet="0.04";}freeSMS="2000";tariffName="Для_умного_дома";subscriptionFee="10";];
2017-03-30T23:38:45,805 [main] DEBUG vladlitvin.parser.UnitParser - freeSMS="2000";
2017-03-30T23:38:45,805 [main] DEBUG vladlitvin.parser.UnitParser - 2000
2017-03-30T23:38:45,805 [main] DEBUG vladlitvin.parser.TariffParser - FOR_SMS[здесьдолжнабытьошибкаSMSPrice{withinNetwork="0.04";otherNetwork="0.07";otherCountry="1";}];
2017-03-30T23:38:45,805 [main] DEBUG vladlitvin.parser.TariffParser - FOR_SMS[здесьдолжнабытьошибкаSMSPrice{withinNetwork="0.04";otherNetwork="0.07";otherCountry="1";}];
2017-03-30T23:38:45,805 [main] WARN vladlitvin.parser.TariffParser - Error add Tariff. class by.epam.vladlitvin.parser.PriceParser Illegal data format in "findCallPrice" method. 
2017-03-30T23:38:45,805 [main] DEBUG vladlitvin.parser.TariffParser - FOR_CALLS[здесьнебудетошибкиSMSPrice{withinNetwork="0.04";otherNetwork="0.07";otherCountry="1";}CallPrice{withinNetwork="0.04";otherNetwork="0.07";otherCountry="1";}InternetPrice{internet="0.04";}freeMinutes="600";tariffName="Безграничное_общение";subscriptionFee="20";];
2017-03-30T23:38:45,805 [main] DEBUG vladlitvin.parser.UnitParser - 600
2017-03-30T23:38:45,805 [main] DEBUG vladlitvin.parser.TariffParser - FOR_INTERNET[SMSPrice{withinNetwork="0.04";otherNetwork="0.07";otherCountry="1";}CallPrice{withinNetwork="0.04";otherNetwork="0.07";otherCountry="1";}InternetPrice{internet="0.04";}freeMegabytes="3000";tariffName="Гуглить_не_перегуглить";subscriptionFee="20";];
2017-03-30T23:38:45,805 [main] DEBUG vladlitvin.parser.UnitParser - 3000
2017-03-30T23:38:45,805 [main] DEBUG vladlitvin.parser.TariffParser - FOR_INTERNET[ошибочка];
2017-03-30T23:38:45,805 [main] WARN vladlitvin.parser.TariffParser - Error add Tariff. class by.epam.vladlitvin.parser.PriceParser Illegal data format in "findCallPrice" method. 
2017-03-30T23:38:45,805 [main] INFO vladlitvin.reader.FileReader - With file resources\clients.txtread: 
Client [clientName="Владимир_Петрович";tariffName ="Для_умного_дома";];Client [clientName="Макс";tariffName ="Для_умного_дома";];Client [clientName="Лёша";tariffName ="ГугЛить_не_перегуглить";];Client [clientName="Влад";tariffName ="Безграничное_общение";];
2017-03-30T23:39:06,248 [main] INFO vladlitvin.reader.FileReader - With file resources\tariffs.txtread: 
FOR_SMS [ здесь всё будет хорошоSMSPrice {withinNetwork = "0.04";otherNetwork = "0.07";otherCountry = "1";}CallPrice {withinNetwork = "0.04";otherNetwork = "0.07";otherCountry = "1";}InternetPrice {internet = "0.04";}freeSMS = "2000";tariffName = "Для_умного_дома";subscriptionFee = "10";];FOR_SMS [ здесь должна быть ошибкаSMSPrice {withinNetwork = "0.04";otherNetwork = "0.07";otherCountry = "1";}];FOR_CALLS [ здесь не будет ошибкиSMSPrice {withinNetwork = "0.04";otherNetwork = "0.07";otherCountry = "1";}CallPrice {withinNetwork = "0.04";otherNetwork = "0.07";otherCountry = "1";}InternetPrice {internet = "0.04";}freeMinutes = "600";tariffName = "Безграничное_общение";subscriptionFee = "20";];FOR_INTERNET [SMSPrice {withinNetwork = "0.04";otherNetwork = "0.07";otherCountry = "1";}CallPrice {withinNetwork = "0.04";otherNetwork = "0.07";otherCountry = "1";}InternetPrice {internet = "0.04";}freeMegabytes = "3000";tariffName = "Гуглить_не_перегуглить";subscriptionFee = "20";];FOR_INTERNET [ошибочка];
2017-03-30T23:39:06,280 [main] DEBUG vladlitvin.parser.TariffParser - FOR_SMS[здесьвсёбудетхорошоSMSPrice{withinNetwork="0.04";otherNetwork="0.07";otherCountry="1";}CallPrice{withinNetwork="0.04";otherNetwork="0.07";otherCountry="1";}InternetPrice{internet="0.04";}freeSMS="2000";tariffName="Для_умного_дома";subscriptionFee="10";];
2017-03-30T23:39:06,280 [main] DEBUG vladlitvin.parser.TariffParser - FOR_SMS[здесьвсёбудетхорошоSMSPrice{withinNetwork="0.04";otherNetwork="0.07";otherCountry="1";}CallPrice{withinNetwork="0.04";otherNetwork="0.07";otherCountry="1";}InternetPrice{internet="0.04";}freeSMS="2000";tariffName="Для_умного_дома";subscriptionFee="10";];
2017-03-30T23:39:06,301 [main] DEBUG vladlitvin.parser.UnitParser - freeSMS="2000";
2017-03-30T23:39:06,301 [main] DEBUG vladlitvin.parser.UnitParser - 2000
2017-03-30T23:39:06,301 [main] DEBUG vladlitvin.parser.TariffParser - FOR_SMS[здесьдолжнабытьошибкаSMSPrice{withinNetwork="0.04";otherNetwork="0.07";otherCountry="1";}];
2017-03-30T23:39:06,301 [main] DEBUG vladlitvin.parser.TariffParser - FOR_SMS[здесьдолжнабытьошибкаSMSPrice{withinNetwork="0.04";otherNetwork="0.07";otherCountry="1";}];
2017-03-30T23:39:06,301 [main] WARN vladlitvin.parser.TariffParser - Error add Tariff. class by.epam.vladlitvin.parser.PriceParser Illegal data format in "findCallPrice" method. 
2017-03-30T23:39:06,301 [main] DEBUG vladlitvin.parser.TariffParser - FOR_CALLS[здесьнебудетошибкиSMSPrice{withinNetwork="0.04";otherNetwork="0.07";otherCountry="1";}CallPrice{withinNetwork="0.04";otherNetwork="0.07";otherCountry="1";}InternetPrice{internet="0.04";}freeMinutes="600";tariffName="Безграничное_общение";subscriptionFee="20";];
2017-03-30T23:39:06,301 [main] DEBUG vladlitvin.parser.UnitParser - 600
2017-03-30T23:39:06,301 [main] DEBUG vladlitvin.parser.TariffParser - FOR_INTERNET[SMSPrice{withinNetwork="0.04";otherNetwork="0.07";otherCountry="1";}CallPrice{withinNetwork="0.04";otherNetwork="0.07";otherCountry="1";}InternetPrice{internet="0.04";}freeMegabytes="3000";tariffName="Гуглить_не_перегуглить";subscriptionFee="20";];
2017-03-30T23:39:06,301 [main] DEBUG vladlitvin.parser.UnitParser - 3000
2017-03-30T23:39:06,317 [main] DEBUG vladlitvin.parser.TariffParser - FOR_INTERNET[ошибочка];
2017-03-30T23:39:06,317 [main] WARN vladlitvin.parser.TariffParser - Error add Tariff. class by.epam.vladlitvin.parser.PriceParser Illegal data format in "findCallPrice" method. 
2017-03-30T23:39:06,317 [main] INFO vladlitvin.reader.FileReader - With file resources\clients.txtread: 
Client [clientName="Владимир_Петрович";tariffName ="Для_умного_дома";];Client [clientName="Макс";tariffName ="Для_умного_дома";];Client [clientName="Лёша";tariffName ="ГугЛить_не_перегуглить";];Client [clientName="Влад";tariffName ="Безграничное_общение";];
2017-03-30T23:39:21,399 [main] INFO vladlitvin.reader.FileReader - With file resources\tariffs.txtread: 
FOR_SMS [ здесь всё будет хорошоSMSPrice {withinNetwork = "0.04";otherNetwork = "0.07";otherCountry = "1";}CallPrice {withinNetwork = "0.04";otherNetwork = "0.07";otherCountry = "1";}InternetPrice {internet = "0.04";}freeSMS = "2000";tariffName = "Для_умного_дома";subscriptionFee = "10";];FOR_SMS [ здесь должна быть ошибкаSMSPrice {withinNetwork = "0.04";otherNetwork = "0.07";otherCountry = "1";}];FOR_CALLS [ здесь не будет ошибкиSMSPrice {withinNetwork = "0.04";otherNetwork = "0.07";otherCountry = "1";}CallPrice {withinNetwork = "0.04";otherNetwork = "0.07";otherCountry = "1";}InternetPrice {internet = "0.04";}freeMinutes = "600";tariffName = "Безграничное_общение";subscriptionFee = "20";];FOR_INTERNET [SMSPrice {withinNetwork = "0.04";otherNetwork = "0.07";otherCountry = "1";}CallPrice {withinNetwork = "0.04";otherNetwork = "0.07";otherCountry = "1";}InternetPrice {internet = "0.04";}freeMegabytes = "3000";tariffName = "Гуглить_не_перегуглить";subscriptionFee = "20";];FOR_INTERNET [ошибочка];
2017-03-30T23:39:21,430 [main] DEBUG vladlitvin.parser.TariffParser - FOR_SMS[здесьвсёбудетхорошоSMSPrice{withinNetwork="0.04";otherNetwork="0.07";otherCountry="1";}CallPrice{withinNetwork="0.04";otherNetwork="0.07";otherCountry="1";}InternetPrice{internet="0.04";}freeSMS="2000";tariffName="Для_умного_дома";subscriptionFee="10";];
2017-03-30T23:39:21,430 [main] DEBUG vladlitvin.parser.TariffParser - FOR_SMS[здесьвсёбудетхорошоSMSPrice{withinNetwork="0.04";otherNetwork="0.07";otherCountry="1";}CallPrice{withinNetwork="0.04";otherNetwork="0.07";otherCountry="1";}InternetPrice{internet="0.04";}freeSMS="2000";tariffName="Для_умного_дома";subscriptionFee="10";];
2017-03-30T23:39:21,430 [main] DEBUG vladlitvin.parser.UnitParser - freeSMS="2000";
2017-03-30T23:39:21,430 [main] DEBUG vladlitvin.parser.UnitParser - 2000
2017-03-30T23:39:21,451 [main] DEBUG vladlitvin.parser.TariffParser - FOR_SMS[здесьдолжнабытьошибкаSMSPrice{withinNetwork="0.04";otherNetwork="0.07";otherCountry="1";}];
2017-03-30T23:39:21,451 [main] DEBUG vladlitvin.parser.TariffParser - FOR_SMS[здесьдолжнабытьошибкаSMSPrice{withinNetwork="0.04";otherNetwork="0.07";otherCountry="1";}];
2017-03-30T23:39:21,451 [main] WARN vladlitvin.parser.TariffParser - Error add Tariff. class by.epam.vladlitvin.parser.PriceParser Illegal data format in "findCallPrice" method. 
2017-03-30T23:39:21,451 [main] DEBUG vladlitvin.parser.TariffParser - FOR_CALLS[здесьнебудетошибкиSMSPrice{withinNetwork="0.04";otherNetwork="0.07";otherCountry="1";}CallPrice{withinNetwork="0.04";otherNetwork="0.07";otherCountry="1";}InternetPrice{internet="0.04";}freeMinutes="600";tariffName="Безграничное_общение";subscriptionFee="20";];
2017-03-30T23:39:21,451 [main] DEBUG vladlitvin.parser.UnitParser - 600
2017-03-30T23:39:21,451 [main] DEBUG vladlitvin.parser.TariffParser - FOR_INTERNET[SMSPrice{withinNetwork="0.04";otherNetwork="0.07";otherCountry="1";}CallPrice{withinNetwork="0.04";otherNetwork="0.07";otherCountry="1";}InternetPrice{internet="0.04";}freeMegabytes="3000";tariffName="Гуглить_не_перегуглить";subscriptionFee="20";];
2017-03-30T23:39:21,451 [main] DEBUG vladlitvin.parser.UnitParser - 3000
2017-03-30T23:39:21,451 [main] DEBUG vladlitvin.parser.TariffParser - FOR_INTERNET[ошибочка];
2017-03-30T23:39:21,451 [main] WARN vladlitvin.parser.TariffParser - Error add Tariff. class by.epam.vladlitvin.parser.PriceParser Illegal data format in "findCallPrice" method. 
2017-03-30T23:39:21,451 [main] INFO vladlitvin.reader.FileReader - With file resources\clients.txtread: 
Client [clientName="Владимир_Петрович";tariffName ="Для_умного_дома";];Client [clientName="Макс";tariffName ="Для_умного_дома";];Client [clientName="Лёша";tariffName ="ГугЛить_не_перегуглить";];Client [clientName="Влад";tariffName ="Безграничное_общение";];
2017-03-30T23:45:24,916 [main] INFO vladlitvin.reader.FileReader - With file resources\tariffs.txtread: 
FOR_SMS [ здесь всё будет хорошоSMSPrice {withinNetwork = "0.04";otherNetwork = "0.07";otherCountry = "1";}CallPrice {withinNetwork = "0.04";otherNetwork = "0.07";otherCountry = "1";}InternetPrice {internet = "0.04";}freeSMS = "2000";tariffName = "Для_умного_дома";subscriptionFee = "10";];FOR_SMS [ здесь должна быть ошибкаSMSPrice {withinNetwork = "0.04";otherNetwork = "0.07";otherCountry = "1";}];FOR_CALLS [ здесь не будет ошибкиSMSPrice {withinNetwork = "0.04";otherNetwork = "0.07";otherCountry = "1";}CallPrice {withinNetwork = "0.04";otherNetwork = "0.07";otherCountry = "1";}InternetPrice {internet = "0.04";}freeMinutes = "600";tariffName = "Безграничное_общение";subscriptionFee = "20";];FOR_INTERNET [SMSPrice {withinNetwork = "0.04";otherNetwork = "0.07";otherCountry = "1";}CallPrice {withinNetwork = "0.04";otherNetwork = "0.07";otherCountry = "1";}InternetPrice {internet = "0.04";}freeMegabytes = "3000";tariffName = "Гуглить_не_перегуглить";subscriptionFee = "20";];FOR_INTERNET [ошибочка];
2017-03-30T23:45:24,937 [main] DEBUG vladlitvin.parser.TariffParser - FOR_SMS[здесьвсёбудетхорошоSMSPrice{withinNetwork="0.04";otherNetwork="0.07";otherCountry="1";}CallPrice{withinNetwork="0.04";otherNetwork="0.07";otherCountry="1";}InternetPrice{internet="0.04";}freeSMS="2000";tariffName="Для_умного_дома";subscriptionFee="10";];
2017-03-30T23:45:24,937 [main] DEBUG vladlitvin.parser.TariffParser - FOR_SMS[здесьвсёбудетхорошоSMSPrice{withinNetwork="0.04";otherNetwork="0.07";otherCountry="1";}CallPrice{withinNetwork="0.04";otherNetwork="0.07";otherCountry="1";}InternetPrice{internet="0.04";}freeSMS="2000";tariffName="Для_умного_дома";subscriptionFee="10";];
2017-03-30T23:45:24,953 [main] DEBUG vladlitvin.parser.UnitParser - freeSMS="2000";
2017-03-30T23:45:24,953 [main] DEBUG vladlitvin.parser.UnitParser - 2000
2017-03-30T23:45:24,953 [main] DEBUG vladlitvin.parser.TariffParser - FOR_SMS[здесьдолжнабытьошибкаSMSPrice{withinNetwork="0.04";otherNetwork="0.07";otherCountry="1";}];
2017-03-30T23:45:24,953 [main] DEBUG vladlitvin.parser.TariffParser - FOR_SMS[здесьдолжнабытьошибкаSMSPrice{withinNetwork="0.04";otherNetwork="0.07";otherCountry="1";}];
2017-03-30T23:45:24,953 [main] WARN vladlitvin.parser.TariffParser - Error add Tariff. class by.epam.vladlitvin.parser.PriceParser Illegal data format in "findCallPrice" method. 
2017-03-30T23:45:24,953 [main] DEBUG vladlitvin.parser.TariffParser - FOR_CALLS[здесьнебудетошибкиSMSPrice{withinNetwork="0.04";otherNetwork="0.07";otherCountry="1";}CallPrice{withinNetwork="0.04";otherNetwork="0.07";otherCountry="1";}InternetPrice{internet="0.04";}freeMinutes="600";tariffName="Безграничное_общение";subscriptionFee="20";];
2017-03-30T23:45:24,953 [main] DEBUG vladlitvin.parser.UnitParser - 600
2017-03-30T23:45:24,953 [main] DEBUG vladlitvin.parser.TariffParser - FOR_INTERNET[SMSPrice{withinNetwork="0.04";otherNetwork="0.07";otherCountry="1";}CallPrice{withinNetwork="0.04";otherNetwork="0.07";otherCountry="1";}InternetPrice{internet="0.04";}freeMegabytes="3000";tariffName="Гуглить_не_перегуглить";subscriptionFee="20";];
2017-03-30T23:45:24,953 [main] DEBUG vladlitvin.parser.UnitParser - 3000
2017-03-30T23:45:24,968 [main] DEBUG vladlitvin.parser.TariffParser - FOR_INTERNET[ошибочка];
2017-03-30T23:45:24,968 [main] WARN vladlitvin.parser.TariffParser - Error add Tariff. class by.epam.vladlitvin.parser.PriceParser Illegal data format in "findCallPrice" method. 
2017-03-30T23:45:24,968 [main] INFO vladlitvin.reader.FileReader - With file resources\clients.txtread: 
Client [clientName="Владимир_Петрович";tariffName ="Для_умного_дома";];Client [clientName="Макс";tariffName ="Для_умного_дома";];Client [clientName="Лёша";tariffName ="ГугЛить_не_перегуглить";];Client [clientName="Влад";tariffName ="Безграничное_общение";];
2017-03-30T23:45:36,659 [main] INFO vladlitvin.reader.FileReader - With file resources\tariffs.txtread: 
FOR_SMS [ здесь всё будет хорошоSMSPrice {withinNetwork = "0.04";otherNetwork = "0.07";otherCountry = "1";}CallPrice {withinNetwork = "0.04";otherNetwork = "0.07";otherCountry = "1";}InternetPrice {internet = "0.04";}freeSMS = "2000";tariffName = "Для_умного_дома";subscriptionFee = "10";];FOR_SMS [ здесь должна быть ошибкаSMSPrice {withinNetwork = "0.04";otherNetwork = "0.07";otherCountry = "1";}];FOR_CALLS [ здесь не будет ошибкиSMSPrice {withinNetwork = "0.04";otherNetwork = "0.07";otherCountry = "1";}CallPrice {withinNetwork = "0.04";otherNetwork = "0.07";otherCountry = "1";}InternetPrice {internet = "0.04";}freeMinutes = "600";tariffName = "Безграничное_общение";subscriptionFee = "20";];FOR_INTERNET [SMSPrice {withinNetwork = "0.04";otherNetwork = "0.07";otherCountry = "1";}CallPrice {withinNetwork = "0.04";otherNetwork = "0.07";otherCountry = "1";}InternetPrice {internet = "0.04";}freeMegabytes = "3000";tariffName = "Гуглить_не_перегуглить";subscriptionFee = "20";];FOR_INTERNET [ошибочка];
2017-03-30T23:45:36,681 [main] DEBUG vladlitvin.parser.TariffParser - FOR_SMS[здесьвсёбудетхорошоSMSPrice{withinNetwork="0.04";otherNetwork="0.07";otherCountry="1";}CallPrice{withinNetwork="0.04";otherNetwork="0.07";otherCountry="1";}InternetPrice{internet="0.04";}freeSMS="2000";tariffName="Для_умного_дома";subscriptionFee="10";];
2017-03-30T23:45:36,681 [main] DEBUG vladlitvin.parser.TariffParser - FOR_SMS[здесьвсёбудетхорошоSMSPrice{withinNetwork="0.04";otherNetwork="0.07";otherCountry="1";}CallPrice{withinNetwork="0.04";otherNetwork="0.07";otherCountry="1";}InternetPrice{internet="0.04";}freeSMS="2000";tariffName="Для_умного_дома";subscriptionFee="10";];
2017-03-30T23:45:36,697 [main] DEBUG vladlitvin.parser.UnitParser - freeSMS="2000";
2017-03-30T23:45:36,697 [main] DEBUG vladlitvin.parser.UnitParser - 2000
2017-03-30T23:45:36,697 [main] DEBUG vladlitvin.parser.TariffParser - FOR_SMS[здесьдолжнабытьошибкаSMSPrice{withinNetwork="0.04";otherNetwork="0.07";otherCountry="1";}];
2017-03-30T23:45:36,697 [main] DEBUG vladlitvin.parser.TariffParser - FOR_SMS[здесьдолжнабытьошибкаSMSPrice{withinNetwork="0.04";otherNetwork="0.07";otherCountry="1";}];
2017-03-30T23:45:36,697 [main] WARN vladlitvin.parser.TariffParser - Error add Tariff. class by.epam.vladlitvin.parser.PriceParser Illegal data format in "findCallPrice" method. 
2017-03-30T23:45:36,697 [main] DEBUG vladlitvin.parser.TariffParser - FOR_CALLS[здесьнебудетошибкиSMSPrice{withinNetwork="0.04";otherNetwork="0.07";otherCountry="1";}CallPrice{withinNetwork="0.04";otherNetwork="0.07";otherCountry="1";}InternetPrice{internet="0.04";}freeMinutes="600";tariffName="Безграничное_общение";subscriptionFee="20";];
2017-03-30T23:45:36,697 [main] DEBUG vladlitvin.parser.UnitParser - 600
2017-03-30T23:45:36,697 [main] DEBUG vladlitvin.parser.TariffParser - FOR_INTERNET[SMSPrice{withinNetwork="0.04";otherNetwork="0.07";otherCountry="1";}CallPrice{withinNetwork="0.04";otherNetwork="0.07";otherCountry="1";}InternetPrice{internet="0.04";}freeMegabytes="3000";tariffName="Гуглить_не_перегуглить";subscriptionFee="20";];
2017-03-30T23:45:36,697 [main] DEBUG vladlitvin.parser.UnitParser - 3000
2017-03-30T23:45:36,697 [main] DEBUG vladlitvin.parser.TariffParser - FOR_INTERNET[ошибочка];
2017-03-30T23:45:36,697 [main] WARN vladlitvin.parser.TariffParser - Error add Tariff. class by.epam.vladlitvin.parser.PriceParser Illegal data format in "findCallPrice" method. 
2017-03-30T23:45:36,712 [main] INFO vladlitvin.reader.FileReader - With file resources\clients.txtread: 
Client [clientName="Владимир_Петрович";tariffName ="Для_умного_дома";];Client [clientName="Макс";tariffName ="Для_умного_дома";];Client [clientName="Лёша";tariffName ="ГугЛить_не_перегуглить";];Client [clientName="Влад";tariffName ="Безграничное_общение";];
2017-03-30T23:46:09,404 [main] INFO vladlitvin.reader.FileReader - With file resources\tariffs.txtread: 
FOR_SMS [ здесь всё будет хорошоSMSPrice {withinNetwork = "0.04";otherNetwork = "0.07";otherCountry = "1";}CallPrice {withinNetwork = "0.04";otherNetwork = "0.07";otherCountry = "1";}InternetPrice {internet = "0.04";}freeSMS = "2000";tariffName = "Для_умного_дома";subscriptionFee = "10";];FOR_SMS [ здесь должна быть ошибкаSMSPrice {withinNetwork = "0.04";otherNetwork = "0.07";otherCountry = "1";}];FOR_CALLS [ здесь не будет ошибкиSMSPrice {withinNetwork = "0.04";otherNetwork = "0.07";otherCountry = "1";}CallPrice {withinNetwork = "0.04";otherNetwork = "0.07";otherCountry = "1";}InternetPrice {internet = "0.04";}freeMinutes = "600";tariffName = "Безграничное_общение";subscriptionFee = "20";];FOR_INTERNET [SMSPrice {withinNetwork = "0.04";otherNetwork = "0.07";otherCountry = "1";}CallPrice {withinNetwork = "0.04";otherNetwork = "0.07";otherCountry = "1";}InternetPrice {internet = "0.04";}freeMegabytes = "3000";tariffName = "Гуглить_не_перегуглить";subscriptionFee = "20";];FOR_INTERNET [ошибочка];
2017-03-30T23:46:09,435 [main] DEBUG vladlitvin.parser.TariffParser - FOR_SMS[здесьвсёбудетхорошоSMSPrice{withinNetwork="0.04";otherNetwork="0.07";otherCountry="1";}CallPrice{withinNetwork="0.04";otherNetwork="0.07";otherCountry="1";}InternetPrice{internet="0.04";}freeSMS="2000";tariffName="Для_умного_дома";subscriptionFee="10";];
2017-03-30T23:46:09,435 [main] DEBUG vladlitvin.parser.TariffParser - FOR_SMS[здесьвсёбудетхорошоSMSPrice{withinNetwork="0.04";otherNetwork="0.07";otherCountry="1";}CallPrice{withinNetwork="0.04";otherNetwork="0.07";otherCountry="1";}InternetPrice{internet="0.04";}freeSMS="2000";tariffName="Для_умного_дома";subscriptionFee="10";];
2017-03-30T23:46:09,435 [main] DEBUG vladlitvin.parser.UnitParser - freeSMS="2000";
2017-03-30T23:46:09,435 [main] DEBUG vladlitvin.parser.UnitParser - 2000
2017-03-30T23:46:09,435 [main] DEBUG vladlitvin.parser.TariffParser - FOR_SMS[здесьдолжнабытьошибкаSMSPrice{withinNetwork="0.04";otherNetwork="0.07";otherCountry="1";}];
2017-03-30T23:46:09,435 [main] DEBUG vladlitvin.parser.TariffParser - FOR_SMS[здесьдолжнабытьошибкаSMSPrice{withinNetwork="0.04";otherNetwork="0.07";otherCountry="1";}];
2017-03-30T23:46:09,435 [main] WARN vladlitvin.parser.TariffParser - Error add Tariff. class by.epam.vladlitvin.parser.PriceParser Illegal data format in "findCallPrice" method. 
2017-03-30T23:46:09,450 [main] DEBUG vladlitvin.parser.TariffParser - FOR_CALLS[здесьнебудетошибкиSMSPrice{withinNetwork="0.04";otherNetwork="0.07";otherCountry="1";}CallPrice{withinNetwork="0.04";otherNetwork="0.07";otherCountry="1";}InternetPrice{internet="0.04";}freeMinutes="600";tariffName="Безграничное_общение";subscriptionFee="20";];
2017-03-30T23:46:09,451 [main] DEBUG vladlitvin.parser.UnitParser - 600
2017-03-30T23:46:09,453 [main] DEBUG vladlitvin.parser.TariffParser - FOR_INTERNET[SMSPrice{withinNetwork="0.04";otherNetwork="0.07";otherCountry="1";}CallPrice{withinNetwork="0.04";otherNetwork="0.07";otherCountry="1";}InternetPrice{internet="0.04";}freeMegabytes="3000";tariffName="Гуглить_не_перегуглить";subscriptionFee="20";];
2017-03-30T23:46:09,454 [main] DEBUG vladlitvin.parser.UnitParser - 3000
2017-03-30T23:46:09,455 [main] DEBUG vladlitvin.parser.TariffParser - FOR_INTERNET[ошибочка];
2017-03-30T23:46:09,456 [main] WARN vladlitvin.parser.TariffParser - Error add Tariff. class by.epam.vladlitvin.parser.PriceParser Illegal data format in "findCallPrice" method. 
2017-03-30T23:46:09,457 [main] INFO vladlitvin.reader.FileReader - With file resources\clients.txtread: 
Client [clientName="Владимир_Петрович";tariffName ="Для_умного_дома";];Client [clientName="Макс";tariffName ="Для_умного_дома";];Client [clientName="Лёша";tariffName ="ГугЛить_не_перегуглить";];Client [clientName="Влад";tariffName ="Безграничное_общение";];
2017-03-30T23:47:19,046 [main] INFO vladlitvin.reader.FileReader - With file resources\tariffs.txtread: 
FOR_SMS [ здесь всё будет хорошоSMSPrice {withinNetwork = "0.04";otherNetwork = "0.07";otherCountry = "1";}CallPrice {withinNetwork = "0.04";otherNetwork = "0.07";otherCountry = "1";}InternetPrice {internet = "0.04";}freeSMS = "2000";tariffName = "Для_умного_дома";subscriptionFee = "10";];FOR_SMS [ здесь должна быть ошибкаSMSPrice {withinNetwork = "0.04";otherNetwork = "0.07";otherCountry = "1";}];FOR_CALLS [ здесь не будет ошибкиSMSPrice {withinNetwork = "0.04";otherNetwork = "0.07";otherCountry = "1";}CallPrice {withinNetwork = "0.04";otherNetwork = "0.07";otherCountry = "1";}InternetPrice {internet = "0.04";}freeMinutes = "600";tariffName = "Безграничное_общение";subscriptionFee = "20";];FOR_INTERNET [SMSPrice {withinNetwork = "0.04";otherNetwork = "0.07";otherCountry = "1";}CallPrice {withinNetwork = "0.04";otherNetwork = "0.07";otherCountry = "1";}InternetPrice {internet = "0.04";}freeMegabytes = "3000";tariffName = "Гуглить_не_перегуглить";subscriptionFee = "20";];FOR_INTERNET [ошибочка];
2017-03-30T23:47:19,068 [main] DEBUG vladlitvin.parser.TariffParser - FOR_SMS[здесьвсёбудетхорошоSMSPrice{withinNetwork="0.04";otherNetwork="0.07";otherCountry="1";}CallPrice{withinNetwork="0.04";otherNetwork="0.07";otherCountry="1";}InternetPrice{internet="0.04";}freeSMS="2000";tariffName="Для_умного_дома";subscriptionFee="10";];
2017-03-30T23:47:19,068 [main] DEBUG vladlitvin.parser.TariffParser - FOR_SMS[здесьвсёбудетхорошоSMSPrice{withinNetwork="0.04";otherNetwork="0.07";otherCountry="1";}CallPrice{withinNetwork="0.04";otherNetwork="0.07";otherCountry="1";}InternetPrice{internet="0.04";}freeSMS="2000";tariffName="Для_умного_дома";subscriptionFee="10";];
2017-03-30T23:47:19,083 [main] DEBUG vladlitvin.parser.UnitParser - freeSMS="2000";
2017-03-30T23:47:19,083 [main] DEBUG vladlitvin.parser.UnitParser - 2000
2017-03-30T23:47:19,099 [main] DEBUG vladlitvin.parser.TariffParser - FOR_SMS[здесьдолжнабытьошибкаSMSPrice{withinNetwork="0.04";otherNetwork="0.07";otherCountry="1";}];
2017-03-30T23:47:19,099 [main] DEBUG vladlitvin.parser.TariffParser - FOR_SMS[здесьдолжнабытьошибкаSMSPrice{withinNetwork="0.04";otherNetwork="0.07";otherCountry="1";}];
2017-03-30T23:47:19,099 [main] WARN vladlitvin.parser.TariffParser - Error add Tariff. class by.epam.vladlitvin.parser.PriceParser Illegal data format in "findCallPrice" method. 
2017-03-30T23:47:19,099 [main] DEBUG vladlitvin.parser.TariffParser - FOR_CALLS[здесьнебудетошибкиSMSPrice{withinNetwork="0.04";otherNetwork="0.07";otherCountry="1";}CallPrice{withinNetwork="0.04";otherNetwork="0.07";otherCountry="1";}InternetPrice{internet="0.04";}freeMinutes="600";tariffName="Безграничное_общение";subscriptionFee="20";];
2017-03-30T23:47:19,099 [main] DEBUG vladlitvin.parser.UnitParser - 600
2017-03-30T23:47:19,099 [main] DEBUG vladlitvin.parser.TariffParser - FOR_INTERNET[SMSPrice{withinNetwork="0.04";otherNetwork="0.07";otherCountry="1";}CallPrice{withinNetwork="0.04";otherNetwork="0.07";otherCountry="1";}InternetPrice{internet="0.04";}freeMegabytes="3000";tariffName="Гуглить_не_перегуглить";subscriptionFee="20";];
2017-03-30T23:47:19,099 [main] DEBUG vladlitvin.parser.UnitParser - 3000
2017-03-30T23:47:19,099 [main] DEBUG vladlitvin.parser.TariffParser - FOR_INTERNET[ошибочка];
2017-03-30T23:47:19,099 [main] WARN vladlitvin.parser.TariffParser - Error add Tariff. class by.epam.vladlitvin.parser.PriceParser Illegal data format in "findCallPrice" method. 
2017-03-30T23:47:19,099 [main] INFO vladlitvin.reader.FileReader - With file resources\clients.txtread: 
Client [clientName="Владимир_Петрович";tariffName ="Для_умного_дома";];Client [clientName="Макс";tariffName ="Для_умного_дома";];Client [clientName="Лёша";tariffName ="ГугЛить_не_перегуглить";];Client [clientName="Влад";tariffName ="Безграничное_общение";];
2017-03-30T23:49:10,813 [main] INFO vladlitvin.reader.FileReader - With file resources\tariffs.txtread: 
FOR_SMS [ здесь всё будет хорошоSMSPrice {withinNetwork = "0.04";otherNetwork = "0.07";otherCountry = "1";}CallPrice {withinNetwork = "0.04";otherNetwork = "0.07";otherCountry = "1";}InternetPrice {internet = "0.04";}freeSMS = "2000";tariffName = "Для_умного_дома";subscriptionFee = "10";];FOR_SMS [ здесь должна быть ошибкаSMSPrice {withinNetwork = "0.04";otherNetwork = "0.07";otherCountry = "1";}];FOR_CALLS [ здесь не будет ошибкиSMSPrice {withinNetwork = "0.04";otherNetwork = "0.07";otherCountry = "1";}CallPrice {withinNetwork = "0.04";otherNetwork = "0.07";otherCountry = "1";}InternetPrice {internet = "0.04";}freeMinutes = "600";tariffName = "Безграничное_общение";subscriptionFee = "20";];FOR_INTERNET [SMSPrice {withinNetwork = "0.04";otherNetwork = "0.07";otherCountry = "1";}CallPrice {withinNetwork = "0.04";otherNetwork = "0.07";otherCountry = "1";}InternetPrice {internet = "0.04";}freeMegabytes = "3000";tariffName = "Гуглить_не_перегуглить";subscriptionFee = "20";];FOR_INTERNET [ошибочка];
2017-03-30T23:49:10,844 [main] DEBUG vladlitvin.parser.TariffParser - FOR_SMS[здесьвсёбудетхорошоSMSPrice{withinNetwork="0.04";otherNetwork="0.07";otherCountry="1";}CallPrice{withinNetwork="0.04";otherNetwork="0.07";otherCountry="1";}InternetPrice{internet="0.04";}freeSMS="2000";tariffName="Для_умного_дома";subscriptionFee="10";];
2017-03-30T23:49:10,844 [main] DEBUG vladlitvin.parser.TariffParser - FOR_SMS[здесьвсёбудетхорошоSMSPrice{withinNetwork="0.04";otherNetwork="0.07";otherCountry="1";}CallPrice{withinNetwork="0.04";otherNetwork="0.07";otherCountry="1";}InternetPrice{internet="0.04";}freeSMS="2000";tariffName="Для_умного_дома";subscriptionFee="10";];
2017-03-30T23:49:10,860 [main] DEBUG vladlitvin.parser.UnitParser - freeSMS="2000";
2017-03-30T23:49:10,860 [main] DEBUG vladlitvin.parser.UnitParser - 2000
2017-03-30T23:49:10,879 [main] DEBUG vladlitvin.parser.TariffParser - FOR_SMS[здесьдолжнабытьошибкаSMSPrice{withinNetwork="0.04";otherNetwork="0.07";otherCountry="1";}];
2017-03-30T23:49:10,880 [main] DEBUG vladlitvin.parser.TariffParser - FOR_SMS[здесьдолжнабытьошибкаSMSPrice{withinNetwork="0.04";otherNetwork="0.07";otherCountry="1";}];
2017-03-30T23:49:10,880 [main] WARN vladlitvin.parser.TariffParser - Error add Tariff. class by.epam.vladlitvin.parser.PriceParser Illegal data format in "findCallPrice" method. 
2017-03-30T23:49:10,881 [main] DEBUG vladlitvin.parser.TariffParser - FOR_CALLS[здесьнебудетошибкиSMSPrice{withinNetwork="0.04";otherNetwork="0.07";otherCountry="1";}CallPrice{withinNetwork="0.04";otherNetwork="0.07";otherCountry="1";}InternetPrice{internet="0.04";}freeMinutes="600";tariffName="Безграничное_общение";subscriptionFee="20";];
2017-03-30T23:49:10,882 [main] DEBUG vladlitvin.parser.UnitParser - 600
2017-03-30T23:49:10,882 [main] DEBUG vladlitvin.parser.TariffParser - FOR_INTERNET[SMSPrice{withinNetwork="0.04";otherNetwork="0.07";otherCountry="1";}CallPrice{withinNetwork="0.04";otherNetwork="0.07";otherCountry="1";}InternetPrice{internet="0.04";}freeMegabytes="3000";tariffName="Гуглить_не_перегуглить";subscriptionFee="20";];
2017-03-30T23:49:10,882 [main] DEBUG vladlitvin.parser.UnitParser - 3000
2017-03-30T23:49:10,882 [main] DEBUG vladlitvin.parser.TariffParser - FOR_INTERNET[ошибочка];
2017-03-30T23:49:10,882 [main] WARN vladlitvin.parser.TariffParser - Error add Tariff. class by.epam.vladlitvin.parser.PriceParser Illegal data format in "findCallPrice" method. 
2017-03-30T23:49:10,882 [main] INFO vladlitvin.reader.FileReader - With file resources\clients.txtread: 
Client [clientName="Владимир_Петрович";tariffName ="Для_умного_дома";];Client [clientName="Макс";tariffName ="Для_умного_дома";];Client [clientName="Лёша";tariffName ="ГугЛить_не_перегуглить";];Client [clientName="Влад";tariffName ="Безграничное_общение";];
2017-03-30T23:51:58,574 [main] INFO vladlitvin.reader.FileReader - With file resources\tariffs.txtread: 
FOR_SMS [ здесь всё будет хорошоSMSPrice {withinNetwork = "0.04";otherNetwork = "0.07";otherCountry = "1";}CallPrice {withinNetwork = "0.04";otherNetwork = "0.07";otherCountry = "1";}InternetPrice {internet = "0.04";}freeSMS = "2000";tariffName = "Для_умного_дома";subscriptionFee = "10";];FOR_SMS [ здесь должна быть ошибкаSMSPrice {withinNetwork = "0.04";otherNetwork = "0.07";otherCountry = "1";}];FOR_CALLS [ здесь не будет ошибкиSMSPrice {withinNetwork = "0.04";otherNetwork = "0.07";otherCountry = "1";}CallPrice {withinNetwork = "0.04";otherNetwork = "0.07";otherCountry = "1";}InternetPrice {internet = "0.04";}freeMinutes = "600";tariffName = "Безграничное_общение";subscriptionFee = "20";];FOR_INTERNET [SMSPrice {withinNetwork = "0.04";otherNetwork = "0.07";otherCountry = "1";}CallPrice {withinNetwork = "0.04";otherNetwork = "0.07";otherCountry = "1";}InternetPrice {internet = "0.04";}freeMegabytes = "3000";tariffName = "Гуглить_не_перегуглить";subscriptionFee = "20";];FOR_INTERNET [ошибочка];
2017-03-30T23:51:58,595 [main] DEBUG vladlitvin.parser.TariffParser - FOR_SMS[здесьвсёбудетхорошоSMSPrice{withinNetwork="0.04";otherNetwork="0.07";otherCountry="1";}CallPrice{withinNetwork="0.04";otherNetwork="0.07";otherCountry="1";}InternetPrice{internet="0.04";}freeSMS="2000";tariffName="Для_умного_дома";subscriptionFee="10";];
2017-03-30T23:51:58,595 [main] DEBUG vladlitvin.parser.TariffParser - FOR_SMS[здесьвсёбудетхорошоSMSPrice{withinNetwork="0.04";otherNetwork="0.07";otherCountry="1";}CallPrice{withinNetwork="0.04";otherNetwork="0.07";otherCountry="1";}InternetPrice{internet="0.04";}freeSMS="2000";tariffName="Для_умного_дома";subscriptionFee="10";];
