2017-04-05T14:47:32,448 [main] WARN vladlitvin.parser.ClientParser - Error create Client. 
2017-04-05T14:47:32,460 [main] WARN vladlitvin.parser.ClientParser - Error create Client. 
2017-04-05T14:47:32,464 [main] WARN vladlitvin.parser.ClientParser - Error create Client. 
2017-04-05T14:47:32,464 [main] WARN vladlitvin.parser.ClientParser - Error create Client. 
2017-04-05T14:47:32,470 [main] INFO vladlitvin.reader.TariffFileReader - With file resources\clients.txtread: 
Client [clientName="Владимир_Петрович";tariffName ="Для_умного_дома";];Client [clientName="Макс";tariffName ="Для_умного_дома";];Client [clientName="Лёша";tariffName ="ГугЛить_не_перегуглить";];Client [clientName="Влад";tariffName ="Безграничное_общение";];
2017-04-05T14:47:32,470 [main] WARN vladlitvin.parser.ClientParser - Error create Client. 
2017-04-05T14:47:32,470 [main] WARN vladlitvin.parser.ClientParser - Error create Client. 
2017-04-05T14:47:32,471 [main] WARN vladlitvin.parser.ClientParser - Error create Client. 
2017-04-05T14:47:32,471 [main] WARN vladlitvin.parser.ClientParser - Error create Client. 
2017-04-05T14:47:32,475 [main] INFO vladlitvin.reader.TariffFileReader - With file resources\tariffs.txtread: 
FOR_SMS [ здесь всё будет хорошоSMSPrice {withinNetwork = "0.04";otherNetwork = "0.07";otherCountry = "1";}CallPrice {withinNetwork = "0.04";otherNetwork = "0.07";otherCountry = "1";}InternetPrice {internet = "0.04";}freeSMS = "2000";tariffName = "Для_умного_дома";subscriptionFee = "10";];FOR_SMS [ здесь должна быть ошибкаSMSPrice {withinNetwork = "0.04";otherNetwork = "0.07";otherCountry = "1";}];FOR_CALLS [ здесь не будет ошибкиSMSPrice {withinNetwork = "0.04";otherNetwork = "0.07";otherCountry = "1";}CallPrice {withinNetwork = "0.04";otherNetwork = "0.07";otherCountry = "1";}InternetPrice {internet = "0.04";}freeMinutes = "600";tariffName = "Безграничное_общение";subscriptionFee = "20";];FOR_INTERNET [SMSPrice {withinNetwork = "0.04";otherNetwork = "0.07";otherCountry = "1";}CallPrice {withinNetwork = "0.04";otherNetwork = "0.07";otherCountry = "1";}InternetPrice {internet = "0.04";}freeMegabytes = "3000";tariffName = "Гуглить_не_перегуглить";subscriptionFee = "20";];FOR_INTERNET [ошибочка];
2017-04-05T14:47:32,476 [main] ERROR vladlitvin.parser.TariffParser - Can't find correct data for create Tariff by.epam.vladlitvin.exception.TariffParseException: class by.epam.vladlitvin.parser.UnitParser"findBigDecimal" method. Can be only one real number in quotes or value can be upper then 0 
2017-04-05T14:47:32,476 [main] ERROR vladlitvin.parser.TariffParser - Can't find correct data for create Tariff by.epam.vladlitvin.exception.TariffParseException: class by.epam.vladlitvin.parser.PriceParser Illegal data format in "findCallPrice" method. 
2017-04-05T14:47:32,477 [main] ERROR vladlitvin.parser.TariffParser - Can't find correct data for create Tariff by.epam.vladlitvin.exception.TariffParseException: class by.epam.vladlitvin.parser.UnitParser"findBigDecimal" method. Can be only one real number in quotes or value can be upper then 0 
2017-04-05T14:47:32,477 [main] ERROR vladlitvin.parser.TariffParser - Can't find correct data for create Tariff by.epam.vladlitvin.exception.TariffParseException: class by.epam.vladlitvin.parser.UnitParser"findBigDecimal" method. Can be only one real number in quotes or value can be upper then 0 
2017-04-05T14:47:32,477 [main] ERROR vladlitvin.parser.TariffParser - Can't find correct data for create Tariff by.epam.vladlitvin.exception.TariffParseException: class by.epam.vladlitvin.parser.PriceParser Illegal data format in "findCallPrice" method. 
2017-04-05T14:47:32,480 [main] INFO vladlitvin.reader.TariffFileReader - With file resources/clients.txtread: 
Client [clientName="Владимир_Петрович";tariffName ="Для_умного_дома";];Client [clientName="Макс";tariffName ="Для_умного_дома";];Client [clientName="Лёша";tariffName ="ГугЛить_не_перегуглить";];Client [clientName="Влад";tariffName ="Безграничное_общение";];
2017-04-05T14:47:32,480 [main] INFO vladlitvin.reader.TariffFileReader - With file resources/tariffs.txtread: 
FOR_SMS [ здесь всё будет хорошоSMSPrice {withinNetwork = "0.04";otherNetwork = "0.07";otherCountry = "1";}CallPrice {withinNetwork = "0.04";otherNetwork = "0.07";otherCountry = "1";}InternetPrice {internet = "0.04";}freeSMS = "2000";tariffName = "Для_умного_дома";subscriptionFee = "10";];FOR_SMS [ здесь должна быть ошибкаSMSPrice {withinNetwork = "0.04";otherNetwork = "0.07";otherCountry = "1";}];FOR_CALLS [ здесь не будет ошибкиSMSPrice {withinNetwork = "0.04";otherNetwork = "0.07";otherCountry = "1";}CallPrice {withinNetwork = "0.04";otherNetwork = "0.07";otherCountry = "1";}InternetPrice {internet = "0.04";}freeMinutes = "600";tariffName = "Безграничное_общение";subscriptionFee = "20";];FOR_INTERNET [SMSPrice {withinNetwork = "0.04";otherNetwork = "0.07";otherCountry = "1";}CallPrice {withinNetwork = "0.04";otherNetwork = "0.07";otherCountry = "1";}InternetPrice {internet = "0.04";}freeMegabytes = "3000";tariffName = "Гуглить_не_перегуглить";subscriptionFee = "20";];FOR_INTERNET [ошибочка];
2017-04-05T14:47:32,480 [main] FATAL vladlitvin.reader.TariffFileReader - This file not found java.io.FileNotFoundException: sdfsdf (The system cannot find the file specified)
2017-04-05T14:49:20,651 [main] INFO vladlitvin.reader.TariffFileReader - With file resources\tariffs.txtread: 
FOR_SMS [ здесь всё будет хорошоSMSPrice {withinNetwork = "0.04";otherNetwork = "0.07";otherCountry = "1";}CallPrice {withinNetwork = "0.04";otherNetwork = "0.07";otherCountry = "1";}InternetPrice {internet = "0.04";}freeSMS = "2000";tariffName = "Для_умного_дома";subscriptionFee = "10";];FOR_SMS [ здесь должна быть ошибкаSMSPrice {withinNetwork = "0.04";otherNetwork = "0.07";otherCountry = "1";}];FOR_CALLS [ здесь не будет ошибкиSMSPrice {withinNetwork = "0.04";otherNetwork = "0.07";otherCountry = "1";}CallPrice {withinNetwork = "0.04";otherNetwork = "0.07";otherCountry = "1";}InternetPrice {internet = "0.04";}freeMinutes = "600";tariffName = "Безграничное_общение";subscriptionFee = "20";];FOR_INTERNET [SMSPrice {withinNetwork = "0.04";otherNetwork = "0.07";otherCountry = "1";}CallPrice {withinNetwork = "0.04";otherNetwork = "0.07";otherCountry = "1";}InternetPrice {internet = "0.04";}freeMegabytes = "3000";tariffName = "Гуглить_не_перегуглить";subscriptionFee = "20";];FOR_INTERNET [ошибочка];
2017-04-05T14:49:20,683 [main] ERROR vladlitvin.parser.TariffParser - Can't find correct data for create Tariff by.epam.vladlitvin.exception.TariffParseException: class by.epam.vladlitvin.parser.UnitParser"findBigDecimal" method. Can be only one real number in quotes or value can be upper then 0 
2017-04-05T14:49:20,683 [main] ERROR vladlitvin.parser.TariffParser - Can't find correct data for create Tariff by.epam.vladlitvin.exception.TariffParseException: class by.epam.vladlitvin.parser.PriceParser Illegal data format in "findCallPrice" method. 
2017-04-05T14:49:20,683 [main] ERROR vladlitvin.parser.TariffParser - Can't find correct data for create Tariff by.epam.vladlitvin.exception.TariffParseException: class by.epam.vladlitvin.parser.UnitParser"findBigDecimal" method. Can be only one real number in quotes or value can be upper then 0 
2017-04-05T14:49:20,683 [main] ERROR vladlitvin.parser.TariffParser - Can't find correct data for create Tariff by.epam.vladlitvin.exception.TariffParseException: class by.epam.vladlitvin.parser.UnitParser"findBigDecimal" method. Can be only one real number in quotes or value can be upper then 0 
2017-04-05T14:49:20,683 [main] ERROR vladlitvin.parser.TariffParser - Can't find correct data for create Tariff by.epam.vladlitvin.exception.TariffParseException: class by.epam.vladlitvin.parser.PriceParser Illegal data format in "findCallPrice" method. 
2017-04-05T14:49:20,687 [main] INFO vladlitvin.reader.TariffFileReader - With file resources\clients.txtread: 
Client [clientName="Владимир_Петрович";tariffName ="Для_умного_дома";];Client [clientName="Макс";tariffName ="Для_умного_дома";];Client [clientName="Лёша";tariffName ="ГугЛить_не_перегуглить";];Client [clientName="Влад";tariffName ="Безграничное_общение";];
2017-04-05T14:49:20,687 [main] WARN vladlitvin.parser.ClientParser - Error create Client. 
2017-04-05T14:49:20,687 [main] WARN vladlitvin.parser.ClientParser - Error create Client. 
2017-04-05T14:49:20,687 [main] WARN vladlitvin.parser.ClientParser - Error create Client. 
2017-04-05T14:49:20,687 [main] WARN vladlitvin.parser.ClientParser - Error create Client. 
2017-04-05T14:49:52,466 [main] INFO vladlitvin.reader.TariffFileReader - With file resources\tariffs.txtread: 
FOR_SMS [ здесь всё будет хорошоSMSPrice {withinNetwork = "0.04";otherNetwork = "0.07";otherCountry = "1";}CallPrice {withinNetwork = "0.04";otherNetwork = "0.07";otherCountry = "1";}InternetPrice {internet = "0.04";}freeSMS = "2000";tariffName = "Для_умного_дома";subscriptionFee = "10";];FOR_SMS [ здесь должна быть ошибкаSMSPrice {withinNetwork = "0.04";otherNetwork = "0.07";otherCountry = "1";}];FOR_CALLS [ здесь не будет ошибкиSMSPrice {withinNetwork = "0.04";otherNetwork = "0.07";otherCountry = "1";}CallPrice {withinNetwork = "0.04";otherNetwork = "0.07";otherCountry = "1";}InternetPrice {internet = "0.04";}freeMinutes = "600";tariffName = "Безграничное_общение";subscriptionFee = "20";];FOR_INTERNET [SMSPrice {withinNetwork = "0.04";otherNetwork = "0.07";otherCountry = "1";}CallPrice {withinNetwork = "0.04";otherNetwork = "0.07";otherCountry = "1";}InternetPrice {internet = "0.04";}freeMegabytes = "3000";tariffName = "Гуглить_не_перегуглить";subscriptionFee = "20";];FOR_INTERNET [ошибочка];
2017-04-05T14:49:52,501 [main] ERROR vladlitvin.parser.TariffParser - Can't find correct data for create Tariff by.epam.vladlitvin.exception.TariffParseException: class by.epam.vladlitvin.parser.PriceParser Illegal data format in "findCallPrice" method. 
2017-04-05T14:49:52,505 [main] ERROR vladlitvin.parser.TariffParser - Can't find correct data for create Tariff by.epam.vladlitvin.exception.TariffParseException: class by.epam.vladlitvin.parser.PriceParser Illegal data format in "findCallPrice" method. 
2017-04-05T14:49:52,506 [main] INFO vladlitvin.reader.TariffFileReader - With file resources\clients.txtread: 
Client [clientName="Владимир_Петрович";tariffName ="Для_умного_дома";];Client [clientName="Макс";tariffName ="Для_умного_дома";];Client [clientName="Лёша";tariffName ="ГугЛить_не_перегуглить";];Client [clientName="Влад";tariffName ="Безграничное_общение";];
2017-04-05T14:50:17,299 [main] INFO vladlitvin.reader.TariffFileReader - With file resources/tariffs.txtread: 
FOR_SMS [ здесь всё будет хорошоSMSPrice {withinNetwork = "0.04";otherNetwork = "0.07";otherCountry = "1";}CallPrice {withinNetwork = "0.04";otherNetwork = "0.07";otherCountry = "1";}InternetPrice {internet = "0.04";}freeSMS = "2000";tariffName = "Для_умного_дома";subscriptionFee = "10";];FOR_SMS [ здесь должна быть ошибкаSMSPrice {withinNetwork = "0.04";otherNetwork = "0.07";otherCountry = "1";}];FOR_CALLS [ здесь не будет ошибкиSMSPrice {withinNetwork = "0.04";otherNetwork = "0.07";otherCountry = "1";}CallPrice {withinNetwork = "0.04";otherNetwork = "0.07";otherCountry = "1";}InternetPrice {internet = "0.04";}freeMinutes = "600";tariffName = "Безграничное_общение";subscriptionFee = "20";];FOR_INTERNET [SMSPrice {withinNetwork = "0.04";otherNetwork = "0.07";otherCountry = "1";}CallPrice {withinNetwork = "0.04";otherNetwork = "0.07";otherCountry = "1";}InternetPrice {internet = "0.04";}freeMegabytes = "3000";tariffName = "Гуглить_не_перегуглить";subscriptionFee = "20";];FOR_INTERNET [ошибочка];
2017-04-05T14:50:17,335 [main] ERROR vladlitvin.parser.TariffParser - Can't find correct data for create Tariff by.epam.vladlitvin.exception.TariffParseException: class by.epam.vladlitvin.parser.PriceParser Illegal data format in "findCallPrice" method. 
2017-04-05T14:50:17,339 [main] ERROR vladlitvin.parser.TariffParser - Can't find correct data for create Tariff by.epam.vladlitvin.exception.TariffParseException: class by.epam.vladlitvin.parser.PriceParser Illegal data format in "findCallPrice" method. 
2017-04-05T14:50:17,343 [main] INFO vladlitvin.reader.TariffFileReader - With file resources/tariffs.txtread: 
FOR_SMS [ здесь всё будет хорошоSMSPrice {withinNetwork = "0.04";otherNetwork = "0.07";otherCountry = "1";}CallPrice {withinNetwork = "0.04";otherNetwork = "0.07";otherCountry = "1";}InternetPrice {internet = "0.04";}freeSMS = "2000";tariffName = "Для_умного_дома";subscriptionFee = "10";];FOR_SMS [ здесь должна быть ошибкаSMSPrice {withinNetwork = "0.04";otherNetwork = "0.07";otherCountry = "1";}];FOR_CALLS [ здесь не будет ошибкиSMSPrice {withinNetwork = "0.04";otherNetwork = "0.07";otherCountry = "1";}CallPrice {withinNetwork = "0.04";otherNetwork = "0.07";otherCountry = "1";}InternetPrice {internet = "0.04";}freeMinutes = "600";tariffName = "Безграничное_общение";subscriptionFee = "20";];FOR_INTERNET [SMSPrice {withinNetwork = "0.04";otherNetwork = "0.07";otherCountry = "1";}CallPrice {withinNetwork = "0.04";otherNetwork = "0.07";otherCountry = "1";}InternetPrice {internet = "0.04";}freeMegabytes = "3000";tariffName = "Гуглить_не_перегуглить";subscriptionFee = "20";];FOR_INTERNET [ошибочка];
2017-04-05T14:50:17,343 [main] ERROR vladlitvin.parser.TariffParser - Can't find correct data for create Tariff by.epam.vladlitvin.exception.TariffParseException: class by.epam.vladlitvin.parser.PriceParser Illegal data format in "findCallPrice" method. 
2017-04-05T14:50:17,347 [main] ERROR vladlitvin.parser.TariffParser - Can't find correct data for create Tariff by.epam.vladlitvin.exception.TariffParseException: class by.epam.vladlitvin.parser.PriceParser Illegal data format in "findCallPrice" method. 
2017-04-05T14:50:17,351 [main] INFO vladlitvin.reader.TariffFileReader - With file resources/tariffs.txtread: 
FOR_SMS [ здесь всё будет хорошоSMSPrice {withinNetwork = "0.04";otherNetwork = "0.07";otherCountry = "1";}CallPrice {withinNetwork = "0.04";otherNetwork = "0.07";otherCountry = "1";}InternetPrice {internet = "0.04";}freeSMS = "2000";tariffName = "Для_умного_дома";subscriptionFee = "10";];FOR_SMS [ здесь должна быть ошибкаSMSPrice {withinNetwork = "0.04";otherNetwork = "0.07";otherCountry = "1";}];FOR_CALLS [ здесь не будет ошибкиSMSPrice {withinNetwork = "0.04";otherNetwork = "0.07";otherCountry = "1";}CallPrice {withinNetwork = "0.04";otherNetwork = "0.07";otherCountry = "1";}InternetPrice {internet = "0.04";}freeMinutes = "600";tariffName = "Безграничное_общение";subscriptionFee = "20";];FOR_INTERNET [SMSPrice {withinNetwork = "0.04";otherNetwork = "0.07";otherCountry = "1";}CallPrice {withinNetwork = "0.04";otherNetwork = "0.07";otherCountry = "1";}InternetPrice {internet = "0.04";}freeMegabytes = "3000";tariffName = "Гуглить_не_перегуглить";subscriptionFee = "20";];FOR_INTERNET [ошибочка];
2017-04-05T14:50:17,351 [main] ERROR vladlitvin.parser.TariffParser - Can't find correct data for create Tariff by.epam.vladlitvin.exception.TariffParseException: class by.epam.vladlitvin.parser.PriceParser Illegal data format in "findCallPrice" method. 
2017-04-05T14:50:17,355 [main] ERROR vladlitvin.parser.TariffParser - Can't find correct data for create Tariff by.epam.vladlitvin.exception.TariffParseException: class by.epam.vladlitvin.parser.PriceParser Illegal data format in "findCallPrice" method. 
2017-04-05T14:50:17,355 [main] INFO vladlitvin.reader.TariffFileReader - With file resources/tariffs.txtread: 
FOR_SMS [ здесь всё будет хорошоSMSPrice {withinNetwork = "0.04";otherNetwork = "0.07";otherCountry = "1";}CallPrice {withinNetwork = "0.04";otherNetwork = "0.07";otherCountry = "1";}InternetPrice {internet = "0.04";}freeSMS = "2000";tariffName = "Для_умного_дома";subscriptionFee = "10";];FOR_SMS [ здесь должна быть ошибкаSMSPrice {withinNetwork = "0.04";otherNetwork = "0.07";otherCountry = "1";}];FOR_CALLS [ здесь не будет ошибкиSMSPrice {withinNetwork = "0.04";otherNetwork = "0.07";otherCountry = "1";}CallPrice {withinNetwork = "0.04";otherNetwork = "0.07";otherCountry = "1";}InternetPrice {internet = "0.04";}freeMinutes = "600";tariffName = "Безграничное_общение";subscriptionFee = "20";];FOR_INTERNET [SMSPrice {withinNetwork = "0.04";otherNetwork = "0.07";otherCountry = "1";}CallPrice {withinNetwork = "0.04";otherNetwork = "0.07";otherCountry = "1";}InternetPrice {internet = "0.04";}freeMegabytes = "3000";tariffName = "Гуглить_не_перегуглить";subscriptionFee = "20";];FOR_INTERNET [ошибочка];
2017-04-05T14:50:17,359 [main] ERROR vladlitvin.parser.TariffParser - Can't find correct data for create Tariff by.epam.vladlitvin.exception.TariffParseException: class by.epam.vladlitvin.parser.PriceParser Illegal data format in "findCallPrice" method. 
2017-04-05T14:50:17,359 [main] ERROR vladlitvin.parser.TariffParser - Can't find correct data for create Tariff by.epam.vladlitvin.exception.TariffParseException: class by.epam.vladlitvin.parser.PriceParser Illegal data format in "findCallPrice" method. 
2017-04-05T14:50:17,363 [main] INFO vladlitvin.reader.TariffFileReader - With file resources\tariffs.txtread: 
FOR_SMS [ здесь всё будет хорошоSMSPrice {withinNetwork = "0.04";otherNetwork = "0.07";otherCountry = "1";}CallPrice {withinNetwork = "0.04";otherNetwork = "0.07";otherCountry = "1";}InternetPrice {internet = "0.04";}freeSMS = "2000";tariffName = "Для_умного_дома";subscriptionFee = "10";];FOR_SMS [ здесь должна быть ошибкаSMSPrice {withinNetwork = "0.04";otherNetwork = "0.07";otherCountry = "1";}];FOR_CALLS [ здесь не будет ошибкиSMSPrice {withinNetwork = "0.04";otherNetwork = "0.07";otherCountry = "1";}CallPrice {withinNetwork = "0.04";otherNetwork = "0.07";otherCountry = "1";}InternetPrice {internet = "0.04";}freeMinutes = "600";tariffName = "Безграничное_общение";subscriptionFee = "20";];FOR_INTERNET [SMSPrice {withinNetwork = "0.04";otherNetwork = "0.07";otherCountry = "1";}CallPrice {withinNetwork = "0.04";otherNetwork = "0.07";otherCountry = "1";}InternetPrice {internet = "0.04";}freeMegabytes = "3000";tariffName = "Гуглить_не_перегуглить";subscriptionFee = "20";];FOR_INTERNET [ошибочка];
2017-04-05T14:50:17,363 [main] ERROR vladlitvin.parser.TariffParser - Can't find correct data for create Tariff by.epam.vladlitvin.exception.TariffParseException: class by.epam.vladlitvin.parser.PriceParser Illegal data format in "findCallPrice" method. 
2017-04-05T14:50:17,363 [main] ERROR vladlitvin.parser.TariffParser - Can't find correct data for create Tariff by.epam.vladlitvin.exception.TariffParseException: class by.epam.vladlitvin.parser.PriceParser Illegal data format in "findCallPrice" method. 
2017-04-05T14:50:17,363 [main] INFO vladlitvin.reader.TariffFileReader - With file resources\clients.txtread: 
Client [clientName="Владимир_Петрович";tariffName ="Для_умного_дома";];Client [clientName="Макс";tariffName ="Для_умного_дома";];Client [clientName="Лёша";tariffName ="ГугЛить_не_перегуглить";];Client [clientName="Влад";tariffName ="Безграничное_общение";];
2017-04-05T14:50:17,372 [main] INFO vladlitvin.reader.TariffFileReader - With file resources\clients.txtread: 
Client [clientName="Владимир_Петрович";tariffName ="Для_умного_дома";];Client [clientName="Макс";tariffName ="Для_умного_дома";];Client [clientName="Лёша";tariffName ="ГугЛить_не_перегуглить";];Client [clientName="Влад";tariffName ="Безграничное_общение";];
2017-04-05T14:50:17,373 [main] WARN vladlitvin.parser.ClientParser - Error create Client. 
2017-04-05T14:50:17,373 [main] WARN vladlitvin.parser.ClientParser - Error create Client. 
2017-04-05T14:50:17,374 [main] WARN vladlitvin.parser.ClientParser - Error create Client. 
2017-04-05T14:50:17,374 [main] WARN vladlitvin.parser.ClientParser - Error create Client. 
2017-04-05T14:50:17,375 [main] INFO vladlitvin.reader.TariffFileReader - With file resources\tariffs.txtread: 
FOR_SMS [ здесь всё будет хорошоSMSPrice {withinNetwork = "0.04";otherNetwork = "0.07";otherCountry = "1";}CallPrice {withinNetwork = "0.04";otherNetwork = "0.07";otherCountry = "1";}InternetPrice {internet = "0.04";}freeSMS = "2000";tariffName = "Для_умного_дома";subscriptionFee = "10";];FOR_SMS [ здесь должна быть ошибкаSMSPrice {withinNetwork = "0.04";otherNetwork = "0.07";otherCountry = "1";}];FOR_CALLS [ здесь не будет ошибкиSMSPrice {withinNetwork = "0.04";otherNetwork = "0.07";otherCountry = "1";}CallPrice {withinNetwork = "0.04";otherNetwork = "0.07";otherCountry = "1";}InternetPrice {internet = "0.04";}freeMinutes = "600";tariffName = "Безграничное_общение";subscriptionFee = "20";];FOR_INTERNET [SMSPrice {withinNetwork = "0.04";otherNetwork = "0.07";otherCountry = "1";}CallPrice {withinNetwork = "0.04";otherNetwork = "0.07";otherCountry = "1";}InternetPrice {internet = "0.04";}freeMegabytes = "3000";tariffName = "Гуглить_не_перегуглить";subscriptionFee = "20";];FOR_INTERNET [ошибочка];
2017-04-05T14:50:17,375 [main] ERROR vladlitvin.parser.TariffParser - Can't find correct data for create Tariff by.epam.vladlitvin.exception.TariffParseException: class by.epam.vladlitvin.parser.PriceParser Illegal data format in "findCallPrice" method. 
2017-04-05T14:50:17,376 [main] ERROR vladlitvin.parser.TariffParser - Can't find correct data for create Tariff by.epam.vladlitvin.exception.TariffParseException: class by.epam.vladlitvin.parser.PriceParser Illegal data format in "findCallPrice" method. 
2017-04-05T14:50:17,377 [main] INFO vladlitvin.reader.TariffFileReader - With file resources/clients.txtread: 
Client [clientName="Владимир_Петрович";tariffName ="Для_умного_дома";];Client [clientName="Макс";tariffName ="Для_умного_дома";];Client [clientName="Лёша";tariffName ="ГугЛить_не_перегуглить";];Client [clientName="Влад";tariffName ="Безграничное_общение";];
2017-04-05T14:50:17,378 [main] INFO vladlitvin.reader.TariffFileReader - With file resources/tariffs.txtread: 
FOR_SMS [ здесь всё будет хорошоSMSPrice {withinNetwork = "0.04";otherNetwork = "0.07";otherCountry = "1";}CallPrice {withinNetwork = "0.04";otherNetwork = "0.07";otherCountry = "1";}InternetPrice {internet = "0.04";}freeSMS = "2000";tariffName = "Для_умного_дома";subscriptionFee = "10";];FOR_SMS [ здесь должна быть ошибкаSMSPrice {withinNetwork = "0.04";otherNetwork = "0.07";otherCountry = "1";}];FOR_CALLS [ здесь не будет ошибкиSMSPrice {withinNetwork = "0.04";otherNetwork = "0.07";otherCountry = "1";}CallPrice {withinNetwork = "0.04";otherNetwork = "0.07";otherCountry = "1";}InternetPrice {internet = "0.04";}freeMinutes = "600";tariffName = "Безграничное_общение";subscriptionFee = "20";];FOR_INTERNET [SMSPrice {withinNetwork = "0.04";otherNetwork = "0.07";otherCountry = "1";}CallPrice {withinNetwork = "0.04";otherNetwork = "0.07";otherCountry = "1";}InternetPrice {internet = "0.04";}freeMegabytes = "3000";tariffName = "Гуглить_не_перегуглить";subscriptionFee = "20";];FOR_INTERNET [ошибочка];
2017-04-05T14:50:17,379 [main] FATAL vladlitvin.reader.TariffFileReader - This file not found java.io.FileNotFoundException: sdfsdf (The system cannot find the file specified)
